Log file open, 08/18/20 17:23:36
LogWindows: Failed to load 'aqProf.dll' (GetLastError=126)
LogWindows: File 'aqProf.dll' does not exist
LogWindows: Failed to load 'VtuneApi.dll' (GetLastError=126)
LogWindows: File 'VtuneApi.dll' does not exist
LogWindows: Failed to load 'VtuneApi32e.dll' (GetLastError=126)
LogWindows: File 'VtuneApi32e.dll' does not exist
LogConsoleResponse: Display: Failed to find resolution value strings in scalability ini. Falling back to default.
LogInit: Display: Running engine for game: Myeou
LogPlatformFile: Not using cached read wrapper
LogTaskGraph: Started task graph with 5 named threads and 23 total threads with 3 sets of task threads.
LogStats: Stats thread started at 0.090972
LogD3D11RHI: Loaded GFSDK_Aftermath_Lib.x64.dll
LogICUInternationalization: ICU TimeZone Detection - Raw Offset: -4:00, Platform Override: ''
LogPluginManager: Mounting plugin Paper2D
LogPluginManager: Mounting plugin AISupport
LogPluginManager: Mounting plugin LightPropagationVolume
LogPluginManager: Mounting plugin ActorLayerUtilities
LogPluginManager: Mounting plugin AnimationSharing
LogPluginManager: Mounting plugin CLionSourceCodeAccess
LogPluginManager: Mounting plugin CodeLiteSourceCodeAccess
LogPluginManager: Mounting plugin GitSourceControl
LogPluginManager: Mounting plugin KDevelopSourceCodeAccess
LogPluginManager: Mounting plugin NullSourceCodeAccess
LogPluginManager: Mounting plugin PerforceSourceControl
LogPluginManager: Mounting plugin PlasticSourceControl
LogPluginManager: Mounting plugin SubversionSourceControl
LogPluginManager: Mounting plugin UObjectPlugin
LogPluginManager: Mounting plugin VisualStudioCodeSourceCodeAccess
LogPluginManager: Mounting plugin VisualStudioSourceCodeAccess
LogPluginManager: Mounting plugin XCodeSourceCodeAccess
LogPluginManager: Mounting plugin AssetManagerEditor
LogPluginManager: Mounting plugin CryptoKeys
LogPluginManager: Mounting plugin CurveEditorTools
LogPluginManager: Mounting plugin DataValidation
LogPluginManager: Mounting plugin FacialAnimation
LogPluginManager: Mounting plugin GameplayTagsEditor
LogPluginManager: Mounting plugin MacGraphicsSwitching
LogPluginManager: Mounting plugin MaterialAnalyzer
LogPluginManager: Mounting plugin MobileLauncherProfileWizard
LogPluginManager: Mounting plugin PluginBrowser
LogPluginManager: Mounting plugin SpeedTreeImporter
LogPluginManager: Mounting plugin DatasmithContent
LogPluginManager: Mounting plugin VariantManagerContent
LogPluginManager: Mounting plugin AlembicImporter
LogPluginManager: Mounting plugin AutomationUtils
LogPluginManager: Mounting plugin BackChannel
LogPluginManager: Mounting plugin CharacterAI
LogPluginManager: Mounting plugin GeometryCache
LogPluginManager: Mounting plugin PlatformCrypto
LogPluginManager: Mounting plugin ProxyLODPlugin
LogPluginManager: Mounting plugin SkeletalReduction
LogPluginManager: Mounting plugin MagicLeap
LogPluginManager: Mounting plugin MagicLeapMedia
LogPluginManager: Mounting plugin MLSDK
LogPluginManager: Mounting plugin AndroidMedia
LogPluginManager: Mounting plugin AvfMedia
LogPluginManager: Mounting plugin ImgMedia
LogPluginManager: Mounting plugin MediaCompositing
LogPluginManager: Mounting plugin MediaPlayerEditor
LogPluginManager: Mounting plugin WebMMedia
LogPluginManager: Mounting plugin WmfMedia
LogPluginManager: Mounting plugin TcpMessaging
LogPluginManager: Mounting plugin UdpMessaging
LogPluginManager: Mounting plugin ActorSequence
LogPluginManager: Mounting plugin LevelSequenceEditor
LogPluginManager: Mounting plugin MatineeToLevelSequence
LogPluginManager: Mounting plugin NetcodeUnitTest
LogPluginManager: Mounting plugin NUTUnrealEngine4
LogPluginManager: Mounting plugin OnlineSubsystemGooglePlay
LogPluginManager: Mounting plugin OnlineSubsystemIOS
LogPluginManager: Mounting plugin OnlineSubsystem
LogPluginManager: Mounting plugin OnlineSubsystemNull
LogPluginManager: Mounting plugin OnlineSubsystemUtils
LogPluginManager: Mounting plugin LauncherChunkInstaller
LogPluginManager: Mounting plugin AndroidDeviceProfileSelector
LogPluginManager: Mounting plugin AndroidMoviePlayer
LogPluginManager: Mounting plugin AndroidPermission
LogPluginManager: Mounting plugin AppleImageUtils
LogPluginManager: Mounting plugin AppleMoviePlayer
LogPluginManager: Mounting plugin ArchVisCharacter
LogPluginManager: Mounting plugin AssetTags
LogPluginManager: Mounting plugin AudioCapture
LogPluginManager: Mounting plugin CableComponent
LogPluginManager: Mounting plugin CustomMeshComponent
LogPluginManager: Mounting plugin EditableMesh
LogPluginManager: Mounting plugin ExampleDeviceProfileSelector
LogPluginManager: Mounting plugin GoogleCloudMessaging
LogPluginManager: Mounting plugin IOSDeviceProfileSelector
LogPluginManager: Mounting plugin LinuxDeviceProfileSelector
LogPluginManager: Mounting plugin LocationServicesBPLibrary
LogPluginManager: Mounting plugin MobilePatchingUtils
LogPluginManager: Mounting plugin OculusVR
LogPluginManager: Mounting plugin PhysXVehicles
LogPluginManager: Mounting plugin PostSplashScreen
LogPluginManager: Mounting plugin ProceduralMeshComponent
LogPluginManager: Mounting plugin RuntimePhysXCooking
LogPluginManager: Mounting plugin SignificanceManager
LogPluginManager: Mounting plugin SteamVR
LogPluginManager: Mounting plugin WebMMoviePlayer
LogPluginManager: Mounting plugin WindowsMoviePlayer
LogPluginManager: Mounting plugin ScreenshotTools
LogInit: Using libcurl 7.55.1-DEV
LogInit:  - built for x86_64-pc-win32
LogInit:  - supports SSL with OpenSSL/1.1.1
LogInit:  - supports HTTP deflate (compression) using libz 1.2.8
LogInit:  - other features:
LogInit:      CURL_VERSION_SSL
LogInit:      CURL_VERSION_LIBZ
LogInit:      CURL_VERSION_IPV6
LogInit:      CURL_VERSION_ASYNCHDNS
LogInit:      CURL_VERSION_LARGEFILE
LogInit:      CURL_VERSION_IDN
LogInit:  CurlRequestOptions (configurable via config and command line):
LogInit:  - bVerifyPeer = true  - Libcurl will verify peer certificate
LogInit:  - bUseHttpProxy = false  - Libcurl will NOT use HTTP proxy
LogInit:  - bDontReuseConnections = false  - Libcurl will reuse connections
LogInit:  - MaxHostConnections = 16  - Libcurl will limit the number of connections to a host
LogInit:  - LocalHostAddr = Default
LogInit:  - BufferSize = 65536
LogOnline: OSS: Creating online subsystem instance for: NULL
LogInit: WinSock: version 1.1 (2.2), MaxSocks=32767, MaxUdp=65467
LogOnline: OSS: TryLoadSubsystemAndSetDefault: Loaded subsystem for module [NULL]
LogInit: Build: ++UE4+Release-4.24-CL-11590370
LogInit: Engine Version: 4.24.3-11590370+++UE4+Release-4.24
LogInit: Compatible Engine Version: 4.24.0-10570792+++UE4+Release-4.24
LogInit: Net CL: 10570792
LogInit: OS: Windows 10 (Release 2004) (), CPU: Intel(R) Core(TM) i7-6700 CPU @ 3.40GHz, GPU: AMD Radeon (TM) R7 370 Series Graphics
LogInit: Compiled (64-bit): Feb 24 2020 15:39:18
LogInit: Compiled with Visual C++: 19.16.27032.01
LogInit: Build Configuration: Development
LogInit: Branch Name: ++UE4+Release-4.24
LogInit: Command Line: 
LogInit: Base Directory: D:/Unreal Engine/UE_4.24/Engine/Binaries/Win64/
LogInit: Installed Engine Build: 1
LogDevObjectVersion: Number of dev versions registered: 25
LogDevObjectVersion:   Dev-Blueprints (B0D832E4-1F89-4F0D-ACCF-7EB736FD4AA2): 10
LogDevObjectVersion:   Dev-Build (E1C64328-A22C-4D53-A36C-8E866417BD8C): 0
LogDevObjectVersion:   Dev-Core (375EC13C-06E4-48FB-B500-84F0262A717E): 3
LogDevObjectVersion:   Dev-Editor (E4B068ED-F494-42E9-A231-DA0B2E46BB41): 37
LogDevObjectVersion:   Dev-Framework (CFFC743F-43B0-4480-9391-14DF171D2073): 36
LogDevObjectVersion:   Dev-Mobile (B02B49B5-BB20-44E9-A304-32B752E40360): 2
LogDevObjectVersion:   Dev-Networking (A4E4105C-59A1-49B5-A7C5-40C4547EDFEE): 0
LogDevObjectVersion:   Dev-Online (39C831C9-5AE6-47DC-9A44-9C173E1C8E7C): 0
LogDevObjectVersion:   Dev-Physics (78F01B33-EBEA-4F98-B9B4-84EACCB95AA2): 2
LogDevObjectVersion:   Dev-Platform (6631380F-2D4D-43E0-8009-CF276956A95A): 0
LogDevObjectVersion:   Dev-Rendering (12F88B9F-8875-4AFC-A67C-D90C383ABD29): 36
LogDevObjectVersion:   Dev-Sequencer (7B5AE74C-D270-4C10-A958-57980B212A5A): 11
LogDevObjectVersion:   Dev-VR (D7296918-1DD6-4BDD-9DE2-64A83CC13884): 2
LogDevObjectVersion:   Dev-LoadTimes (C2A15278-BFE7-4AFE-6C17-90FF531DF755): 1
LogDevObjectVersion:   Private-Geometry (6EACA3D4-40EC-4CC1-B786-8BED09428FC5): 3
LogDevObjectVersion:   Dev-AnimPhys (29E575DD-E0A3-4627-9D10-D276232CDCEA): 17
LogDevObjectVersion:   Dev-Anim (AF43A65D-7FD3-4947-9873-3E8ED9C1BB05): 2
LogDevObjectVersion:   Dev-ReflectionCapture (6B266CEC-1EC7-4B8F-A30B-E4D90942FC07): 1
LogDevObjectVersion:   Dev-Automation (0DF73D61-A23F-47EA-B727-89E90C41499A): 1
LogDevObjectVersion:   FortniteMain (601D1886-AC64-4F84-AA16-D3DE0DEAC7D6): 31
LogDevObjectVersion:   Dev-Enterprise (9DFFBCD6-494F-0158-E221-12823C92A888): 8
LogDevObjectVersion:   Dev-Niagara (F2AED0AC-9AFE-416F-8664-AA7FFA26D6FC): 1
LogDevObjectVersion:   Dev-Destruction (174F1F0B-B4C6-45A5-B13F-2EE8D0FB917D): 9
LogDevObjectVersion:   Dev-Physics-Ext (35F94A83-E258-406C-A318-09F59610247C): 8
LogDevObjectVersion:   Dev-CineCamera (B2E18506-4273-CFC2-A54E-F4BB758BBA07): 1
LogInit: Presizing for max 25165824 objects, including 0 objects not considered by GC, pre-allocating 0 bytes for permanent pool.
LogInit: Object subsystem initialized
LogConfig: Setting CVar [[con.DebugEarlyDefault:1]]
LogConfig: Setting CVar [[r.setres:1280x720]]
[2020.08.18-21.23.36:973][  0]LogConfig: Setting CVar [[r.VSync:0]]
[2020.08.18-21.23.36:973][  0]LogConfig: Setting CVar [[r.RHICmdBypass:0]]
[2020.08.18-21.23.36:973][  0]LogConfig: Applying CVar settings from Section [/Script/Engine.RendererSettings] File [E:/Tilinka Interactive/Myeou/1.1/Myeou/Product/Myeou/Saved/Config/Windows/Engine.ini]
[2020.08.18-21.23.36:973][  0]LogConfig: Setting CVar [[r.GPUCrashDebugging:0]]
[2020.08.18-21.23.36:973][  0]LogConfig: Setting CVar [[r.MobileHDR:0]]
[2020.08.18-21.23.36:973][  0]LogConfig: Setting CVar [[r.Mobile.DisableVertexFog:1]]
[2020.08.18-21.23.36:973][  0]LogConfig: Setting CVar [[r.Shadow.CSM.MaxMobileCascades:2]]
[2020.08.18-21.23.36:973][  0]LogConfig: Setting CVar [[r.MobileMSAA:1]]
[2020.08.18-21.23.36:973][  0]LogConfig: Setting CVar [[r.Mobile.UseLegacyShadingModel:0]]
[2020.08.18-21.23.36:973][  0]LogConfig: Setting CVar [[r.Mobile.UseHWsRGBEncoding:0]]
[2020.08.18-21.23.36:973][  0]LogConfig: Setting CVar [[r.Mobile.AllowDitheredLODTransition:0]]
[2020.08.18-21.23.36:973][  0]LogConfig: Setting CVar [[r.Mobile.AllowSoftwareOcclusion:0]]
[2020.08.18-21.23.36:973][  0]LogConfig: Setting CVar [[r.DiscardUnusedQuality:0]]
[2020.08.18-21.23.36:973][  0]LogConfig: Setting CVar [[r.AllowOcclusionQueries:1]]
[2020.08.18-21.23.36:973][  0]LogConfig: Setting CVar [[r.MinScreenRadiusForLights:0.030000]]
[2020.08.18-21.23.36:973][  0]LogConfig: Setting CVar [[r.MinScreenRadiusForDepthPrepass:0.030000]]
[2020.08.18-21.23.36:973][  0]LogConfig: Setting CVar [[r.MinScreenRadiusForCSMDepth:0.010000]]
[2020.08.18-21.23.36:974][  0]LogConfig: Setting CVar [[r.PrecomputedVisibilityWarning:0]]
[2020.08.18-21.23.36:974][  0]LogConfig: Setting CVar [[r.TextureStreaming:1]]
[2020.08.18-21.23.36:974][  0]LogConfig: Setting CVar [[Compat.UseDXT5NormalMaps:0]]
[2020.08.18-21.23.36:974][  0]LogConfig: Setting CVar [[r.VirtualTextures:0]]
[2020.08.18-21.23.36:974][  0]LogConfig: Setting CVar [[r.VirtualTexturedLightmaps:0]]
[2020.08.18-21.23.36:974][  0]LogConfig: Setting CVar [[r.VT.TileSize:128]]
[2020.08.18-21.23.36:974][  0]LogConfig: Setting CVar [[r.VT.TileBorderSize:4]]
[2020.08.18-21.23.36:974][  0]LogConfig: Setting CVar [[r.vt.FeedbackFactor:16]]
[2020.08.18-21.23.36:974][  0]LogConfig: Setting CVar [[r.VT.EnableCompressZlib:1]]
[2020.08.18-21.23.36:974][  0]LogConfig: Setting CVar [[r.VT.EnableCompressCrunch:0]]
[2020.08.18-21.23.36:974][  0]LogConfig: Setting CVar [[r.ClearCoatNormal:0]]
[2020.08.18-21.23.36:974][  0]LogConfig: Setting CVar [[r.ReflectionCaptureResolution:128]]
[2020.08.18-21.23.36:974][  0]LogConfig: Setting CVar [[r.ReflectionEnvironmentLightmapMixBasedOnRoughness:1]]
[2020.08.18-21.23.36:974][  0]LogConfig: Setting CVar [[r.ForwardShading:0]]
[2020.08.18-21.23.36:974][  0]LogConfig: Setting CVar [[r.VertexFoggingForOpaque:1]]
[2020.08.18-21.23.36:974][  0]LogConfig: Setting CVar [[r.AllowStaticLighting:1]]
[2020.08.18-21.23.36:974][  0]LogConfig: Setting CVar [[r.NormalMapsForStaticLighting:0]]
[2020.08.18-21.23.36:974][  0]LogConfig: Setting CVar [[r.GenerateMeshDistanceFields:0]]
[2020.08.18-21.23.36:974][  0]LogConfig: Setting CVar [[r.DistanceFieldBuild.EightBit:0]]
[2020.08.18-21.23.36:974][  0]LogConfig: Setting CVar [[r.GenerateLandscapeGIData:0]]
[2020.08.18-21.23.36:974][  0]LogConfig: Setting CVar [[r.DistanceFieldBuild.Compress:0]]
[2020.08.18-21.23.36:974][  0]LogConfig: Setting CVar [[r.TessellationAdaptivePixelsPerTriangle:48.000000]]
[2020.08.18-21.23.36:974][  0]LogConfig: Setting CVar [[r.SeparateTranslucency:0]]
[2020.08.18-21.23.36:974][  0]LogConfig: Setting CVar [[r.TranslucentSortPolicy:0]]
[2020.08.18-21.23.36:974][  0]LogConfig: Setting CVar [[r.CustomDepth:1]]
[2020.08.18-21.23.36:974][  0]LogConfig: Setting CVar [[r.CustomDepthTemporalAAJitter:1]]
[2020.08.18-21.23.36:974][  0]LogConfig: Setting CVar [[r.PostProcessing.PropagateAlpha:0]]
[2020.08.18-21.23.36:974][  0]LogConfig: Setting CVar [[r.DefaultFeature.Bloom:0]]
[2020.08.18-21.23.36:974][  0]LogConfig: Setting CVar [[r.DefaultFeature.AmbientOcclusion:0]]
[2020.08.18-21.23.36:974][  0]LogConfig: Setting CVar [[r.DefaultFeature.AmbientOcclusionStaticFraction:1]]
[2020.08.18-21.23.36:974][  0]LogConfig: Setting CVar [[r.DefaultFeature.AutoExposure:0]]
[2020.08.18-21.23.36:974][  0]LogConfig: Setting CVar [[r.DefaultFeature.AutoExposure.Method:0]]
[2020.08.18-21.23.36:974][  0]LogConfig: Setting CVar [[r.DefaultFeature.AutoExposure.ExtendDefaultLuminanceRange:0]]
[2020.08.18-21.23.36:974][  0]LogConfig: Setting CVar [[r.UsePreExposure:1]]
[2020.08.18-21.23.36:974][  0]LogConfig: Setting CVar [[r.EyeAdaptation.EditorOnly:1]]
[2020.08.18-21.23.36:974][  0]LogConfig: Setting CVar [[r.DefaultFeature.MotionBlur:0]]
[2020.08.18-21.23.36:974][  0]LogConfig: Setting CVar [[r.DefaultFeature.LensFlare:0]]
[2020.08.18-21.23.36:974][  0]LogConfig: Setting CVar [[r.TemporalAA.Upsampling:0]]
[2020.08.18-21.23.36:974][  0]LogConfig: Setting CVar [[r.SSGI.Enable:0]]
[2020.08.18-21.23.36:974][  0]LogConfig: Setting CVar [[r.DefaultFeature.AntiAliasing:0]]
[2020.08.18-21.23.36:974][  0]LogConfig: Setting CVar [[r.DefaultFeature.LightUnits:1]]
[2020.08.18-21.23.36:974][  0]LogConfig: Setting CVar [[r.DefaultBackBufferPixelFormat:4]]
[2020.08.18-21.23.36:974][  0]LogConfig: Setting CVar [[r.Shadow.UnbuiltPreviewInGame:1]]
[2020.08.18-21.23.36:974][  0]LogConfig: Setting CVar [[r.StencilForLODDither:0]]
[2020.08.18-21.23.36:974][  0]LogConfig: Setting CVar [[r.EarlyZPass:3]]
[2020.08.18-21.23.36:974][  0]LogConfig: Setting CVar [[r.EarlyZPassOnlyMaterialMasking:0]]
[2020.08.18-21.23.36:974][  0]LogConfig: Setting CVar [[r.DBuffer:1]]
[2020.08.18-21.23.36:974][  0]LogConfig: Setting CVar [[r.ClearSceneMethod:1]]
[2020.08.18-21.23.36:975][  0]LogConfig: Setting CVar [[r.BasePassOutputsVelocity:0]]
[2020.08.18-21.23.36:975][  0]LogConfig: Setting CVar [[r.SelectiveBasePassOutputs:0]]
[2020.08.18-21.23.36:975][  0]LogConfig: Setting CVar [[fx.GPUSimulationTextureSizeX:1024]]
[2020.08.18-21.23.36:975][  0]LogConfig: Setting CVar [[fx.GPUSimulationTextureSizeY:1024]]
[2020.08.18-21.23.36:975][  0]LogConfig: Setting CVar [[r.AllowGlobalClipPlane:0]]
[2020.08.18-21.23.36:975][  0]LogConfig: Setting CVar [[r.GBufferFormat:1]]
[2020.08.18-21.23.36:975][  0]LogConfig: Setting CVar [[r.MorphTarget.Mode:1]]
[2020.08.18-21.23.36:975][  0]LogConfig: Setting CVar [[vr.InstancedStereo:0]]
[2020.08.18-21.23.36:975][  0]LogConfig: Setting CVar [[vr.MultiView:0]]
[2020.08.18-21.23.36:975][  0]LogConfig: Setting CVar [[vr.MobileMultiView:0]]
[2020.08.18-21.23.36:975][  0]LogConfig: Setting CVar [[vr.MobileMultiView.Direct:0]]
[2020.08.18-21.23.36:975][  0]LogConfig: Setting CVar [[vr.RoundRobinOcclusion:0]]
[2020.08.18-21.23.36:975][  0]LogConfig: Setting CVar [[vr.ODSCapture:0]]
[2020.08.18-21.23.36:975][  0]LogConfig: Setting CVar [[r.WireframeCullThreshold:5.000000]]
[2020.08.18-21.23.36:975][  0]LogConfig: Setting CVar [[r.RayTracing:0]]
[2020.08.18-21.23.36:975][  0]LogConfig: Setting CVar [[r.RayTracing.UseTextureLod:0]]
[2020.08.18-21.23.36:975][  0]LogConfig: Setting CVar [[r.SupportStationarySkylight:1]]
[2020.08.18-21.23.36:975][  0]LogConfig: Setting CVar [[r.SupportLowQualityLightmaps:1]]
[2020.08.18-21.23.36:975][  0]LogConfig: Setting CVar [[r.SupportPointLightWholeSceneShadows:1]]
[2020.08.18-21.23.36:975][  0]LogConfig: Setting CVar [[r.SupportAtmosphericFog:1]]
[2020.08.18-21.23.36:975][  0]LogConfig: Setting CVar [[r.SupportSkyAtmosphere:1]]
[2020.08.18-21.23.36:975][  0]LogConfig: Setting CVar [[r.SupportSkyAtmosphereAffectsHeightFog:0]]
[2020.08.18-21.23.36:975][  0]LogConfig: Setting CVar [[r.SkinCache.CompileShaders:0]]
[2020.08.18-21.23.36:975][  0]LogConfig: Setting CVar [[r.Mobile.EnableStaticAndCSMShadowReceivers:1]]
[2020.08.18-21.23.36:975][  0]LogConfig: Setting CVar [[r.Mobile.EnableMovableLightCSMShaderCulling:1]]
[2020.08.18-21.23.36:975][  0]LogConfig: Setting CVar [[r.Mobile.AllowDistanceFieldShadows:1]]
[2020.08.18-21.23.36:975][  0]LogConfig: Setting CVar [[r.Mobile.AllowMovableDirectionalLights:1]]
[2020.08.18-21.23.36:975][  0]LogConfig: Setting CVar [[r.MobileNumDynamicPointLights:4]]
[2020.08.18-21.23.36:975][  0]LogConfig: Setting CVar [[r.MobileDynamicPointLightsUseStaticBranch:1]]
[2020.08.18-21.23.36:975][  0]LogConfig: Setting CVar [[r.Mobile.EnableMovableSpotlights:0]]
[2020.08.18-21.23.36:975][  0]LogConfig: Setting CVar [[r.SkinCache.SceneMemoryLimitInMB:128.000000]]
[2020.08.18-21.23.36:975][  0]LogConfig: Setting CVar [[r.GPUSkin.Limit2BoneInfluences:0]]
[2020.08.18-21.23.36:975][  0]LogConfig: Setting CVar [[r.SupportDepthOnlyIndexBuffers:1]]
[2020.08.18-21.23.36:975][  0]LogConfig: Setting CVar [[r.SupportReversedIndexBuffers:1]]
[2020.08.18-21.23.36:975][  0]LogConfig: Setting CVar [[r.SupportMaterialLayers:0]]
[2020.08.18-21.23.36:975][  0]LogConfig: Setting CVar [[r.LightPropagationVolume:0]]
[2020.08.18-21.23.36:975][  0]LogConfig: Applying CVar settings from Section [/Script/Engine.RendererOverrideSettings] File [E:/Tilinka Interactive/Myeou/1.1/Myeou/Product/Myeou/Saved/Config/Windows/Engine.ini]
[2020.08.18-21.23.36:975][  0]LogConfig: Applying CVar settings from Section [/Script/Engine.StreamingSettings] File [E:/Tilinka Interactive/Myeou/1.1/Myeou/Product/Myeou/Saved/Config/Windows/Engine.ini]
[2020.08.18-21.23.36:975][  0]LogConfig: Setting CVar [[s.MinBulkDataSizeForAsyncLoading:131072]]
[2020.08.18-21.23.36:975][  0]LogConfig: Setting CVar [[s.AsyncLoadingThreadEnabled:0]]
[2020.08.18-21.23.36:975][  0]LogConfig: Setting CVar [[s.EventDrivenLoaderEnabled:1]]
[2020.08.18-21.23.36:975][  0]LogConfig: Setting CVar [[s.WarnIfTimeLimitExceeded:0]]
[2020.08.18-21.23.36:975][  0]LogConfig: Setting CVar [[s.TimeLimitExceededMultiplier:1.5]]
[2020.08.18-21.23.36:975][  0]LogConfig: Setting CVar [[s.TimeLimitExceededMinTime:0.005]]
[2020.08.18-21.23.36:975][  0]LogConfig: Setting CVar [[s.UseBackgroundLevelStreaming:1]]
[2020.08.18-21.23.36:975][  0]LogConfig: Setting CVar [[s.PriorityAsyncLoadingExtraTime:15.0]]
[2020.08.18-21.23.36:975][  0]LogConfig: Setting CVar [[s.LevelStreamingActorsUpdateTimeLimit:5.0]]
[2020.08.18-21.23.36:975][  0]LogConfig: Setting CVar [[s.PriorityLevelStreamingActorsUpdateExtraTime:5.0]]
[2020.08.18-21.23.36:975][  0]LogConfig: Setting CVar [[s.LevelStreamingComponentsRegistrationGranularity:10]]
[2020.08.18-21.23.36:975][  0]LogConfig: Setting CVar [[s.UnregisterComponentsTimeLimit:1.0]]
[2020.08.18-21.23.36:975][  0]LogConfig: Setting CVar [[s.LevelStreamingComponentsUnregistrationGranularity:5]]
[2020.08.18-21.23.36:976][  0]LogConfig: Setting CVar [[s.FlushStreamingOnExit:1]]
[2020.08.18-21.23.36:976][  0]LogConfig: Applying CVar settings from Section [/Script/Engine.GarbageCollectionSettings] File [E:/Tilinka Interactive/Myeou/1.1/Myeou/Product/Myeou/Saved/Config/Windows/Engine.ini]
[2020.08.18-21.23.36:976][  0]LogConfig: Setting CVar [[gc.MaxObjectsNotConsideredByGC:1]]
[2020.08.18-21.23.36:976][  0]LogConfig: Setting CVar [[gc.SizeOfPermanentObjectPool:0]]
[2020.08.18-21.23.36:976][  0]LogConfig: Setting CVar [[gc.FlushStreamingOnGC:0]]
[2020.08.18-21.23.36:976][  0]LogConfig: Setting CVar [[gc.NumRetriesBeforeForcingGC:10]]
[2020.08.18-21.23.36:976][  0]LogConfig: Setting CVar [[gc.AllowParallelGC:1]]
[2020.08.18-21.23.36:976][  0]LogConfig: Setting CVar [[gc.TimeBetweenPurgingPendingKillObjects:61.1]]
[2020.08.18-21.23.36:976][  0]LogConfig: Setting CVar [[gc.MaxObjectsInEditor:25165824]]
[2020.08.18-21.23.36:976][  0]LogConfig: Setting CVar [[gc.IncrementalBeginDestroyEnabled:1]]
[2020.08.18-21.23.36:976][  0]LogConfig: Setting CVar [[gc.CreateGCClusters:1]]
[2020.08.18-21.23.36:976][  0]LogConfig: Setting CVar [[gc.MinGCClusterSize:5]]
[2020.08.18-21.23.36:976][  0]LogConfig: Setting CVar [[gc.ActorClusteringEnabled:0]]
[2020.08.18-21.23.36:976][  0]LogConfig: Setting CVar [[gc.BlueprintClusteringEnabled:0]]
[2020.08.18-21.23.36:976][  0]LogConfig: Setting CVar [[gc.UseDisregardForGCOnDedicatedServers:0]]
[2020.08.18-21.23.36:976][  0]LogConfig: Applying CVar settings from Section [/Script/Engine.NetworkSettings] File [E:/Tilinka Interactive/Myeou/1.1/Myeou/Product/Myeou/Saved/Config/Windows/Engine.ini]
[2020.08.18-21.23.36:976][  0]LogConfig: Applying CVar settings from Section [/Script/UnrealEd.CookerSettings] File [E:/Tilinka Interactive/Myeou/1.1/Myeou/Product/Myeou/Saved/Config/Windows/Engine.ini]
[2020.08.18-21.23.36:980][  0]LogConfig: Applying CVar settings from Section [ViewDistanceQuality@3] File [E:/Tilinka Interactive/Myeou/1.1/Myeou/Product/Myeou/Saved/Config/Windows/Scalability.ini]
[2020.08.18-21.23.36:980][  0]LogConfig: Setting CVar [[r.SkeletalMeshLODBias:0]]
[2020.08.18-21.23.36:980][  0]LogConfig: Setting CVar [[r.ViewDistanceScale:1.0]]
[2020.08.18-21.23.36:980][  0]LogConfig: Applying CVar settings from Section [AntiAliasingQuality@3] File [E:/Tilinka Interactive/Myeou/1.1/Myeou/Product/Myeou/Saved/Config/Windows/Scalability.ini]
[2020.08.18-21.23.36:980][  0]LogConfig: Setting CVar [[r.PostProcessAAQuality:4]]
[2020.08.18-21.23.36:980][  0]LogConfig: Applying CVar settings from Section [ShadowQuality@3] File [E:/Tilinka Interactive/Myeou/1.1/Myeou/Product/Myeou/Saved/Config/Windows/Scalability.ini]
[2020.08.18-21.23.36:980][  0]LogConfig: Setting CVar [[r.LightFunctionQuality:1]]
[2020.08.18-21.23.36:980][  0]LogConfig: Setting CVar [[r.ShadowQuality:5]]
[2020.08.18-21.23.36:980][  0]LogConfig: Setting CVar [[r.Shadow.CSM.MaxCascades:10]]
[2020.08.18-21.23.36:980][  0]LogConfig: Setting CVar [[r.Shadow.MaxResolution:2048]]
[2020.08.18-21.23.36:980][  0]LogConfig: Setting CVar [[r.Shadow.MaxCSMResolution:2048]]
[2020.08.18-21.23.36:980][  0]LogConfig: Setting CVar [[r.Shadow.RadiusThreshold:0.01]]
[2020.08.18-21.23.36:980][  0]LogConfig: Setting CVar [[r.Shadow.DistanceScale:1.0]]
[2020.08.18-21.23.36:980][  0]LogConfig: Setting CVar [[r.Shadow.CSM.TransitionScale:1.0]]
[2020.08.18-21.23.36:980][  0]LogConfig: Setting CVar [[r.Shadow.PreShadowResolutionFactor:1.0]]
[2020.08.18-21.23.36:980][  0]LogConfig: Setting CVar [[r.DistanceFieldShadowing:1]]
[2020.08.18-21.23.36:980][  0]LogConfig: Setting CVar [[r.DistanceFieldAO:1]]
[2020.08.18-21.23.36:980][  0]LogConfig: Setting CVar [[r.AOQuality:2]]
[2020.08.18-21.23.36:980][  0]LogConfig: Setting CVar [[r.VolumetricFog:1]]
[2020.08.18-21.23.36:980][  0]LogConfig: Setting CVar [[r.VolumetricFog.GridPixelSize:8]]
[2020.08.18-21.23.36:980][  0]LogConfig: Setting CVar [[r.VolumetricFog.GridSizeZ:128]]
[2020.08.18-21.23.36:980][  0]LogConfig: Setting CVar [[r.VolumetricFog.HistoryMissSupersampleCount:4]]
[2020.08.18-21.23.36:980][  0]LogConfig: Setting CVar [[r.LightMaxDrawDistanceScale:1]]
[2020.08.18-21.23.36:980][  0]LogConfig: Setting CVar [[r.CapsuleShadows:1]]
[2020.08.18-21.23.36:980][  0]LogConfig: Applying CVar settings from Section [PostProcessQuality@3] File [E:/Tilinka Interactive/Myeou/1.1/Myeou/Product/Myeou/Saved/Config/Windows/Scalability.ini]
[2020.08.18-21.23.36:980][  0]LogConfig: Setting CVar [[r.MotionBlurQuality:4]]
[2020.08.18-21.23.36:980][  0]LogConfig: Setting CVar [[r.AmbientOcclusionMipLevelFactor:0.4]]
[2020.08.18-21.23.36:980][  0]LogConfig: Setting CVar [[r.AmbientOcclusionMaxQuality:100]]
[2020.08.18-21.23.36:980][  0]LogConfig: Setting CVar [[r.AmbientOcclusionLevels:-1]]
[2020.08.18-21.23.36:980][  0]LogConfig: Setting CVar [[r.AmbientOcclusionRadiusScale:1.0]]
[2020.08.18-21.23.36:980][  0]LogConfig: Setting CVar [[r.DepthOfFieldQuality:2]]
[2020.08.18-21.23.36:980][  0]LogConfig: Setting CVar [[r.RenderTargetPoolMin:400]]
[2020.08.18-21.23.36:980][  0]LogConfig: Setting CVar [[r.LensFlareQuality:2]]
[2020.08.18-21.23.36:980][  0]LogConfig: Setting CVar [[r.SceneColorFringeQuality:1]]
[2020.08.18-21.23.36:980][  0]LogConfig: Setting CVar [[r.EyeAdaptationQuality:2]]
[2020.08.18-21.23.36:980][  0]LogConfig: Setting CVar [[r.BloomQuality:5]]
[2020.08.18-21.23.36:980][  0]LogConfig: Setting CVar [[r.FastBlurThreshold:100]]
[2020.08.18-21.23.36:980][  0]LogConfig: Setting CVar [[r.Upscale.Quality:3]]
[2020.08.18-21.23.36:980][  0]LogConfig: Setting CVar [[r.Tonemapper.GrainQuantization:1]]
[2020.08.18-21.23.36:980][  0]LogConfig: Setting CVar [[r.LightShaftQuality:1]]
[2020.08.18-21.23.36:980][  0]LogConfig: Setting CVar [[r.Filter.SizeScale:1]]
[2020.08.18-21.23.36:980][  0]LogConfig: Setting CVar [[r.Tonemapper.Quality:5]]
[2020.08.18-21.23.36:980][  0]LogConfig: Setting CVar [[r.DOF.Gather.AccumulatorQuality:1        ; higher gathering accumulator quality]]
[2020.08.18-21.23.36:981][  0]LogConfig: Setting CVar [[r.DOF.Gather.PostfilterMethod:1          ; Median3x3 postfilering method]]
[2020.08.18-21.23.36:981][  0]LogConfig: Setting CVar [[r.DOF.Gather.EnableBokehSettings:0       ; no bokeh simulation when gathering]]
[2020.08.18-21.23.36:981][  0]LogConfig: Setting CVar [[r.DOF.Gather.RingCount:4                 ; medium number of samples when gathering]]
[2020.08.18-21.23.36:981][  0]LogConfig: Setting CVar [[r.DOF.Scatter.ForegroundCompositing:1    ; additive foreground scattering]]
[2020.08.18-21.23.36:981][  0]LogConfig: Setting CVar [[r.DOF.Scatter.BackgroundCompositing:2    ; additive background scattering]]
[2020.08.18-21.23.36:981][  0]LogConfig: Setting CVar [[r.DOF.Scatter.EnableBokehSettings:1      ; bokeh simulation when scattering]]
[2020.08.18-21.23.36:981][  0]LogConfig: Setting CVar [[r.DOF.Scatter.MaxSpriteRatio:0.1         ; only a maximum of 10% of scattered bokeh]]
[2020.08.18-21.23.36:981][  0]LogConfig: Setting CVar [[r.DOF.Recombine.Quality:1                ; cheap slight out of focus]]
[2020.08.18-21.23.36:981][  0]LogConfig: Setting CVar [[r.DOF.Recombine.EnableBokehSettings:0    ; no bokeh simulation on slight out of focus]]
[2020.08.18-21.23.36:981][  0]LogConfig: Setting CVar [[r.DOF.TemporalAAQuality:1                ; more stable temporal accumulation]]
[2020.08.18-21.23.36:981][  0]LogConfig: Setting CVar [[r.DOF.Kernel.MaxForegroundRadius:0.025]]
[2020.08.18-21.23.36:981][  0]LogConfig: Setting CVar [[r.DOF.Kernel.MaxBackgroundRadius:0.025]]
[2020.08.18-21.23.36:981][  0]LogConfig: Applying CVar settings from Section [TextureQuality@3] File [E:/Tilinka Interactive/Myeou/1.1/Myeou/Product/Myeou/Saved/Config/Windows/Scalability.ini]
[2020.08.18-21.23.36:981][  0]LogConfig: Setting CVar [[r.Streaming.MipBias:0]]
[2020.08.18-21.23.36:981][  0]LogConfig: Setting CVar [[r.Streaming.AmortizeCPUToGPUCopy:0]]
[2020.08.18-21.23.36:981][  0]LogConfig: Setting CVar [[r.Streaming.MaxNumTexturesToStreamPerFrame:0]]
[2020.08.18-21.23.36:981][  0]LogConfig: Setting CVar [[r.Streaming.Boost:1]]
[2020.08.18-21.23.36:981][  0]LogConfig: Setting CVar [[r.MaxAnisotropy:8]]
[2020.08.18-21.23.36:981][  0]LogConfig: Setting CVar [[r.VT.MaxAnisotropy:8]]
[2020.08.18-21.23.36:981][  0]LogConfig: Setting CVar [[r.Streaming.LimitPoolSizeToVRAM:0]]
[2020.08.18-21.23.36:981][  0]LogConfig: Setting CVar [[r.Streaming.PoolSize:1000]]
[2020.08.18-21.23.36:981][  0]LogConfig: Setting CVar [[r.Streaming.MaxEffectiveScreenSize:0]]
[2020.08.18-21.23.36:981][  0]LogConfig: Applying CVar settings from Section [EffectsQuality@3] File [E:/Tilinka Interactive/Myeou/1.1/Myeou/Product/Myeou/Saved/Config/Windows/Scalability.ini]
[2020.08.18-21.23.36:981][  0]LogConfig: Setting CVar [[r.TranslucencyLightingVolumeDim:64]]
[2020.08.18-21.23.36:981][  0]LogConfig: Setting CVar [[r.RefractionQuality:2]]
[2020.08.18-21.23.36:981][  0]LogConfig: Setting CVar [[r.SSR.Quality:3]]
[2020.08.18-21.23.36:981][  0]LogConfig: Setting CVar [[r.SSR.HalfResSceneColor:0]]
[2020.08.18-21.23.36:981][  0]LogConfig: Setting CVar [[r.SceneColorFormat:4]]
[2020.08.18-21.23.36:981][  0]LogConfig: Setting CVar [[r.DetailMode:2]]
[2020.08.18-21.23.36:981][  0]LogConfig: Setting CVar [[r.TranslucencyVolumeBlur:1]]
[2020.08.18-21.23.36:981][  0]LogConfig: Setting CVar [[r.MaterialQualityLevel:1 ; High quality]]
[2020.08.18-21.23.36:981][  0]LogConfig: Setting CVar [[r.SSS.Scale:1]]
[2020.08.18-21.23.36:981][  0]LogConfig: Setting CVar [[r.SSS.SampleSet:2]]
[2020.08.18-21.23.36:981][  0]LogConfig: Setting CVar [[r.SSS.Quality:1]]
[2020.08.18-21.23.36:981][  0]LogConfig: Setting CVar [[r.SSS.HalfRes:1]]
[2020.08.18-21.23.36:981][  0]LogConfig: Setting CVar [[r.SSGI.Quality:3]]
[2020.08.18-21.23.36:981][  0]LogConfig: Setting CVar [[r.EmitterSpawnRateScale:1.0]]
[2020.08.18-21.23.36:981][  0]LogConfig: Setting CVar [[r.ParticleLightQuality:2]]
[2020.08.18-21.23.36:981][  0]LogConfig: Setting CVar [[r.SkyAtmosphere.AerialPerspectiveLUT.FastApplyOnOpaque:1 ; Always have FastSkyLUT 1 in this case to avoid wrong sky]]
[2020.08.18-21.23.36:981][  0]LogConfig: Setting CVar [[r.SkyAtmosphere.AerialPerspectiveLUT.SampleCountPerSlice:1]]
[2020.08.18-21.23.36:981][  0]LogConfig: Setting CVar [[r.SkyAtmosphere.AerialPerspectiveLUT.DepthResolution:16.0]]
[2020.08.18-21.23.36:981][  0]LogConfig: Setting CVar [[r.SkyAtmosphere.FastSkyLUT:1]]
[2020.08.18-21.23.36:981][  0]LogConfig: Setting CVar [[r.SkyAtmosphere.FastSkyLUT.SampleCountMin:4.0]]
[2020.08.18-21.23.36:981][  0]LogConfig: Setting CVar [[r.SkyAtmosphere.FastSkyLUT.SampleCountMax:32.0]]
[2020.08.18-21.23.36:981][  0]LogConfig: Setting CVar [[r.SkyAtmosphere.SampleCountMin:4.0]]
[2020.08.18-21.23.36:981][  0]LogConfig: Setting CVar [[r.SkyAtmosphere.SampleCountMax:32.0]]
[2020.08.18-21.23.36:981][  0]LogConfig: Setting CVar [[r.SkyAtmosphere.TransmittanceLUT.UseSmallFormat:0]]
[2020.08.18-21.23.36:982][  0]LogConfig: Setting CVar [[r.SkyAtmosphere.TransmittanceLUT.SampleCount:10.0]]
[2020.08.18-21.23.36:982][  0]LogConfig: Setting CVar [[r.SkyAtmosphere.MultiScatteringLUT.SampleCount:15.0]]
[2020.08.18-21.23.36:982][  0]LogConfig: Applying CVar settings from Section [FoliageQuality@3] File [E:/Tilinka Interactive/Myeou/1.1/Myeou/Product/Myeou/Saved/Config/Windows/Scalability.ini]
[2020.08.18-21.23.36:982][  0]LogConfig: Setting CVar [[foliage.DensityScale:1.0]]
[2020.08.18-21.23.36:982][  0]LogConfig: Setting CVar [[grass.DensityScale:1.0]]
[2020.08.18-21.23.36:982][  0]LogConfig: Applying CVar settings from Section [ShadingQuality@3] File [E:/Tilinka Interactive/Myeou/1.1/Myeou/Product/Myeou/Saved/Config/Windows/Scalability.ini]
[2020.08.18-21.23.36:982][  0]LogConfig: Setting CVar [[r.HairStrands.SkyLighting.SampleCount:16]]
[2020.08.18-21.23.36:982][  0]LogConfig: Setting CVar [[r.HairStrands.SkyLighting.JitterIntegration:0]]
[2020.08.18-21.23.36:982][  0]LogConfig: Setting CVar [[r.HairStrands.SkyAO.SampleCount:16]]
[2020.08.18-21.23.36:982][  0]LogInit: Selected Device Profile: [Windows]
[2020.08.18-21.23.36:982][  0]LogInit: Applying CVar settings loaded from the selected device profile: [Windows]
[2020.08.18-21.23.36:984][  0]LogHAL: Display: Platform has ~ 16 GB [17129914368 / 17179869184 / 16], which maps to Larger [LargestMinGB=32, LargerMinGB=12, DefaultMinGB=8, SmallerMinGB=6, SmallestMinGB=0)
[2020.08.18-21.23.36:984][  0]LogInit: Going up to parent DeviceProfile []
[2020.08.18-21.23.36:984][  0]LogConfig: Applying CVar settings from Section [ViewDistanceQuality@2] File [E:/Tilinka Interactive/Myeou/1.1/Myeou/Product/Myeou/Saved/Config/Windows/Scalability.ini]
[2020.08.18-21.23.36:984][  0]LogConfig: Setting CVar [[r.SkeletalMeshLODBias:0]]
[2020.08.18-21.23.36:984][  0]LogConfig: Setting CVar [[r.ViewDistanceScale:0.8]]
[2020.08.18-21.23.36:984][  0]LogConfig: Applying CVar settings from Section [AntiAliasingQuality@2] File [E:/Tilinka Interactive/Myeou/1.1/Myeou/Product/Myeou/Saved/Config/Windows/Scalability.ini]
[2020.08.18-21.23.36:984][  0]LogConfig: Setting CVar [[r.PostProcessAAQuality:3]]
[2020.08.18-21.23.36:984][  0]LogConfig: Applying CVar settings from Section [ShadowQuality@2] File [E:/Tilinka Interactive/Myeou/1.1/Myeou/Product/Myeou/Saved/Config/Windows/Scalability.ini]
[2020.08.18-21.23.36:984][  0]LogConfig: Setting CVar [[r.LightFunctionQuality:1]]
[2020.08.18-21.23.36:984][  0]LogConfig: Setting CVar [[r.ShadowQuality:5]]
[2020.08.18-21.23.36:984][  0]LogConfig: Setting CVar [[r.Shadow.CSM.MaxCascades:4]]
[2020.08.18-21.23.36:984][  0]LogConfig: Setting CVar [[r.Shadow.MaxResolution:1024]]
[2020.08.18-21.23.36:984][  0]LogConfig: Setting CVar [[r.Shadow.MaxCSMResolution:2048]]
[2020.08.18-21.23.36:984][  0]LogConfig: Setting CVar [[r.Shadow.RadiusThreshold:0.04]]
[2020.08.18-21.23.36:984][  0]LogConfig: Setting CVar [[r.Shadow.DistanceScale:0.85]]
[2020.08.18-21.23.36:984][  0]LogConfig: Setting CVar [[r.Shadow.CSM.TransitionScale:0.8]]
[2020.08.18-21.23.36:984][  0]LogConfig: Setting CVar [[r.Shadow.PreShadowResolutionFactor:0.5]]
[2020.08.18-21.23.36:984][  0]LogConfig: Setting CVar [[r.DistanceFieldShadowing:1]]
[2020.08.18-21.23.36:984][  0]LogConfig: Setting CVar [[r.DistanceFieldAO:1]]
[2020.08.18-21.23.36:984][  0]LogConfig: Setting CVar [[r.AOQuality:1]]
[2020.08.18-21.23.36:985][  0]LogConfig: Setting CVar [[r.VolumetricFog:1]]
[2020.08.18-21.23.36:985][  0]LogConfig: Setting CVar [[r.VolumetricFog.GridPixelSize:16]]
[2020.08.18-21.23.36:985][  0]LogConfig: Setting CVar [[r.VolumetricFog.GridSizeZ:64]]
[2020.08.18-21.23.36:985][  0]LogConfig: Setting CVar [[r.VolumetricFog.HistoryMissSupersampleCount:4]]
[2020.08.18-21.23.36:985][  0]LogConfig: Setting CVar [[r.LightMaxDrawDistanceScale:1]]
[2020.08.18-21.23.36:985][  0]LogConfig: Setting CVar [[r.CapsuleShadows:1]]
[2020.08.18-21.23.36:985][  0]LogConfig: Applying CVar settings from Section [PostProcessQuality@2] File [E:/Tilinka Interactive/Myeou/1.1/Myeou/Product/Myeou/Saved/Config/Windows/Scalability.ini]
[2020.08.18-21.23.36:985][  0]LogConfig: Setting CVar [[r.MotionBlurQuality:3]]
[2020.08.18-21.23.36:985][  0]LogConfig: Setting CVar [[r.AmbientOcclusionMipLevelFactor:0.6]]
[2020.08.18-21.23.36:985][  0]LogConfig: Setting CVar [[r.AmbientOcclusionMaxQuality:100]]
[2020.08.18-21.23.36:985][  0]LogConfig: Setting CVar [[r.AmbientOcclusionLevels:-1]]
[2020.08.18-21.23.36:985][  0]LogConfig: Setting CVar [[r.AmbientOcclusionRadiusScale:1.5]]
[2020.08.18-21.23.36:985][  0]LogConfig: Setting CVar [[r.DepthOfFieldQuality:2]]
[2020.08.18-21.23.36:985][  0]LogConfig: Setting CVar [[r.RenderTargetPoolMin:400]]
[2020.08.18-21.23.36:985][  0]LogConfig: Setting CVar [[r.LensFlareQuality:2]]
[2020.08.18-21.23.36:985][  0]LogConfig: Setting CVar [[r.SceneColorFringeQuality:1]]
[2020.08.18-21.23.36:985][  0]LogConfig: Setting CVar [[r.EyeAdaptationQuality:2]]
[2020.08.18-21.23.36:985][  0]LogConfig: Setting CVar [[r.BloomQuality:5]]
[2020.08.18-21.23.36:985][  0]LogConfig: Setting CVar [[r.FastBlurThreshold:3]]
[2020.08.18-21.23.36:985][  0]LogConfig: Setting CVar [[r.Upscale.Quality:2]]
[2020.08.18-21.23.36:985][  0]LogConfig: Setting CVar [[r.Tonemapper.GrainQuantization:1]]
[2020.08.18-21.23.36:985][  0]LogConfig: Setting CVar [[r.LightShaftQuality:1]]
[2020.08.18-21.23.36:985][  0]LogConfig: Setting CVar [[r.Filter.SizeScale:0.8]]
[2020.08.18-21.23.36:985][  0]LogConfig: Setting CVar [[r.Tonemapper.Quality:5]]
[2020.08.18-21.23.36:985][  0]LogConfig: Setting CVar [[r.DOF.Gather.AccumulatorQuality:0        ; lower gathering accumulator quality]]
[2020.08.18-21.23.36:985][  0]LogConfig: Setting CVar [[r.DOF.Gather.PostfilterMethod:2          ; Max3x3 postfilering method]]
[2020.08.18-21.23.36:985][  0]LogConfig: Setting CVar [[r.DOF.Gather.EnableBokehSettings:0       ; no bokeh simulation when gathering]]
[2020.08.18-21.23.36:985][  0]LogConfig: Setting CVar [[r.DOF.Gather.RingCount:4                 ; medium number of samples when gathering]]
[2020.08.18-21.23.36:985][  0]LogConfig: Setting CVar [[r.DOF.Scatter.ForegroundCompositing:1    ; additive foreground scattering]]
[2020.08.18-21.23.36:985][  0]LogConfig: Setting CVar [[r.DOF.Scatter.BackgroundCompositing:1    ; no background occlusion]]
[2020.08.18-21.23.36:985][  0]LogConfig: Setting CVar [[r.DOF.Scatter.EnableBokehSettings:0      ; no bokeh simulation when scattering]]
[2020.08.18-21.23.36:985][  0]LogConfig: Setting CVar [[r.DOF.Scatter.MaxSpriteRatio:0.04        ; only a maximum of 4% of scattered bokeh]]
[2020.08.18-21.23.36:985][  0]LogConfig: Setting CVar [[r.DOF.Recombine.Quality:0                ; no slight out of focus]]
[2020.08.18-21.23.36:985][  0]LogConfig: Setting CVar [[r.DOF.TemporalAAQuality:0                ; faster temporal accumulation]]
[2020.08.18-21.23.36:985][  0]LogConfig: Setting CVar [[r.DOF.Kernel.MaxForegroundRadius:0.012   ; required because of AccumulatorQuality=0]]
[2020.08.18-21.23.36:985][  0]LogConfig: Setting CVar [[r.DOF.Kernel.MaxBackgroundRadius:0.012   ; required because of AccumulatorQuality=0]]
[2020.08.18-21.23.36:985][  0]LogConfig: Applying CVar settings from Section [TextureQuality@2] File [E:/Tilinka Interactive/Myeou/1.1/Myeou/Product/Myeou/Saved/Config/Windows/Scalability.ini]
[2020.08.18-21.23.36:985][  0]LogConfig: Setting CVar [[r.Streaming.MipBias:0]]
[2020.08.18-21.23.36:985][  0]LogConfig: Setting CVar [[r.Streaming.AmortizeCPUToGPUCopy:0]]
[2020.08.18-21.23.36:986][  0]LogConfig: Setting CVar [[r.Streaming.MaxNumTexturesToStreamPerFrame:0]]
[2020.08.18-21.23.36:986][  0]LogConfig: Setting CVar [[r.Streaming.Boost:1]]
[2020.08.18-21.23.36:986][  0]LogConfig: Setting CVar [[r.MaxAnisotropy:4]]
[2020.08.18-21.23.36:986][  0]LogConfig: Setting CVar [[r.VT.MaxAnisotropy:8]]
[2020.08.18-21.23.36:986][  0]LogConfig: Setting CVar [[r.Streaming.LimitPoolSizeToVRAM:1]]
[2020.08.18-21.23.36:986][  0]LogConfig: Setting CVar [[r.Streaming.PoolSize:800]]
[2020.08.18-21.23.36:986][  0]LogConfig: Setting CVar [[r.Streaming.MaxEffectiveScreenSize:0]]
[2020.08.18-21.23.36:986][  0]LogConfig: Applying CVar settings from Section [EffectsQuality@2] File [E:/Tilinka Interactive/Myeou/1.1/Myeou/Product/Myeou/Saved/Config/Windows/Scalability.ini]
[2020.08.18-21.23.36:986][  0]LogConfig: Setting CVar [[r.TranslucencyLightingVolumeDim:48]]
[2020.08.18-21.23.36:986][  0]LogConfig: Setting CVar [[r.RefractionQuality:2]]
[2020.08.18-21.23.36:986][  0]LogConfig: Setting CVar [[r.SSR.Quality:2]]
[2020.08.18-21.23.36:986][  0]LogConfig: Setting CVar [[r.SSR.HalfResSceneColor:1]]
[2020.08.18-21.23.36:986][  0]LogConfig: Setting CVar [[r.SceneColorFormat:3]]
[2020.08.18-21.23.36:986][  0]LogConfig: Setting CVar [[r.DetailMode:1]]
[2020.08.18-21.23.36:986][  0]LogConfig: Setting CVar [[r.TranslucencyVolumeBlur:1]]
[2020.08.18-21.23.36:986][  0]LogConfig: Setting CVar [[r.MaterialQualityLevel:1 ; High quality]]
[2020.08.18-21.23.36:986][  0]LogConfig: Setting CVar [[r.SSS.Scale:1]]
[2020.08.18-21.23.36:986][  0]LogConfig: Setting CVar [[r.SSS.SampleSet:1]]
[2020.08.18-21.23.36:986][  0]LogConfig: Setting CVar [[r.SSS.Quality:-1]]
[2020.08.18-21.23.36:986][  0]LogConfig: Setting CVar [[r.SSS.HalfRes:1]]
[2020.08.18-21.23.36:986][  0]LogConfig: Setting CVar [[r.SSGI.Quality:2]]
[2020.08.18-21.23.36:986][  0]LogConfig: Setting CVar [[r.EmitterSpawnRateScale:0.5]]
[2020.08.18-21.23.36:986][  0]LogConfig: Setting CVar [[r.ParticleLightQuality:1]]
[2020.08.18-21.23.36:986][  0]LogConfig: Setting CVar [[r.SkyAtmosphere.AerialPerspectiveLUT.FastApplyOnOpaque:1 ; Always have FastSkyLUT 1 in this case to avoid wrong sky]]
[2020.08.18-21.23.36:986][  0]LogConfig: Setting CVar [[r.SkyAtmosphere.AerialPerspectiveLUT.SampleCountPerSlice:1]]
[2020.08.18-21.23.36:986][  0]LogConfig: Setting CVar [[r.SkyAtmosphere.AerialPerspectiveLUT.DepthResolution:16.0]]
[2020.08.18-21.23.36:986][  0]LogConfig: Setting CVar [[r.SkyAtmosphere.FastSkyLUT:1]]
[2020.08.18-21.23.36:986][  0]LogConfig: Setting CVar [[r.SkyAtmosphere.FastSkyLUT.SampleCountMin:4.0]]
[2020.08.18-21.23.36:986][  0]LogConfig: Setting CVar [[r.SkyAtmosphere.FastSkyLUT.SampleCountMax:32.0]]
[2020.08.18-21.23.36:986][  0]LogConfig: Setting CVar [[r.SkyAtmosphere.SampleCountMin:4.0]]
[2020.08.18-21.23.36:986][  0]LogConfig: Setting CVar [[r.SkyAtmosphere.SampleCountMax:32.0]]
[2020.08.18-21.23.36:986][  0]LogConfig: Setting CVar [[r.SkyAtmosphere.TransmittanceLUT.UseSmallFormat:0]]
[2020.08.18-21.23.36:986][  0]LogConfig: Setting CVar [[r.SkyAtmosphere.TransmittanceLUT.SampleCount:10.0]]
[2020.08.18-21.23.36:986][  0]LogConfig: Setting CVar [[r.SkyAtmosphere.MultiScatteringLUT.SampleCount:15.0]]
[2020.08.18-21.23.36:986][  0]LogConfig: Applying CVar settings from Section [FoliageQuality@2] File [E:/Tilinka Interactive/Myeou/1.1/Myeou/Product/Myeou/Saved/Config/Windows/Scalability.ini]
[2020.08.18-21.23.36:986][  0]LogConfig: Setting CVar [[foliage.DensityScale:0.8]]
[2020.08.18-21.23.36:986][  0]LogConfig: Setting CVar [[grass.DensityScale:0.8]]
[2020.08.18-21.23.36:986][  0]LogConfig: Applying CVar settings from Section [ShadingQuality@2] File [E:/Tilinka Interactive/Myeou/1.1/Myeou/Product/Myeou/Saved/Config/Windows/Scalability.ini]
[2020.08.18-21.23.36:986][  0]LogConfig: Setting CVar [[r.HairStrands.SkyLighting.SampleCount:16]]
[2020.08.18-21.23.36:986][  0]LogConfig: Setting CVar [[r.HairStrands.SkyLighting.JitterIntegration:0]]
[2020.08.18-21.23.36:986][  0]LogConfig: Setting CVar [[r.HairStrands.SkyAO.SampleCount:16]]
[2020.08.18-21.23.36:986][  0]LogConfig: Applying CVar settings from Section [Startup] File [../../../Engine/Config/ConsoleVariables.ini]
[2020.08.18-21.23.36:987][  0]LogConfig: Setting CVar [[net.UseAdaptiveNetUpdateFrequency:0]]
[2020.08.18-21.23.36:987][  0]LogConfig: Setting CVar [[p.chaos.AllowCreatePhysxBodies:1]]
[2020.08.18-21.23.36:987][  0]LogConfig: Applying CVar settings from Section [ConsoleVariables] File [E:/Tilinka Interactive/Myeou/1.1/Myeou/Product/Myeou/Saved/Config/Windows/Engine.ini]
[2020.08.18-21.23.36:987][  0]LogInit: Computer: DESKTOP-87KER6B
[2020.08.18-21.23.36:987][  0]LogInit: User: PauloOchoa
[2020.08.18-21.23.36:987][  0]LogInit: CPU Page size=4096, Cores=4
[2020.08.18-21.23.36:987][  0]LogInit: High frequency timer resolution =10.000000 MHz
[2020.08.18-21.23.36:987][  0]LogMemory: Memory total: Physical=16.0GB (16GB approx)
[2020.08.18-21.23.36:987][  0]LogMemory: Platform Memory Stats for Windows
[2020.08.18-21.23.36:987][  0]LogMemory: Process Physical Memory: 105.93 MB used, 105.93 MB peak
[2020.08.18-21.23.36:987][  0]LogMemory: Process Virtual Memory: 100.73 MB used, 100.74 MB peak
[2020.08.18-21.23.36:987][  0]LogMemory: Physical Memory: 6976.45 MB used,  9359.91 MB free, 16336.36 MB total
[2020.08.18-21.23.36:987][  0]LogMemory: Virtual Memory: 5105.09 MB used,  134212624.00 MB free, 134217728.00 MB total
[2020.08.18-21.23.36:990][  0]LogWindows: WindowsPlatformFeatures enabled
[2020.08.18-21.23.37:005][  0]LogInit: Overriding language with editor language configuration option (en).
[2020.08.18-21.23.37:005][  0]LogInit: Overriding locale with editor locale configuration option (en).
[2020.08.18-21.23.37:160][  0]LogInit: Setting process to per monitor DPI aware
[2020.08.18-21.23.37:192][  0]LogSlate: New Slate User Created.  User Index 0, Is Virtual User: 0
[2020.08.18-21.23.37:192][  0]LogSlate: Slate User Registered.  User Index 0, Is Virtual User: 0
[2020.08.18-21.23.37:359][  0]LogHMD: Failed to initialize OpenVR with code 110
[2020.08.18-21.23.37:359][  0]LogD3D11RHI: D3D11 min allowed feature level: 11_0
[2020.08.18-21.23.37:359][  0]LogD3D11RHI: D3D11 max allowed feature level: 11_0
[2020.08.18-21.23.37:359][  0]LogD3D11RHI: D3D11 adapters:
[2020.08.18-21.23.37:544][  0]LogD3D11RHI:    0. 'AMD Radeon (TM) R7 370 Series Graphics' (Feature Level 11_0)
[2020.08.18-21.23.37:545][  0]LogD3D11RHI:       4075/0/8168 MB DedicatedVideo/DedicatedSystem/SharedSystem, Outputs:1, VendorId:0x1002
[2020.08.18-21.23.37:547][  0]LogD3D11RHI:    1. 'Microsoft Basic Render Driver' (Feature Level 11_0)
[2020.08.18-21.23.37:547][  0]LogD3D11RHI:       0/0/8168 MB DedicatedVideo/DedicatedSystem/SharedSystem, Outputs:0, VendorId:0x1414
[2020.08.18-21.23.37:547][  0]LogD3D11RHI: Chosen D3D11 Adapter: 0
[2020.08.18-21.23.37:553][  0]LogD3D11RHI: Creating new Direct3DDevice
[2020.08.18-21.23.37:553][  0]LogD3D11RHI:     GPU DeviceId: 0x6811 (for the marketing name, search the web for "GPU Device Id")
[2020.08.18-21.23.37:553][  0]LogWindows: EnumDisplayDevices:
[2020.08.18-21.23.37:554][  0]LogWindows:    0. 'AMD Radeon (TM) R7 370 Series Graphics' (P:1 D:1)
[2020.08.18-21.23.37:555][  0]LogWindows:    1. 'AMD Radeon (TM) R7 370 Series Graphics' (P:0 D:0)
[2020.08.18-21.23.37:555][  0]LogWindows:    2. 'AMD Radeon (TM) R7 370 Series Graphics' (P:0 D:0)
[2020.08.18-21.23.37:556][  0]LogWindows:    3. 'AMD Radeon (TM) R7 370 Series Graphics' (P:0 D:0)
[2020.08.18-21.23.37:557][  0]LogWindows:    4. 'AMD Radeon (TM) R7 370 Series Graphics' (P:0 D:0)
[2020.08.18-21.23.37:557][  0]LogWindows:    5. 'AMD Radeon (TM) R7 370 Series Graphics' (P:0 D:0)
[2020.08.18-21.23.37:558][  0]LogWindows:    6. 'AMD Radeon (TM) R7 370 Series Graphics' (P:0 D:0)
[2020.08.18-21.23.37:559][  0]LogWindows:    7. 'AMD Radeon (TM) R7 370 Series Graphics' (P:0 D:0)
[2020.08.18-21.23.37:559][  0]LogWindows: DebugString: FoundDriverCount:8 
[2020.08.18-21.23.37:559][  0]LogD3D11RHI:     Adapter Name: AMD Radeon (TM) R7 370 Series Graphics
[2020.08.18-21.23.37:559][  0]LogD3D11RHI:   Driver Version: Adrenalin 2020 20.4.2 (internal:26.20.15029.27017, unified:26.20.15029.27017)
[2020.08.18-21.23.37:559][  0]LogD3D11RHI:      Driver Date: 5-15-2020
[2020.08.18-21.23.37:559][  0]LogRHI: Texture pool is 2853 MB (70% of 4075 MB)
[2020.08.18-21.23.37:614][  0]LogD3D11RHI: RHI does not have support for 64 bit atomics
[2020.08.18-21.23.37:614][  0]LogD3D11RHI: Async texture creation enabled
[2020.08.18-21.23.37:626][  0]LogD3D11RHI: GPU Timing Frequency: 27.000000 (Debug: 2 1)
[2020.08.18-21.23.38:032][  0]LogTargetPlatformManager: Display: Loaded TargetPlatform 'AllDesktop'
[2020.08.18-21.23.38:062][  0]LogTargetPlatformManager: Display: Loaded TargetPlatform 'Android'
[2020.08.18-21.23.38:062][  0]LogTargetPlatformManager: Display: Loaded TargetPlatform 'Android_ASTC'
[2020.08.18-21.23.38:062][  0]LogTargetPlatformManager: Display: Loaded TargetPlatform 'Android_ATC'
[2020.08.18-21.23.38:062][  0]LogTargetPlatformManager: Display: Loaded TargetPlatform 'Android_DXT'
[2020.08.18-21.23.38:062][  0]LogTargetPlatformManager: Display: Loaded TargetPlatform 'Android_ETC1'
[2020.08.18-21.23.38:062][  0]LogTargetPlatformManager: Display: Loaded TargetPlatform 'Android_ETC1a'
[2020.08.18-21.23.38:062][  0]LogTargetPlatformManager: Display: Loaded TargetPlatform 'Android_ETC2'
[2020.08.18-21.23.38:062][  0]LogTargetPlatformManager: Display: Loaded TargetPlatform 'Android_PVRTC'
[2020.08.18-21.23.38:062][  0]LogTargetPlatformManager: Display: Loaded TargetPlatform 'AndroidClient'
[2020.08.18-21.23.38:062][  0]LogTargetPlatformManager: Display: Loaded TargetPlatform 'Android_ASTCClient'
[2020.08.18-21.23.38:062][  0]LogTargetPlatformManager: Display: Loaded TargetPlatform 'Android_ATCClient'
[2020.08.18-21.23.38:062][  0]LogTargetPlatformManager: Display: Loaded TargetPlatform 'Android_DXTClient'
[2020.08.18-21.23.38:062][  0]LogTargetPlatformManager: Display: Loaded TargetPlatform 'Android_ETC1Client'
[2020.08.18-21.23.38:062][  0]LogTargetPlatformManager: Display: Loaded TargetPlatform 'Android_ETC1aClient'
[2020.08.18-21.23.38:062][  0]LogTargetPlatformManager: Display: Loaded TargetPlatform 'Android_ETC2Client'
[2020.08.18-21.23.38:062][  0]LogTargetPlatformManager: Display: Loaded TargetPlatform 'Android_PVRTCClient'
[2020.08.18-21.23.38:062][  0]LogTargetPlatformManager: Display: Loaded TargetPlatform 'Android_Multi'
[2020.08.18-21.23.38:062][  0]LogTargetPlatformManager: Display: Loaded TargetPlatform 'Android_MultiClient'
[2020.08.18-21.23.38:079][  0]LogTargetPlatformManager: Display: Loaded TargetPlatform 'IOSClient'
[2020.08.18-21.23.38:079][  0]LogTargetPlatformManager: Display: Loaded TargetPlatform 'IOS'
[2020.08.18-21.23.38:086][  0]LogTargetPlatformManager: Display: Loaded TargetPlatform 'LinuxNoEditor'
[2020.08.18-21.23.38:092][  0]LogTargetPlatformManager: Display: Loaded TargetPlatform 'LinuxClient'
[2020.08.18-21.23.38:098][  0]LogTargetPlatformManager: Display: Loaded TargetPlatform 'LinuxServer'
[2020.08.18-21.23.38:105][  0]LogTargetPlatformManager: Display: Loaded TargetPlatform 'LinuxAArch64NoEditor'
[2020.08.18-21.23.38:111][  0]LogTargetPlatformManager: Display: Loaded TargetPlatform 'LinuxAArch64Client'
[2020.08.18-21.23.38:118][  0]LogTargetPlatformManager: Display: Loaded TargetPlatform 'LinuxAArch64Server'
[2020.08.18-21.23.38:139][  0]LogTargetPlatformManager: Display: Loaded TargetPlatform 'Lumin'
[2020.08.18-21.23.38:139][  0]LogTargetPlatformManager: Display: Loaded TargetPlatform 'LuminClient'
[2020.08.18-21.23.38:151][  0]LogTargetPlatformManager: Display: Loaded TargetPlatform 'TVOSClient'
[2020.08.18-21.23.38:151][  0]LogTargetPlatformManager: Display: Loaded TargetPlatform 'TVOS'
[2020.08.18-21.23.38:157][  0]LogTargetPlatformManager: Display: Loaded TargetPlatform 'WindowsNoEditor'
[2020.08.18-21.23.38:164][  0]LogTargetPlatformManager: Display: Loaded TargetPlatform 'Windows'
[2020.08.18-21.23.38:171][  0]LogTargetPlatformManager: Display: Loaded TargetPlatform 'WindowsClient'
[2020.08.18-21.23.38:177][  0]LogTargetPlatformManager: Display: Loaded TargetPlatform 'WindowsServer'
[2020.08.18-21.23.38:177][  0]LogTargetPlatformManager: Display: Building Assets For Windows
[2020.08.18-21.23.38:180][  0]LogAudioDebug: Display: Lib vorbis DLL was dynamically loaded.
[2020.08.18-21.23.38:200][  0]LogShaderCompilers: Guid format shader working directory is 0 characters bigger than the processId version (E:/Tilinka Interactive/Myeou/1.1/Myeou/Product/Myeou/Intermediate/Shaders/WorkingDirectory/9440/).
[2020.08.18-21.23.38:200][  0]LogShaderCompilers: Cleaned the shader compiler working directory 'C:/Users/Paulo Ochoa/AppData/Local/Temp/UnrealShaderWorkingDir/CD3A091040B6D94362895B9085885D5A/'.
[2020.08.18-21.23.38:200][  0]LogXGEController: Cleaning working directory: C:/Users/Paulo Ochoa/AppData/Local/Temp/UnrealXGEWorkingDir/
[2020.08.18-21.23.38:201][  0]LogXGEController: Cannot use XGE Controller as Incredibuild is not installed on this machine.
[2020.08.18-21.23.38:201][  0]LogShaderCompilers: Cannot use XGE Shader Compiler as Incredibuild is not installed on this machine.
[2020.08.18-21.23.38:201][  0]LogShaderCompilers: Display: Using Local Shader Compiler.
[2020.08.18-21.23.38:859][  0]LogDerivedDataCache: Display: Max Cache Size: 512 MB
[2020.08.18-21.23.38:911][  0]LogDerivedDataCache: Loaded boot cache 0.05s 78MB C:/Users/Paulo Ochoa/AppData/Local/UnrealEngine/4.24/DerivedDataCache/Boot.ddc.
[2020.08.18-21.23.38:911][  0]LogDerivedDataCache: Display: Loaded Boot cache: C:/Users/Paulo Ochoa/AppData/Local/UnrealEngine/4.24/DerivedDataCache/Boot.ddc
[2020.08.18-21.23.38:911][  0]LogDerivedDataCache: FDerivedDataBackendGraph:  Pak pak cache file E:/Tilinka Interactive/Myeou/1.1/Myeou/Product/Myeou/DerivedDataCache/DDC.ddp not found, will not use a pak cache.
[2020.08.18-21.23.38:911][  0]LogDerivedDataCache: Unable to find inner node Pak for hierarchical cache Hierarchy.
[2020.08.18-21.23.38:911][  0]LogDerivedDataCache: FDerivedDataBackendGraph:  CompressedPak pak cache file E:/Tilinka Interactive/Myeou/1.1/Myeou/Product/Myeou/DerivedDataCache/Compressed.ddp not found, will not use a pak cache.
[2020.08.18-21.23.38:911][  0]LogDerivedDataCache: Unable to find inner node CompressedPak for hierarchical cache Hierarchy.
[2020.08.18-21.23.38:920][  0]LogDerivedDataCache: Display: Pak cache opened for reading ../../../Engine/DerivedDataCache/Compressed.ddp.
[2020.08.18-21.23.38:920][  0]LogDerivedDataCache: FDerivedDataBackendGraph:  EnterprisePak pak cache file ../../../Enterprise/DerivedDataCache/Compressed.ddp not found, will not use a pak cache.
[2020.08.18-21.23.38:920][  0]LogDerivedDataCache: Unable to find inner node EnterprisePak for hierarchical cache Hierarchy.
[2020.08.18-21.23.38:922][  0]LogDerivedDataCache: Using Local data cache path C:/Users/Paulo Ochoa/AppData/Local/UnrealEngine/Common/DerivedDataCache: Writable
[2020.08.18-21.23.38:922][  0]LogDerivedDataCache: Shared data cache path not found in *engine.ini, will not use an Shared cache.
[2020.08.18-21.23.38:922][  0]LogDerivedDataCache: Unable to find inner node Shared for hierarchical cache Hierarchy.
[2020.08.18-21.23.38:947][  0]LogMaterial: Verifying Global Shaders for PCD3D_SM5
[2020.08.18-21.23.38:950][  0]LogSlate: Using FreeType 2.10.0
[2020.08.18-21.23.38:950][  0]LogSlate: SlateFontServices - WITH_FREETYPE: 1, WITH_HARFBUZZ: 1
[2020.08.18-21.23.39:005][  0]LogAssetRegistry: FAssetRegistry took 0.0023 seconds to start up
[2020.08.18-21.23.39:263][  0]LogInit: Selected Device Profile: [Windows]
[2020.08.18-21.23.39:399][  0]LogMeshReduction: Using QuadricMeshReduction for automatic static mesh reduction
[2020.08.18-21.23.39:399][  0]LogMeshReduction: Using SimplygonMeshReduction for automatic skeletal mesh reduction
[2020.08.18-21.23.39:399][  0]LogMeshReduction: Using ProxyLODMeshReduction for automatic mesh merging
[2020.08.18-21.23.39:399][  0]LogMeshReduction: No distributed automatic mesh merging module available
[2020.08.18-21.23.39:399][  0]LogMeshMerging: No distributed automatic mesh merging module available
[2020.08.18-21.23.39:411][  0]LogNetVersion: Myeou 1.0.0, NetCL: 10570792, EngineNetVer: 13, GameNetVer: 0 (Checksum: 825545305)
[2020.08.18-21.23.40:433][  0]LogPackageLocalizationCache: Processed 10 localized package path(s) for 1 prioritized culture(s) in 0.026994 seconds
[2020.08.18-21.23.40:440][  0]LogUObjectArray: 46750 objects as part of root set at end of initial load.
[2020.08.18-21.23.40:440][  0]LogUObjectAllocator: 8137160 out of 0 bytes used by permanent object pool.
[2020.08.18-21.23.40:440][  0]LogUObjectArray: CloseDisregardForGC: 0/0 objects in disregard for GC pool
[2020.08.18-21.23.41:008][  0]LogTcpMessaging: Initializing TcpMessaging bridge
[2020.08.18-21.23.41:010][  0]LogUdpMessaging: Initializing bridge on interface 0.0.0.0:0 to multicast group 230.0.0.1:6666.
[2020.08.18-21.23.41:053][  0]SourceControl: Source control is disabled
[2020.08.18-21.23.43:149][  0]LogAndroidPermission: UAndroidPermissionCallbackProxy::GetInstance
[2020.08.18-21.23.43:157][  0]LogAudioCaptureCore: Display: No Audio Capture implementations found. Audio input will be silent.
[2020.08.18-21.23.43:157][  0]LogAudioCaptureCore: Display: No Audio Capture implementations found. Audio input will be silent.
[2020.08.18-21.23.43:229][  0]LogOcInput: OculusInput pre-init called
[2020.08.18-21.23.43:236][  0]LogWindows: Failed to load 'OVRPlugin.dll' (GetLastError=126)
[2020.08.18-21.23.43:236][  0]LogWindows: File 'OVRPlugin.dll' does not exist
[2020.08.18-21.23.43:296][  0]LogEngine: Initializing Engine...
[2020.08.18-21.23.43:297][  0]LogHMD: Failed to initialize OpenVR with code 110
[2020.08.18-21.23.43:298][  0]LogStats: UGameplayTagsManager::InitializeManager -  0.000 s
[2020.08.18-21.23.43:640][  0]LogInit: Initializing FReadOnlyCVARCache
[2020.08.18-21.23.43:646][  0]LogAIModule: Creating AISystem for world Untitled
[2020.08.18-21.23.43:666][  0]LogAudioMixer: Display: Audio Mixer Platform Settings:
[2020.08.18-21.23.43:667][  0]LogAudioMixer: Display: 	Sample Rate:						  48000
[2020.08.18-21.23.43:667][  0]LogAudioMixer: Display: 	Callback Buffer Frame Size Requested: 1024
[2020.08.18-21.23.43:667][  0]LogAudioMixer: Display: 	Callback Buffer Frame Size To Use:	  1024
[2020.08.18-21.23.43:667][  0]LogAudioMixer: Display: 	Number of buffers to queue:			  2
[2020.08.18-21.23.43:667][  0]LogAudioMixer: Display: 	Max Channels (voices):				  32
[2020.08.18-21.23.43:667][  0]LogAudioMixer: Display: 	Number of Async Source Workers:		  0
[2020.08.18-21.23.43:667][  0]LogAudio: Display: AudioDevice MaxSources: 32
[2020.08.18-21.23.43:667][  0]LogAudio: Display: Using built-in audio occlusion.
[2020.08.18-21.23.43:667][  0]LogAudioMixer: Display: Initializing audio mixer.
[2020.08.18-21.23.43:701][  0]LogAudioMixer: Display: Audio Device Output Speaker Info:
[2020.08.18-21.23.43:701][  0]LogAudioMixer: Display: Name: Altavoces (USB Audio Device)
[2020.08.18-21.23.43:701][  0]LogAudioMixer: Display: Is Default: Yes
[2020.08.18-21.23.43:701][  0]LogAudioMixer: Display: Sample Rate: 48000
[2020.08.18-21.23.43:701][  0]LogAudioMixer: Display: Channel Count Used: 2
[2020.08.18-21.23.43:702][  0]LogAudioMixer: Display: Device Channel Count: 2
[2020.08.18-21.23.43:702][  0]LogAudioMixer: Display: Channel Order:
[2020.08.18-21.23.43:702][  0]LogAudioMixer: Display: 0: FrontLeft
[2020.08.18-21.23.43:702][  0]LogAudioMixer: Display: 1: FrontRight
[2020.08.18-21.23.43:723][  0]LogAudioMixer: Display: Using Audio Device Altavoces (USB Audio Device)
[2020.08.18-21.23.43:728][  0]LogInit: FAudioDevice initialized.
[2020.08.18-21.23.43:728][  0]LogNetVersion: Set ProjectVersion to 1.0.0.0. Version Checksum will be recalculated on next use.
[2020.08.18-21.23.47:648][  0]LogDerivedDataCache: Saved boot cache 3.92s 78MB C:/Users/Paulo Ochoa/AppData/Local/UnrealEngine/4.24/DerivedDataCache/Boot.ddc.
[2020.08.18-21.23.47:649][  0]LogInit: Texture streaming: Enabled
[2020.08.18-21.23.47:687][  0]LogEngineSessionManager: EngineSessionManager initialized
[2020.08.18-21.23.47:687][  0]LogEditorSessionSummary: Verbose: Initializing EditorSessionSummaryWriter for editor session tracking
[2020.08.18-21.23.47:704][  0]LogEditorSessionSummary: EditorSessionSummaryWriter initialized
[2020.08.18-21.23.47:740][  0]LogInit: Transaction tracking system initialized
[2020.08.18-21.23.47:749][  0]BlueprintLog: New page: Editor Load
[2020.08.18-21.23.47:772][  0]LocalizationService: Localization service is disabled
[2020.08.18-21.23.48:112][  0]LogFileCache: Scanning file cache for directory 'E:/Tilinka Interactive/Myeou/1.1/Myeou/Product/Myeou/Content/' took 0.00s
[2020.08.18-21.23.48:112][  0]LogCook: Display: Max memory allowance for cook 16384mb min free memory 0mb
[2020.08.18-21.23.48:112][  0]LogCook: Display: Mobile HDR setting 0
[2020.08.18-21.23.48:774][  0]Cmd: MAP LOAD FILE="../../../Engine/Content/Maps/Templates/Template_Default.umap" TEMPLATE=1 SHOWPROGRESS=1 FEATURELEVEL=3
[2020.08.18-21.23.48:774][  0]LightingResults: New page: Lighting Build
[2020.08.18-21.23.48:775][  0]LogWorld: UWorld::CleanupWorld for Untitled, bSessionEnded=true, bCleanupResources=true
[2020.08.18-21.23.48:775][  0]LogSlate: InvalidateAllWidgets triggered.  All widgets were invalidated
[2020.08.18-21.23.48:775][  0]MapCheck: New page: Map Check
[2020.08.18-21.23.48:775][  0]LightingResults: New page: Lighting Build
[2020.08.18-21.23.48:798][  0]LogUObjectHash: Compacting FUObjectHashTables data took   1.68ms
[2020.08.18-21.23.48:865][  0]LogAIModule: Creating AISystem for world Untitled_1
[2020.08.18-21.23.48:870][  0]LogEditorServer: Finished looking for orphan Actors (0.000 secs)
[2020.08.18-21.23.48:894][  0]LogUObjectHash: Compacting FUObjectHashTables data took   1.77ms
[2020.08.18-21.23.48:894][  0]Cmd: MAP CHECKDEP NOCLEARLOG
[2020.08.18-21.23.48:895][  0]MapCheck: Map check complete: 0 Error(s), 0 Warning(s), took 0.12ms to complete.
[2020.08.18-21.23.48:895][  0]LogFileHelpers: Loading map 'Template_Default' took 0.121
[2020.08.18-21.23.49:047][  0]LogSlate: Updating window title bar state: overlay mode, drag disabled, window buttons hidden, title bar hidden
[2020.08.18-21.23.49:053][  0]LogSlate: Updating window title bar state: overlay mode, drag disabled, window buttons hidden, title bar hidden
[2020.08.18-21.23.49:060][  0]LogSlate: Updating window title bar state: overlay mode, drag disabled, window buttons hidden, title bar hidden
[2020.08.18-21.23.49:066][  0]LogSlate: Updating window title bar state: overlay mode, drag disabled, window buttons hidden, title bar hidden
[2020.08.18-21.23.49:079][  0]LogCollectionManager: Loaded 0 collections in 0.002405 seconds
[2020.08.18-21.23.49:093][  0]LogFileCache: Scanning file cache for directory 'E:/Tilinka Interactive/Myeou/1.1/Myeou/Product/Myeou/Saved/Collections/' took 0.00s
[2020.08.18-21.23.49:093][  0]LogFileCache: Scanning file cache for directory 'E:/Tilinka Interactive/Myeou/1.1/Myeou/Product/Myeou/Content/Developers/PauloOchoa/Collections/' took 0.00s
[2020.08.18-21.23.49:093][  0]LogFileCache: Scanning file cache for directory 'E:/Tilinka Interactive/Myeou/1.1/Myeou/Product/Myeou/Content/Collections/' took 0.00s
[2020.08.18-21.23.49:093][  0]LogContentBrowser: Native class hierarchy populated in 0.0103 seconds. Added 3015 classes and 717 folders.
[2020.08.18-21.23.49:097][  0]LogContentBrowser: Native class hierarchy updated for 'WidgetCarousel' in 0.0003 seconds. Added 0 classes and 0 folders.
[2020.08.18-21.23.49:182][  0]LogContentBrowser: Native class hierarchy updated for 'AddContentDialog' in 0.0002 seconds. Added 0 classes and 0 folders.
[2020.08.18-21.23.49:184][  0]LogContentBrowser: Native class hierarchy updated for 'SceneOutliner' in 0.0003 seconds. Added 2 classes and 3 folders.
[2020.08.18-21.23.49:236][  0]LogSlate: Took 0.000338 seconds to synchronously load lazily loaded font '../../../Engine/Content/Slate/Fonts/Roboto-Regular.ttf' (155K)
[2020.08.18-21.23.49:239][  0]LogSlate: Took 0.000372 seconds to synchronously load lazily loaded font '../../../Engine/Content/Slate/Fonts/Roboto-Bold.ttf' (160K)
[2020.08.18-21.23.49:244][  0]LogSlate: Took 0.000187 seconds to synchronously load lazily loaded font '../../../Engine/Content/Editor/Slate/Fonts/FontAwesome.ttf' (139K)
[2020.08.18-21.23.49:339][  0]LogRenderer: Reallocating scene render targets to support 1048x572 Format 9 NumSamples 1 (Frame:1).
[2020.08.18-21.23.49:424][  0]LogContentBrowser: Native class hierarchy updated for 'HierarchicalLODOutliner' in 0.0002 seconds. Added 0 classes and 0 folders.
[2020.08.18-21.23.49:424][  0]LogLoad: (Engine Initialization) Total time: 14.54 seconds
[2020.08.18-21.23.49:424][  0]LogLoad: (Engine Initialization) Total Blueprint compile time: 0.00 seconds
[2020.08.18-21.23.49:473][  0]LogAssetRegistry: Asset discovery search completed in 10.4694 seconds
[2020.08.18-21.23.49:476][  0]LogCollectionManager: Fixed up redirectors for 0 collections in 0.000020 seconds (updated 0 objects)
[2020.08.18-21.23.49:478][  0]LogContentStreaming: Texture pool size now 800 MB
[2020.08.18-21.23.49:511][  0]LogSlate: Took 0.000197 seconds to synchronously load lazily loaded font '../../../Engine/Content/Slate/Fonts/Roboto-Light.ttf' (167K)
[2020.08.18-21.24.24:245][120]LogSlate: Took 0.000182 seconds to synchronously load lazily loaded font '../../../Engine/Content/Slate/Fonts/Roboto-Light.ttf' (167K)
[2020.08.18-21.24.24:262][120]LogAssetEditorSubsystem: Opening Asset editor for SkeletalMesh /Game/BlueprintCharacter/MyeouCharacter/MyeouTGun.MyeouTGun
[2020.08.18-21.24.24:264][120]LogContentBrowser: Native class hierarchy updated for 'SkeletonEditor' in 0.0002 seconds. Added 1 classes and 2 folders.
[2020.08.18-21.24.24:493][120]LogActorComponent: RegisterComponentWithWorld: (/Engine/Transient.World_0:PersistentLevel.AnimationEditorPreviewActor_0.DebugSkelMeshComponent_0) Already registered. Aborting.
[2020.08.18-21.24.24:494][120]LogContentBrowser: Native class hierarchy updated for 'PinnedCommandList' in 0.0002 seconds. Added 1 classes and 0 folders.
[2020.08.18-21.24.24:605][120]LogSkeletalMesh: USkeletalMeshComponent::InitArticulated : Bodies already created (/Engine/Transient.World_0:PersistentLevel.AnimationEditorPreviewActor_0.DebugSkelMeshComponent_0) - call TermArticulated first.
[2020.08.18-21.24.24:865][120]LogSlate: Took 0.000224 seconds to synchronously load lazily loaded font '../../../Engine/Content/Slate/Fonts/Roboto-Italic.ttf' (157K)
[2020.08.18-21.24.24:886][120]LogRenderer: Reallocating scene render targets to support 1132x884 Format 9 NumSamples 1 (Frame:1).
[2020.08.18-21.24.34:058][787]LogAssetEditorSubsystem: Opening Asset editor for Skeleton /Game/BlueprintCharacter/MyeouCharacter/MyeouTGun_Skeleton.MyeouTGun_Skeleton
[2020.08.18-21.24.34:061][787]LogActorComponent: RegisterComponentWithWorld: (/Engine/Transient.World_4:PersistentLevel.AnimationEditorPreviewActor_0.DebugSkelMeshComponent_0) Already registered. Aborting.
[2020.08.18-21.24.34:099][787]LogSkeletalMesh: USkeletalMeshComponent::InitArticulated : Bodies already created (/Engine/Transient.World_4:PersistentLevel.AnimationEditorPreviewActor_0.DebugSkelMeshComponent_0) - call TermArticulated first.
[2020.08.18-21.24.34:332][788]LogRenderer: Reallocating scene render targets to support 1144x884 Format 9 NumSamples 1 (Frame:1).
[2020.08.18-21.24.52:386][604]LogSavePackage: Moving 'E:/Tilinka Interactive/Myeou/1.1/Myeou/Product/Myeou/Saved/MyeouTGun_SkeletonB175B26048A3B8B580E4068AB6856A80.tmp' to 'E:/Tilinka Interactive/Myeou/1.1/Myeou/Product/Myeou/Content/BlueprintCharacter/MyeouCharacter/MyeouTGun_Skeleton.uasset'
[2020.08.18-21.24.52:401][604]AssetCheck: New page: Asset Save: MyeouTGun_Skeleton
[2020.08.18-21.24.52:401][604]LogContentValidation: Display: Validating Skeleton /Game/BlueprintCharacter/MyeouCharacter/MyeouTGun_Skeleton.MyeouTGun_Skeleton
[2020.08.18-21.25.00:479][273]LogSavePackage: Moving 'E:/Tilinka Interactive/Myeou/1.1/Myeou/Product/Myeou/Saved/MyeouTGunD20F03F546CF5B16F62177B6F80AC35C.tmp' to 'E:/Tilinka Interactive/Myeou/1.1/Myeou/Product/Myeou/Content/BlueprintCharacter/MyeouCharacter/MyeouTGun.uasset'
[2020.08.18-21.25.00:491][273]AssetCheck: New page: Asset Save: MyeouTGun
[2020.08.18-21.25.00:491][273]LogContentValidation: Display: Validating SkeletalMesh /Game/BlueprintCharacter/MyeouCharacter/MyeouTGun.MyeouTGun
[2020.08.18-21.25.01:117][324]LogAnimationCompression: Building Anim DDC data for AnimSequence /Game/BlueprintCharacter/MyeouCharacter/Anims/Idle.Idle
[2020.08.18-21.25.01:117][324]LogAnimationCompression: Recompressing (AnimSequence /Game/BlueprintCharacter/MyeouCharacter/Anims/Idle.Idle) using current/default (AnimCompress_BitwiseCompressOnly_0) bFirstRecompressUsingCurrentOrDefault(1) bTryAlternateCompressor(0) IsCompressedDataValid(0)
[2020.08.18-21.25.01:129][324]LogAnimationCompression: Building Anim DDC data for AnimSequence /Game/BlueprintCharacter/MyeouCharacter/Anims/Run.Run
[2020.08.18-21.25.01:129][324]LogAnimationCompression: Recompressing (AnimSequence /Game/BlueprintCharacter/MyeouCharacter/Anims/Run.Run) using current/default (AnimCompress_BitwiseCompressOnly_0) bFirstRecompressUsingCurrentOrDefault(1) bTryAlternateCompressor(0) IsCompressedDataValid(0)
[2020.08.18-21.25.01:139][324]LogAnimationCompression: Building Anim DDC data for AnimSequence /Game/BlueprintCharacter/MyeouCharacter/Anims/Walk.Walk
[2020.08.18-21.25.01:139][324]LogAnimationCompression: Recompressing (AnimSequence /Game/BlueprintCharacter/MyeouCharacter/Anims/Walk.Walk) using current/default (AnimCompress_BitwiseCompressOnly_0) bFirstRecompressUsingCurrentOrDefault(1) bTryAlternateCompressor(0) IsCompressedDataValid(0)
[2020.08.18-21.25.01:160][324]LogAssetEditorSubsystem: Opening Asset editor for BlendSpace /Game/BlueprintCharacter/MyeouCharacter/Myeou_BS.Myeou_BS
[2020.08.18-21.25.01:165][324]LogActorComponent: RegisterComponentWithWorld: (/Engine/Transient.World_5:PersistentLevel.AnimationEditorPreviewActor_0.DebugSkelMeshComponent_0) Already registered. Aborting.
[2020.08.18-21.25.01:206][324]LogSkeletalMesh: USkeletalMeshComponent::InitArticulated : Bodies already created (/Engine/Transient.World_5:PersistentLevel.AnimationEditorPreviewActor_0.DebugSkelMeshComponent_0) - call TermArticulated first.
[2020.08.18-21.25.01:470][324]LogContentBrowser: Verbose: The majority of assets in the view are of type: AnimSequence
[2020.08.18-21.25.04:592][577]LogSlate: Window 'Myeou_BS' being destroyed
[2020.08.18-21.25.04:602][577]LogSlate: Window 'Myeou_BS' being destroyed
[2020.08.18-21.25.04:608][577]LogWorld: UWorld::CleanupWorld for World_0, bSessionEnded=true, bCleanupResources=true
[2020.08.18-21.25.04:608][577]LogSlate: InvalidateAllWidgets triggered.  All widgets were invalidated
[2020.08.18-21.25.04:668][577]LogWorld: UWorld::CleanupWorld for World_4, bSessionEnded=true, bCleanupResources=true
[2020.08.18-21.25.04:668][577]LogSlate: InvalidateAllWidgets triggered.  All widgets were invalidated
[2020.08.18-21.25.04:713][577]LogWorld: UWorld::CleanupWorld for World_5, bSessionEnded=true, bCleanupResources=true
[2020.08.18-21.25.04:713][577]LogSlate: InvalidateAllWidgets triggered.  All widgets were invalidated
[2020.08.18-21.25.04:779][577]LogWorld: UWorld::CleanupWorld for World_6, bSessionEnded=true, bCleanupResources=true
[2020.08.18-21.25.04:779][577]LogSlate: InvalidateAllWidgets triggered.  All widgets were invalidated
[2020.08.18-21.25.05:758][661]LogAssetEditorSubsystem: Opening Asset editor for SkeletalMesh /Game/BlueprintCharacter/MyeouCharacter/MyeouTGun.MyeouTGun
[2020.08.18-21.25.05:762][661]LogActorComponent: RegisterComponentWithWorld: (/Engine/Transient.World_8:PersistentLevel.AnimationEditorPreviewActor_0.DebugSkelMeshComponent_0) Already registered. Aborting.
[2020.08.18-21.25.05:870][661]LogSkeletalMesh: USkeletalMeshComponent::InitArticulated : Bodies already created (/Engine/Transient.World_8:PersistentLevel.AnimationEditorPreviewActor_0.DebugSkelMeshComponent_0) - call TermArticulated first.
[2020.08.18-21.25.08:992][886]LogAssetEditorSubsystem: Opening Asset editor for BlendSpace /Game/BlueprintCharacter/MyeouCharacter/Myeou_BS.Myeou_BS
[2020.08.18-21.25.08:996][886]LogActorComponent: RegisterComponentWithWorld: (/Engine/Transient.World_9:PersistentLevel.AnimationEditorPreviewActor_0.DebugSkelMeshComponent_0) Already registered. Aborting.
[2020.08.18-21.25.09:037][886]LogSkeletalMesh: USkeletalMeshComponent::InitArticulated : Bodies already created (/Engine/Transient.World_9:PersistentLevel.AnimationEditorPreviewActor_0.DebugSkelMeshComponent_0) - call TermArticulated first.
[2020.08.18-21.25.09:270][886]LogContentBrowser: Verbose: The majority of assets in the view are of type: AnimSequence
[2020.08.18-21.25.10:759][ 29]LogAssetEditorSubsystem: Opening Asset editor for Skeleton /Game/BlueprintCharacter/MyeouCharacter/MyeouTGun_Skeleton.MyeouTGun_Skeleton
[2020.08.18-21.25.10:762][ 29]LogActorComponent: RegisterComponentWithWorld: (/Engine/Transient.World_11:PersistentLevel.AnimationEditorPreviewActor_0.DebugSkelMeshComponent_0) Already registered. Aborting.
[2020.08.18-21.25.10:798][ 29]LogSkeletalMesh: USkeletalMeshComponent::InitArticulated : Bodies already created (/Engine/Transient.World_11:PersistentLevel.AnimationEditorPreviewActor_0.DebugSkelMeshComponent_0) - call TermArticulated first.
[2020.08.18-21.25.14:332][305]LogSavePackage: Moving 'E:/Tilinka Interactive/Myeou/1.1/Myeou/Product/Myeou/Saved/MyeouTGun_Skeleton372BCDB8412EFEFC5852949280B63605.tmp' to 'E:/Tilinka Interactive/Myeou/1.1/Myeou/Product/Myeou/Content/BlueprintCharacter/MyeouCharacter/MyeouTGun_Skeleton.uasset'
[2020.08.18-21.25.14:342][305]AssetCheck: New page: Asset Save: MyeouTGun_Skeleton
[2020.08.18-21.25.14:342][305]LogContentValidation: Display: Validating Skeleton /Game/BlueprintCharacter/MyeouCharacter/MyeouTGun_Skeleton.MyeouTGun_Skeleton
[2020.08.18-21.25.42:283][996]LogSavePackage: Moving 'E:/Tilinka Interactive/Myeou/1.1/Myeou/Product/Myeou/Saved/MyeouTGun_Skeleton2A6E3AE94EDC7AD6485C8FA7B0F8147C.tmp' to 'E:/Tilinka Interactive/Myeou/1.1/Myeou/Product/Myeou/Content/BlueprintCharacter/MyeouCharacter/MyeouTGun_Skeleton.uasset'
[2020.08.18-21.25.42:294][996]AssetCheck: New page: Asset Save: MyeouTGun_Skeleton
[2020.08.18-21.25.42:294][996]LogContentValidation: Display: Validating Skeleton /Game/BlueprintCharacter/MyeouCharacter/MyeouTGun_Skeleton.MyeouTGun_Skeleton
[2020.08.18-21.25.48:265][527]LogSlate: Window 'MyeouTGun_Skeleton' being destroyed
[2020.08.18-21.25.48:268][527]LogSlate: Window 'MyeouTGun_Skeleton' being destroyed
[2020.08.18-21.25.48:281][527]LogWorld: UWorld::CleanupWorld for World_8, bSessionEnded=true, bCleanupResources=true
[2020.08.18-21.25.48:281][527]LogSlate: InvalidateAllWidgets triggered.  All widgets were invalidated
[2020.08.18-21.25.48:342][527]LogWorld: UWorld::CleanupWorld for World_9, bSessionEnded=true, bCleanupResources=true
[2020.08.18-21.25.48:343][527]LogSlate: InvalidateAllWidgets triggered.  All widgets were invalidated
[2020.08.18-21.25.48:400][527]LogWorld: UWorld::CleanupWorld for World_10, bSessionEnded=true, bCleanupResources=true
[2020.08.18-21.25.48:400][527]LogSlate: InvalidateAllWidgets triggered.  All widgets were invalidated
[2020.08.18-21.25.48:408][527]LogWorld: UWorld::CleanupWorld for World_11, bSessionEnded=true, bCleanupResources=true
[2020.08.18-21.25.48:409][527]LogSlate: InvalidateAllWidgets triggered.  All widgets were invalidated
[2020.08.18-21.25.49:495][619]LogAssetEditorSubsystem: Opening Asset editor for SkeletalMesh /Game/BlueprintCharacter/MyeouCharacter/MyeouTGun.MyeouTGun
[2020.08.18-21.25.49:498][619]LogActorComponent: RegisterComponentWithWorld: (/Engine/Transient.World_12:PersistentLevel.AnimationEditorPreviewActor_0.DebugSkelMeshComponent_0) Already registered. Aborting.
[2020.08.18-21.25.49:605][619]LogSkeletalMesh: USkeletalMeshComponent::InitArticulated : Bodies already created (/Engine/Transient.World_12:PersistentLevel.AnimationEditorPreviewActor_0.DebugSkelMeshComponent_0) - call TermArticulated first.
[2020.08.18-21.25.57:543][362]LogSavePackage: Moving 'E:/Tilinka Interactive/Myeou/1.1/Myeou/Product/Myeou/Saved/MyeouTGunD015FF834D8E311A382B3D9F7D130ADF.tmp' to 'E:/Tilinka Interactive/Myeou/1.1/Myeou/Product/Myeou/Content/BlueprintCharacter/MyeouCharacter/MyeouTGun.uasset'
[2020.08.18-21.25.57:555][362]AssetCheck: New page: Asset Save: MyeouTGun
[2020.08.18-21.25.57:555][362]LogContentValidation: Display: Validating SkeletalMesh /Game/BlueprintCharacter/MyeouCharacter/MyeouTGun.MyeouTGun
[2020.08.18-21.25.57:792][370]LogSavePackage: Moving 'E:/Tilinka Interactive/Myeou/1.1/Myeou/Product/Myeou/Saved/MyeouTGun3216340749F86F04D96B658AB8A98B1B.tmp' to 'E:/Tilinka Interactive/Myeou/1.1/Myeou/Product/Myeou/Content/BlueprintCharacter/MyeouCharacter/MyeouTGun.uasset'
[2020.08.18-21.25.57:803][370]AssetCheck: New page: Asset Save: MyeouTGun
[2020.08.18-21.25.57:803][370]LogContentValidation: Display: Validating SkeletalMesh /Game/BlueprintCharacter/MyeouCharacter/MyeouTGun.MyeouTGun
[2020.08.18-21.26.03:209][843]LogAssetEditorSubsystem: Opening Asset editor for Skeleton /Game/BlueprintCharacter/MyeouCharacter/MyeouTGun_Skeleton.MyeouTGun_Skeleton
[2020.08.18-21.26.03:212][843]LogActorComponent: RegisterComponentWithWorld: (/Engine/Transient.World_13:PersistentLevel.AnimationEditorPreviewActor_0.DebugSkelMeshComponent_0) Already registered. Aborting.
[2020.08.18-21.26.03:249][843]LogSkeletalMesh: USkeletalMeshComponent::InitArticulated : Bodies already created (/Engine/Transient.World_13:PersistentLevel.AnimationEditorPreviewActor_0.DebugSkelMeshComponent_0) - call TermArticulated first.
[2020.08.18-21.26.58:547][155]LogSavePackage: Moving 'E:/Tilinka Interactive/Myeou/1.1/Myeou/Product/Myeou/Saved/MyeouTGun1C934CB246B2BEA9E0761AB3C195F74D.tmp' to 'E:/Tilinka Interactive/Myeou/1.1/Myeou/Product/Myeou/Content/BlueprintCharacter/MyeouCharacter/MyeouTGun.uasset'
[2020.08.18-21.26.58:558][155]AssetCheck: New page: Asset Save: MyeouTGun
[2020.08.18-21.26.58:558][155]LogContentValidation: Display: Validating SkeletalMesh /Game/BlueprintCharacter/MyeouCharacter/MyeouTGun.MyeouTGun
[2020.08.18-21.26.58:776][161]LogSavePackage: Moving 'E:/Tilinka Interactive/Myeou/1.1/Myeou/Product/Myeou/Saved/MyeouTGun8EF4A7494995ED1030C6D2A80E78214C.tmp' to 'E:/Tilinka Interactive/Myeou/1.1/Myeou/Product/Myeou/Content/BlueprintCharacter/MyeouCharacter/MyeouTGun.uasset'
[2020.08.18-21.26.58:788][161]AssetCheck: New page: Asset Save: MyeouTGun
[2020.08.18-21.26.58:788][161]LogContentValidation: Display: Validating SkeletalMesh /Game/BlueprintCharacter/MyeouCharacter/MyeouTGun.MyeouTGun
[2020.08.18-21.27.15:394][746]LogAssetEditorSubsystem: Opening Asset editor for BlendSpace /Game/BlueprintCharacter/MyeouCharacter/Myeou_BS.Myeou_BS
[2020.08.18-21.27.15:398][746]LogActorComponent: RegisterComponentWithWorld: (/Engine/Transient.World_14:PersistentLevel.AnimationEditorPreviewActor_0.DebugSkelMeshComponent_0) Already registered. Aborting.
[2020.08.18-21.27.15:439][746]LogSkeletalMesh: USkeletalMeshComponent::InitArticulated : Bodies already created (/Engine/Transient.World_14:PersistentLevel.AnimationEditorPreviewActor_0.DebugSkelMeshComponent_0) - call TermArticulated first.
[2020.08.18-21.27.15:678][746]LogContentBrowser: Verbose: The majority of assets in the view are of type: AnimSequence
[2020.08.18-21.27.29:271][202]LogWorld: UWorld::CleanupWorld for World_14, bSessionEnded=true, bCleanupResources=true
[2020.08.18-21.27.29:271][202]LogSlate: InvalidateAllWidgets triggered.  All widgets were invalidated
[2020.08.18-21.27.29:334][202]LogWorld: UWorld::CleanupWorld for World_15, bSessionEnded=true, bCleanupResources=true
[2020.08.18-21.27.29:334][202]LogSlate: InvalidateAllWidgets triggered.  All widgets were invalidated
[2020.08.18-21.28.45:739][174]LogSlate: Window 'MyeouTGun_Skeleton' being destroyed
[2020.08.18-21.28.45:748][174]LogSlate: Window 'MyeouTGun_Skeleton' being destroyed
[2020.08.18-21.28.45:757][174]LogWorld: UWorld::CleanupWorld for World_12, bSessionEnded=true, bCleanupResources=true
[2020.08.18-21.28.45:757][174]LogSlate: InvalidateAllWidgets triggered.  All widgets were invalidated
[2020.08.18-21.28.45:813][174]LogWorld: UWorld::CleanupWorld for World_13, bSessionEnded=true, bCleanupResources=true
[2020.08.18-21.28.45:813][174]LogSlate: InvalidateAllWidgets triggered.  All widgets were invalidated
[2020.08.18-21.28.48:097][398]SourceControl: fatal: D:/Unreal Engine/UE_4.24/Engine/Content: 'D:/Unreal Engine/UE_4.24/Engine/Content' is outside repository
[2020.08.18-21.28.49:766][398]LogSlate: Window 'Submit Files' being destroyed
