Log file open, 08/27/20 13:12:46
LogWindows: Failed to load 'aqProf.dll' (GetLastError=126)
LogWindows: File 'aqProf.dll' does not exist
LogWindows: Failed to load 'VtuneApi.dll' (GetLastError=126)
LogWindows: File 'VtuneApi.dll' does not exist
LogWindows: Failed to load 'VtuneApi32e.dll' (GetLastError=126)
LogWindows: File 'VtuneApi32e.dll' does not exist
LogConsoleResponse: Display: Failed to find resolution value strings in scalability ini. Falling back to default.
LogInit: Display: Running engine for game: Myeou
LogPlatformFile: Not using cached read wrapper
LogTaskGraph: Started task graph with 5 named threads and 23 total threads with 3 sets of task threads.
LogStats: Stats thread started at 0.094081
LogD3D11RHI: Loaded GFSDK_Aftermath_Lib.x64.dll
LogICUInternationalization: ICU TimeZone Detection - Raw Offset: -4:00, Platform Override: ''
LogPluginManager: Mounting plugin Paper2D
LogPluginManager: Mounting plugin AISupport
LogPluginManager: Mounting plugin LightPropagationVolume
LogPluginManager: Mounting plugin ActorLayerUtilities
LogPluginManager: Mounting plugin AnimationSharing
LogPluginManager: Mounting plugin CLionSourceCodeAccess
LogPluginManager: Mounting plugin CodeLiteSourceCodeAccess
LogPluginManager: Mounting plugin GitSourceControl
LogPluginManager: Mounting plugin KDevelopSourceCodeAccess
LogPluginManager: Mounting plugin NullSourceCodeAccess
LogPluginManager: Mounting plugin PerforceSourceControl
LogPluginManager: Mounting plugin PlasticSourceControl
LogPluginManager: Mounting plugin SubversionSourceControl
LogPluginManager: Mounting plugin UObjectPlugin
LogPluginManager: Mounting plugin VisualStudioCodeSourceCodeAccess
LogPluginManager: Mounting plugin VisualStudioSourceCodeAccess
LogPluginManager: Mounting plugin XCodeSourceCodeAccess
LogPluginManager: Mounting plugin AssetManagerEditor
LogPluginManager: Mounting plugin CryptoKeys
LogPluginManager: Mounting plugin CurveEditorTools
LogPluginManager: Mounting plugin DataValidation
LogPluginManager: Mounting plugin FacialAnimation
LogPluginManager: Mounting plugin GameplayTagsEditor
LogPluginManager: Mounting plugin MacGraphicsSwitching
LogPluginManager: Mounting plugin MaterialAnalyzer
LogPluginManager: Mounting plugin MobileLauncherProfileWizard
LogPluginManager: Mounting plugin PluginBrowser
LogPluginManager: Mounting plugin SpeedTreeImporter
LogPluginManager: Mounting plugin DatasmithContent
LogPluginManager: Mounting plugin VariantManagerContent
LogPluginManager: Mounting plugin AlembicImporter
LogPluginManager: Mounting plugin AutomationUtils
LogPluginManager: Mounting plugin BackChannel
LogPluginManager: Mounting plugin CharacterAI
LogPluginManager: Mounting plugin GeometryCache
LogPluginManager: Mounting plugin PlatformCrypto
LogPluginManager: Mounting plugin ProxyLODPlugin
LogPluginManager: Mounting plugin SkeletalReduction
LogPluginManager: Mounting plugin MagicLeap
LogPluginManager: Mounting plugin MagicLeapMedia
LogPluginManager: Mounting plugin MLSDK
LogPluginManager: Mounting plugin AndroidMedia
LogPluginManager: Mounting plugin AvfMedia
LogPluginManager: Mounting plugin ImgMedia
LogPluginManager: Mounting plugin MediaCompositing
LogPluginManager: Mounting plugin MediaPlayerEditor
LogPluginManager: Mounting plugin WebMMedia
LogPluginManager: Mounting plugin WmfMedia
LogPluginManager: Mounting plugin TcpMessaging
LogPluginManager: Mounting plugin UdpMessaging
LogPluginManager: Mounting plugin ActorSequence
LogPluginManager: Mounting plugin LevelSequenceEditor
LogPluginManager: Mounting plugin MatineeToLevelSequence
LogPluginManager: Mounting plugin NetcodeUnitTest
LogPluginManager: Mounting plugin NUTUnrealEngine4
LogPluginManager: Mounting plugin OnlineSubsystemGooglePlay
LogPluginManager: Mounting plugin OnlineSubsystemIOS
LogPluginManager: Mounting plugin OnlineSubsystem
LogPluginManager: Mounting plugin OnlineSubsystemNull
LogPluginManager: Mounting plugin OnlineSubsystemUtils
LogPluginManager: Mounting plugin LauncherChunkInstaller
LogPluginManager: Mounting plugin AndroidDeviceProfileSelector
LogPluginManager: Mounting plugin AndroidMoviePlayer
LogPluginManager: Mounting plugin AndroidPermission
LogPluginManager: Mounting plugin AppleImageUtils
LogPluginManager: Mounting plugin AppleMoviePlayer
LogPluginManager: Mounting plugin ArchVisCharacter
LogPluginManager: Mounting plugin AssetTags
LogPluginManager: Mounting plugin AudioCapture
LogPluginManager: Mounting plugin CableComponent
LogPluginManager: Mounting plugin CustomMeshComponent
LogPluginManager: Mounting plugin EditableMesh
LogPluginManager: Mounting plugin ExampleDeviceProfileSelector
LogPluginManager: Mounting plugin GoogleCloudMessaging
LogPluginManager: Mounting plugin IOSDeviceProfileSelector
LogPluginManager: Mounting plugin LinuxDeviceProfileSelector
LogPluginManager: Mounting plugin LocationServicesBPLibrary
LogPluginManager: Mounting plugin MobilePatchingUtils
LogPluginManager: Mounting plugin OculusVR
LogPluginManager: Mounting plugin PhysXVehicles
LogPluginManager: Mounting plugin PostSplashScreen
LogPluginManager: Mounting plugin ProceduralMeshComponent
LogPluginManager: Mounting plugin RuntimePhysXCooking
LogPluginManager: Mounting plugin SignificanceManager
LogPluginManager: Mounting plugin SteamVR
LogPluginManager: Mounting plugin WebMMoviePlayer
LogPluginManager: Mounting plugin WindowsMoviePlayer
LogPluginManager: Mounting plugin ScreenshotTools
LogInit: Using libcurl 7.55.1-DEV
LogInit:  - built for x86_64-pc-win32
LogInit:  - supports SSL with OpenSSL/1.1.1
LogInit:  - supports HTTP deflate (compression) using libz 1.2.8
LogInit:  - other features:
LogInit:      CURL_VERSION_SSL
LogInit:      CURL_VERSION_LIBZ
LogInit:      CURL_VERSION_IPV6
LogInit:      CURL_VERSION_ASYNCHDNS
LogInit:      CURL_VERSION_LARGEFILE
LogInit:      CURL_VERSION_IDN
LogInit:  CurlRequestOptions (configurable via config and command line):
LogInit:  - bVerifyPeer = true  - Libcurl will verify peer certificate
LogInit:  - bUseHttpProxy = false  - Libcurl will NOT use HTTP proxy
LogInit:  - bDontReuseConnections = false  - Libcurl will reuse connections
LogInit:  - MaxHostConnections = 16  - Libcurl will limit the number of connections to a host
LogInit:  - LocalHostAddr = Default
LogInit:  - BufferSize = 65536
LogOnline: OSS: Creating online subsystem instance for: NULL
LogInit: WinSock: version 1.1 (2.2), MaxSocks=32767, MaxUdp=65467
LogOnline: OSS: TryLoadSubsystemAndSetDefault: Loaded subsystem for module [NULL]
LogInit: Build: ++UE4+Release-4.24-CL-11590370
LogInit: Engine Version: 4.24.3-11590370+++UE4+Release-4.24
LogInit: Compatible Engine Version: 4.24.0-10570792+++UE4+Release-4.24
LogInit: Net CL: 10570792
LogInit: OS: Windows 10 (Release 2004) (), CPU: Intel(R) Core(TM) i7-6700 CPU @ 3.40GHz, GPU: AMD Radeon (TM) R7 370 Series Graphics
LogInit: Compiled (64-bit): Feb 24 2020 15:39:18
LogInit: Compiled with Visual C++: 19.16.27032.01
LogInit: Build Configuration: Development
LogInit: Branch Name: ++UE4+Release-4.24
LogInit: Command Line:  /Game/Levels/DevTest -game -PIEVIACONSOLE -ResX=1280 -ResY=720 -Multiprocess -messaging -SessionName="Play in Standalone Game" -featureleveles31 -faketouches -MultiprocessSaveConfig -windowed
LogInit: Base Directory: D:/Unreal Engine/UE_4.24/Engine/Binaries/Win64/
LogInit: Installed Engine Build: 1
LogDevObjectVersion: Number of dev versions registered: 25
LogDevObjectVersion:   Dev-Blueprints (B0D832E4-1F89-4F0D-ACCF-7EB736FD4AA2): 10
LogDevObjectVersion:   Dev-Build (E1C64328-A22C-4D53-A36C-8E866417BD8C): 0
LogDevObjectVersion:   Dev-Core (375EC13C-06E4-48FB-B500-84F0262A717E): 3
LogDevObjectVersion:   Dev-Editor (E4B068ED-F494-42E9-A231-DA0B2E46BB41): 37
LogDevObjectVersion:   Dev-Framework (CFFC743F-43B0-4480-9391-14DF171D2073): 36
LogDevObjectVersion:   Dev-Mobile (B02B49B5-BB20-44E9-A304-32B752E40360): 2
LogDevObjectVersion:   Dev-Networking (A4E4105C-59A1-49B5-A7C5-40C4547EDFEE): 0
LogDevObjectVersion:   Dev-Online (39C831C9-5AE6-47DC-9A44-9C173E1C8E7C): 0
LogDevObjectVersion:   Dev-Physics (78F01B33-EBEA-4F98-B9B4-84EACCB95AA2): 2
LogDevObjectVersion:   Dev-Platform (6631380F-2D4D-43E0-8009-CF276956A95A): 0
LogDevObjectVersion:   Dev-Rendering (12F88B9F-8875-4AFC-A67C-D90C383ABD29): 36
LogDevObjectVersion:   Dev-Sequencer (7B5AE74C-D270-4C10-A958-57980B212A5A): 11
LogDevObjectVersion:   Dev-VR (D7296918-1DD6-4BDD-9DE2-64A83CC13884): 2
LogDevObjectVersion:   Dev-LoadTimes (C2A15278-BFE7-4AFE-6C17-90FF531DF755): 1
LogDevObjectVersion:   Private-Geometry (6EACA3D4-40EC-4CC1-B786-8BED09428FC5): 3
LogDevObjectVersion:   Dev-AnimPhys (29E575DD-E0A3-4627-9D10-D276232CDCEA): 17
LogDevObjectVersion:   Dev-Anim (AF43A65D-7FD3-4947-9873-3E8ED9C1BB05): 2
LogDevObjectVersion:   Dev-ReflectionCapture (6B266CEC-1EC7-4B8F-A30B-E4D90942FC07): 1
LogDevObjectVersion:   Dev-Automation (0DF73D61-A23F-47EA-B727-89E90C41499A): 1
LogDevObjectVersion:   FortniteMain (601D1886-AC64-4F84-AA16-D3DE0DEAC7D6): 31
LogDevObjectVersion:   Dev-Enterprise (9DFFBCD6-494F-0158-E221-12823C92A888): 8
LogDevObjectVersion:   Dev-Niagara (F2AED0AC-9AFE-416F-8664-AA7FFA26D6FC): 1
LogDevObjectVersion:   Dev-Destruction (174F1F0B-B4C6-45A5-B13F-2EE8D0FB917D): 9
LogDevObjectVersion:   Dev-Physics-Ext (35F94A83-E258-406C-A318-09F59610247C): 8
LogDevObjectVersion:   Dev-CineCamera (B2E18506-4273-CFC2-A54E-F4BB758BBA07): 1
LogInit: Presizing for max 25165824 objects, including 0 objects not considered by GC, pre-allocating 0 bytes for permanent pool.
LogInit: Object subsystem initialized
LogConfig: Setting CVar [[con.DebugEarlyDefault:1]]
LogConfig: Setting CVar [[r.setres:1280x720]]
[2020.08.27-17.12.46:741][  0]LogConfig: Setting CVar [[con.DebugEarlyDefault:1]]
[2020.08.27-17.12.46:741][  0]LogConfig: Setting CVar [[r.setres:1280x720]]
[2020.08.27-17.12.46:741][  0]LogConfig: Applying CVar settings from Section [/Script/Engine.RendererSettings] File [E:/Tilinka Interactive/Myeou/1.1/Myeou/Product/Myeou/Saved/Config/Windows/Engine.ini]
[2020.08.27-17.12.46:741][  0]LogConfig: Setting CVar [[r.GPUCrashDebugging:0]]
[2020.08.27-17.12.46:741][  0]LogConfig: Setting CVar [[r.MobileHDR:0]]
[2020.08.27-17.12.46:741][  0]LogConfig: Setting CVar [[r.Mobile.DisableVertexFog:1]]
[2020.08.27-17.12.46:741][  0]LogConfig: Setting CVar [[r.Shadow.CSM.MaxMobileCascades:2]]
[2020.08.27-17.12.46:741][  0]LogConfig: Setting CVar [[r.MobileMSAA:1]]
[2020.08.27-17.12.46:741][  0]LogConfig: Setting CVar [[r.Mobile.UseLegacyShadingModel:0]]
[2020.08.27-17.12.46:741][  0]LogConfig: Setting CVar [[r.Mobile.UseHWsRGBEncoding:0]]
[2020.08.27-17.12.46:741][  0]LogConfig: Setting CVar [[r.Mobile.AllowDitheredLODTransition:0]]
[2020.08.27-17.12.46:741][  0]LogConfig: Setting CVar [[r.Mobile.AllowSoftwareOcclusion:0]]
[2020.08.27-17.12.46:741][  0]LogConfig: Setting CVar [[r.DiscardUnusedQuality:0]]
[2020.08.27-17.12.46:741][  0]LogConfig: Setting CVar [[r.AllowOcclusionQueries:1]]
[2020.08.27-17.12.46:741][  0]LogConfig: Setting CVar [[r.MinScreenRadiusForLights:0.030000]]
[2020.08.27-17.12.46:741][  0]LogConfig: Setting CVar [[r.MinScreenRadiusForDepthPrepass:0.030000]]
[2020.08.27-17.12.46:741][  0]LogConfig: Setting CVar [[r.MinScreenRadiusForCSMDepth:0.010000]]
[2020.08.27-17.12.46:741][  0]LogConfig: Setting CVar [[r.PrecomputedVisibilityWarning:0]]
[2020.08.27-17.12.46:741][  0]LogConfig: Setting CVar [[r.TextureStreaming:1]]
[2020.08.27-17.12.46:741][  0]LogConfig: Setting CVar [[Compat.UseDXT5NormalMaps:0]]
[2020.08.27-17.12.46:741][  0]LogConfig: Setting CVar [[r.VirtualTextures:0]]
[2020.08.27-17.12.46:741][  0]LogConfig: Setting CVar [[r.VirtualTexturedLightmaps:0]]
[2020.08.27-17.12.46:741][  0]LogConfig: Setting CVar [[r.VT.TileSize:128]]
[2020.08.27-17.12.46:742][  0]LogConfig: Setting CVar [[r.VT.TileBorderSize:4]]
[2020.08.27-17.12.46:742][  0]LogConfig: Setting CVar [[r.vt.FeedbackFactor:16]]
[2020.08.27-17.12.46:742][  0]LogConfig: Setting CVar [[r.VT.EnableCompressZlib:1]]
[2020.08.27-17.12.46:742][  0]LogConfig: Setting CVar [[r.VT.EnableCompressCrunch:0]]
[2020.08.27-17.12.46:742][  0]LogConfig: Setting CVar [[r.ClearCoatNormal:0]]
[2020.08.27-17.12.46:742][  0]LogConfig: Setting CVar [[r.ReflectionCaptureResolution:128]]
[2020.08.27-17.12.46:742][  0]LogConfig: Setting CVar [[r.ReflectionEnvironmentLightmapMixBasedOnRoughness:1]]
[2020.08.27-17.12.46:742][  0]LogConfig: Setting CVar [[r.ForwardShading:0]]
[2020.08.27-17.12.46:742][  0]LogConfig: Setting CVar [[r.VertexFoggingForOpaque:1]]
[2020.08.27-17.12.46:742][  0]LogConfig: Setting CVar [[r.AllowStaticLighting:1]]
[2020.08.27-17.12.46:742][  0]LogConfig: Setting CVar [[r.NormalMapsForStaticLighting:0]]
[2020.08.27-17.12.46:742][  0]LogConfig: Setting CVar [[r.GenerateMeshDistanceFields:0]]
[2020.08.27-17.12.46:742][  0]LogConfig: Setting CVar [[r.DistanceFieldBuild.EightBit:0]]
[2020.08.27-17.12.46:742][  0]LogConfig: Setting CVar [[r.GenerateLandscapeGIData:0]]
[2020.08.27-17.12.46:742][  0]LogConfig: Setting CVar [[r.DistanceFieldBuild.Compress:0]]
[2020.08.27-17.12.46:742][  0]LogConfig: Setting CVar [[r.TessellationAdaptivePixelsPerTriangle:48.000000]]
[2020.08.27-17.12.46:742][  0]LogConfig: Setting CVar [[r.SeparateTranslucency:0]]
[2020.08.27-17.12.46:742][  0]LogConfig: Setting CVar [[r.TranslucentSortPolicy:0]]
[2020.08.27-17.12.46:742][  0]LogConfig: Setting CVar [[r.CustomDepth:1]]
[2020.08.27-17.12.46:742][  0]LogConfig: Setting CVar [[r.CustomDepthTemporalAAJitter:1]]
[2020.08.27-17.12.46:742][  0]LogConfig: Setting CVar [[r.PostProcessing.PropagateAlpha:0]]
[2020.08.27-17.12.46:742][  0]LogConfig: Setting CVar [[r.DefaultFeature.Bloom:0]]
[2020.08.27-17.12.46:742][  0]LogConfig: Setting CVar [[r.DefaultFeature.AmbientOcclusion:0]]
[2020.08.27-17.12.46:742][  0]LogConfig: Setting CVar [[r.DefaultFeature.AmbientOcclusionStaticFraction:1]]
[2020.08.27-17.12.46:742][  0]LogConfig: Setting CVar [[r.DefaultFeature.AutoExposure:0]]
[2020.08.27-17.12.46:742][  0]LogConfig: Setting CVar [[r.DefaultFeature.AutoExposure.Method:0]]
[2020.08.27-17.12.46:742][  0]LogConfig: Setting CVar [[r.DefaultFeature.AutoExposure.ExtendDefaultLuminanceRange:0]]
[2020.08.27-17.12.46:742][  0]LogConfig: Setting CVar [[r.UsePreExposure:1]]
[2020.08.27-17.12.46:742][  0]LogConfig: Setting CVar [[r.EyeAdaptation.EditorOnly:1]]
[2020.08.27-17.12.46:742][  0]LogConfig: Setting CVar [[r.DefaultFeature.MotionBlur:0]]
[2020.08.27-17.12.46:742][  0]LogConfig: Setting CVar [[r.DefaultFeature.LensFlare:0]]
[2020.08.27-17.12.46:742][  0]LogConfig: Setting CVar [[r.TemporalAA.Upsampling:0]]
[2020.08.27-17.12.46:742][  0]LogConfig: Setting CVar [[r.SSGI.Enable:0]]
[2020.08.27-17.12.46:742][  0]LogConfig: Setting CVar [[r.DefaultFeature.AntiAliasing:0]]
[2020.08.27-17.12.46:742][  0]LogConfig: Setting CVar [[r.DefaultFeature.LightUnits:1]]
[2020.08.27-17.12.46:742][  0]LogConfig: Setting CVar [[r.DefaultBackBufferPixelFormat:4]]
[2020.08.27-17.12.46:742][  0]LogConfig: Setting CVar [[r.Shadow.UnbuiltPreviewInGame:1]]
[2020.08.27-17.12.46:742][  0]LogConfig: Setting CVar [[r.StencilForLODDither:0]]
[2020.08.27-17.12.46:742][  0]LogConfig: Setting CVar [[r.EarlyZPass:3]]
[2020.08.27-17.12.46:742][  0]LogConfig: Setting CVar [[r.EarlyZPassOnlyMaterialMasking:0]]
[2020.08.27-17.12.46:742][  0]LogConfig: Setting CVar [[r.DBuffer:1]]
[2020.08.27-17.12.46:742][  0]LogConfig: Setting CVar [[r.ClearSceneMethod:1]]
[2020.08.27-17.12.46:742][  0]LogConfig: Setting CVar [[r.BasePassOutputsVelocity:0]]
[2020.08.27-17.12.46:742][  0]LogConfig: Setting CVar [[r.SelectiveBasePassOutputs:0]]
[2020.08.27-17.12.46:742][  0]LogConfig: Setting CVar [[fx.GPUSimulationTextureSizeX:1024]]
[2020.08.27-17.12.46:742][  0]LogConfig: Setting CVar [[fx.GPUSimulationTextureSizeY:1024]]
[2020.08.27-17.12.46:742][  0]LogConfig: Setting CVar [[r.AllowGlobalClipPlane:0]]
[2020.08.27-17.12.46:742][  0]LogConfig: Setting CVar [[r.GBufferFormat:1]]
[2020.08.27-17.12.46:742][  0]LogConfig: Setting CVar [[r.MorphTarget.Mode:1]]
[2020.08.27-17.12.46:742][  0]LogConfig: Setting CVar [[vr.InstancedStereo:0]]
[2020.08.27-17.12.46:742][  0]LogConfig: Setting CVar [[vr.MultiView:0]]
[2020.08.27-17.12.46:742][  0]LogConfig: Setting CVar [[vr.MobileMultiView:0]]
[2020.08.27-17.12.46:742][  0]LogConfig: Setting CVar [[vr.MobileMultiView.Direct:0]]
[2020.08.27-17.12.46:742][  0]LogConfig: Setting CVar [[vr.RoundRobinOcclusion:0]]
[2020.08.27-17.12.46:742][  0]LogConfig: Setting CVar [[vr.ODSCapture:0]]
[2020.08.27-17.12.46:742][  0]LogConfig: Setting CVar [[r.WireframeCullThreshold:5.000000]]
[2020.08.27-17.12.46:742][  0]LogConfig: Setting CVar [[r.RayTracing:0]]
[2020.08.27-17.12.46:742][  0]LogConfig: Setting CVar [[r.RayTracing.UseTextureLod:0]]
[2020.08.27-17.12.46:743][  0]LogConfig: Setting CVar [[r.SupportStationarySkylight:1]]
[2020.08.27-17.12.46:743][  0]LogConfig: Setting CVar [[r.SupportLowQualityLightmaps:1]]
[2020.08.27-17.12.46:743][  0]LogConfig: Setting CVar [[r.SupportPointLightWholeSceneShadows:1]]
[2020.08.27-17.12.46:743][  0]LogConfig: Setting CVar [[r.SupportAtmosphericFog:1]]
[2020.08.27-17.12.46:743][  0]LogConfig: Setting CVar [[r.SupportSkyAtmosphere:1]]
[2020.08.27-17.12.46:743][  0]LogConfig: Setting CVar [[r.SupportSkyAtmosphereAffectsHeightFog:0]]
[2020.08.27-17.12.46:743][  0]LogConfig: Setting CVar [[r.SkinCache.CompileShaders:0]]
[2020.08.27-17.12.46:743][  0]LogConfig: Setting CVar [[r.Mobile.EnableStaticAndCSMShadowReceivers:1]]
[2020.08.27-17.12.46:743][  0]LogConfig: Setting CVar [[r.Mobile.EnableMovableLightCSMShaderCulling:1]]
[2020.08.27-17.12.46:743][  0]LogConfig: Setting CVar [[r.Mobile.AllowDistanceFieldShadows:1]]
[2020.08.27-17.12.46:743][  0]LogConfig: Setting CVar [[r.Mobile.AllowMovableDirectionalLights:1]]
[2020.08.27-17.12.46:743][  0]LogConfig: Setting CVar [[r.MobileNumDynamicPointLights:4]]
[2020.08.27-17.12.46:743][  0]LogConfig: Setting CVar [[r.MobileDynamicPointLightsUseStaticBranch:1]]
[2020.08.27-17.12.46:743][  0]LogConfig: Setting CVar [[r.Mobile.EnableMovableSpotlights:0]]
[2020.08.27-17.12.46:743][  0]LogConfig: Setting CVar [[r.SkinCache.SceneMemoryLimitInMB:128.000000]]
[2020.08.27-17.12.46:743][  0]LogConfig: Setting CVar [[r.GPUSkin.Limit2BoneInfluences:0]]
[2020.08.27-17.12.46:743][  0]LogConfig: Setting CVar [[r.SupportDepthOnlyIndexBuffers:1]]
[2020.08.27-17.12.46:743][  0]LogConfig: Setting CVar [[r.SupportReversedIndexBuffers:1]]
[2020.08.27-17.12.46:743][  0]LogConfig: Setting CVar [[r.SupportMaterialLayers:0]]
[2020.08.27-17.12.46:743][  0]LogConfig: Setting CVar [[r.LightPropagationVolume:0]]
[2020.08.27-17.12.46:743][  0]LogConfig: Applying CVar settings from Section [/Script/Engine.RendererOverrideSettings] File [E:/Tilinka Interactive/Myeou/1.1/Myeou/Product/Myeou/Saved/Config/Windows/Engine.ini]
[2020.08.27-17.12.46:743][  0]LogConfig: Applying CVar settings from Section [/Script/Engine.StreamingSettings] File [E:/Tilinka Interactive/Myeou/1.1/Myeou/Product/Myeou/Saved/Config/Windows/Engine.ini]
[2020.08.27-17.12.46:743][  0]LogConfig: Setting CVar [[s.MinBulkDataSizeForAsyncLoading:131072]]
[2020.08.27-17.12.46:743][  0]LogConfig: Setting CVar [[s.AsyncLoadingThreadEnabled:0]]
[2020.08.27-17.12.46:743][  0]LogConfig: Setting CVar [[s.EventDrivenLoaderEnabled:1]]
[2020.08.27-17.12.46:743][  0]LogConfig: Setting CVar [[s.WarnIfTimeLimitExceeded:0]]
[2020.08.27-17.12.46:743][  0]LogConfig: Setting CVar [[s.TimeLimitExceededMultiplier:1.5]]
[2020.08.27-17.12.46:743][  0]LogConfig: Setting CVar [[s.TimeLimitExceededMinTime:0.005]]
[2020.08.27-17.12.46:743][  0]LogConfig: Setting CVar [[s.UseBackgroundLevelStreaming:1]]
[2020.08.27-17.12.46:743][  0]LogConfig: Setting CVar [[s.PriorityAsyncLoadingExtraTime:15.0]]
[2020.08.27-17.12.46:743][  0]LogConfig: Setting CVar [[s.LevelStreamingActorsUpdateTimeLimit:5.0]]
[2020.08.27-17.12.46:743][  0]LogConfig: Setting CVar [[s.PriorityLevelStreamingActorsUpdateExtraTime:5.0]]
[2020.08.27-17.12.46:743][  0]LogConfig: Setting CVar [[s.LevelStreamingComponentsRegistrationGranularity:10]]
[2020.08.27-17.12.46:743][  0]LogConfig: Setting CVar [[s.UnregisterComponentsTimeLimit:1.0]]
[2020.08.27-17.12.46:743][  0]LogConfig: Setting CVar [[s.LevelStreamingComponentsUnregistrationGranularity:5]]
[2020.08.27-17.12.46:743][  0]LogConfig: Setting CVar [[s.FlushStreamingOnExit:1]]
[2020.08.27-17.12.46:743][  0]LogConfig: Applying CVar settings from Section [/Script/Engine.GarbageCollectionSettings] File [E:/Tilinka Interactive/Myeou/1.1/Myeou/Product/Myeou/Saved/Config/Windows/Engine.ini]
[2020.08.27-17.12.46:743][  0]LogConfig: Setting CVar [[gc.MaxObjectsNotConsideredByGC:1]]
[2020.08.27-17.12.46:743][  0]LogConfig: Setting CVar [[gc.SizeOfPermanentObjectPool:0]]
[2020.08.27-17.12.46:743][  0]LogConfig: Setting CVar [[gc.FlushStreamingOnGC:0]]
[2020.08.27-17.12.46:743][  0]LogConfig: Setting CVar [[gc.NumRetriesBeforeForcingGC:10]]
[2020.08.27-17.12.46:743][  0]LogConfig: Setting CVar [[gc.AllowParallelGC:1]]
[2020.08.27-17.12.46:743][  0]LogConfig: Setting CVar [[gc.TimeBetweenPurgingPendingKillObjects:61.1]]
[2020.08.27-17.12.46:743][  0]LogConfig: Setting CVar [[gc.MaxObjectsInEditor:25165824]]
[2020.08.27-17.12.46:743][  0]LogConfig: Setting CVar [[gc.IncrementalBeginDestroyEnabled:1]]
[2020.08.27-17.12.46:743][  0]LogConfig: Setting CVar [[gc.CreateGCClusters:1]]
[2020.08.27-17.12.46:743][  0]LogConfig: Setting CVar [[gc.MinGCClusterSize:5]]
[2020.08.27-17.12.46:744][  0]LogConfig: Setting CVar [[gc.ActorClusteringEnabled:0]]
[2020.08.27-17.12.46:744][  0]LogConfig: Setting CVar [[gc.BlueprintClusteringEnabled:0]]
[2020.08.27-17.12.46:744][  0]LogConfig: Setting CVar [[gc.UseDisregardForGCOnDedicatedServers:0]]
[2020.08.27-17.12.46:744][  0]LogConfig: Applying CVar settings from Section [/Script/Engine.NetworkSettings] File [E:/Tilinka Interactive/Myeou/1.1/Myeou/Product/Myeou/Saved/Config/Windows/Engine.ini]
[2020.08.27-17.12.46:744][  0]LogConfig: Applying CVar settings from Section [/Script/UnrealEd.CookerSettings] File [E:/Tilinka Interactive/Myeou/1.1/Myeou/Product/Myeou/Saved/Config/Windows/Engine.ini]
[2020.08.27-17.12.46:748][  0]LogConfig: Applying CVar settings from Section [ViewDistanceQuality@3] File [E:/Tilinka Interactive/Myeou/1.1/Myeou/Product/Myeou/Saved/Config/Windows/Scalability.ini]
[2020.08.27-17.12.46:748][  0]LogConfig: Setting CVar [[r.SkeletalMeshLODBias:0]]
[2020.08.27-17.12.46:748][  0]LogConfig: Setting CVar [[r.ViewDistanceScale:1.0]]
[2020.08.27-17.12.46:748][  0]LogConfig: Applying CVar settings from Section [AntiAliasingQuality@3] File [E:/Tilinka Interactive/Myeou/1.1/Myeou/Product/Myeou/Saved/Config/Windows/Scalability.ini]
[2020.08.27-17.12.46:748][  0]LogConfig: Setting CVar [[r.PostProcessAAQuality:4]]
[2020.08.27-17.12.46:748][  0]LogConfig: Applying CVar settings from Section [ShadowQuality@3] File [E:/Tilinka Interactive/Myeou/1.1/Myeou/Product/Myeou/Saved/Config/Windows/Scalability.ini]
[2020.08.27-17.12.46:748][  0]LogConfig: Setting CVar [[r.LightFunctionQuality:1]]
[2020.08.27-17.12.46:748][  0]LogConfig: Setting CVar [[r.ShadowQuality:5]]
[2020.08.27-17.12.46:748][  0]LogConfig: Setting CVar [[r.Shadow.CSM.MaxCascades:10]]
[2020.08.27-17.12.46:748][  0]LogConfig: Setting CVar [[r.Shadow.MaxResolution:2048]]
[2020.08.27-17.12.46:748][  0]LogConfig: Setting CVar [[r.Shadow.MaxCSMResolution:2048]]
[2020.08.27-17.12.46:748][  0]LogConfig: Setting CVar [[r.Shadow.RadiusThreshold:0.01]]
[2020.08.27-17.12.46:748][  0]LogConfig: Setting CVar [[r.Shadow.DistanceScale:1.0]]
[2020.08.27-17.12.46:748][  0]LogConfig: Setting CVar [[r.Shadow.CSM.TransitionScale:1.0]]
[2020.08.27-17.12.46:748][  0]LogConfig: Setting CVar [[r.Shadow.PreShadowResolutionFactor:1.0]]
[2020.08.27-17.12.46:748][  0]LogConfig: Setting CVar [[r.DistanceFieldShadowing:1]]
[2020.08.27-17.12.46:748][  0]LogConfig: Setting CVar [[r.DistanceFieldAO:1]]
[2020.08.27-17.12.46:748][  0]LogConfig: Setting CVar [[r.AOQuality:2]]
[2020.08.27-17.12.46:748][  0]LogConfig: Setting CVar [[r.VolumetricFog:1]]
[2020.08.27-17.12.46:748][  0]LogConfig: Setting CVar [[r.VolumetricFog.GridPixelSize:8]]
[2020.08.27-17.12.46:748][  0]LogConfig: Setting CVar [[r.VolumetricFog.GridSizeZ:128]]
[2020.08.27-17.12.46:748][  0]LogConfig: Setting CVar [[r.VolumetricFog.HistoryMissSupersampleCount:4]]
[2020.08.27-17.12.46:748][  0]LogConfig: Setting CVar [[r.LightMaxDrawDistanceScale:1]]
[2020.08.27-17.12.46:748][  0]LogConfig: Setting CVar [[r.CapsuleShadows:1]]
[2020.08.27-17.12.46:748][  0]LogConfig: Applying CVar settings from Section [PostProcessQuality@3] File [E:/Tilinka Interactive/Myeou/1.1/Myeou/Product/Myeou/Saved/Config/Windows/Scalability.ini]
[2020.08.27-17.12.46:748][  0]LogConfig: Setting CVar [[r.MotionBlurQuality:4]]
[2020.08.27-17.12.46:748][  0]LogConfig: Setting CVar [[r.AmbientOcclusionMipLevelFactor:0.4]]
[2020.08.27-17.12.46:748][  0]LogConfig: Setting CVar [[r.AmbientOcclusionMaxQuality:100]]
[2020.08.27-17.12.46:748][  0]LogConfig: Setting CVar [[r.AmbientOcclusionLevels:-1]]
[2020.08.27-17.12.46:748][  0]LogConfig: Setting CVar [[r.AmbientOcclusionRadiusScale:1.0]]
[2020.08.27-17.12.46:748][  0]LogConfig: Setting CVar [[r.DepthOfFieldQuality:2]]
[2020.08.27-17.12.46:748][  0]LogConfig: Setting CVar [[r.RenderTargetPoolMin:400]]
[2020.08.27-17.12.46:748][  0]LogConfig: Setting CVar [[r.LensFlareQuality:2]]
[2020.08.27-17.12.46:748][  0]LogConfig: Setting CVar [[r.SceneColorFringeQuality:1]]
[2020.08.27-17.12.46:748][  0]LogConfig: Setting CVar [[r.EyeAdaptationQuality:2]]
[2020.08.27-17.12.46:748][  0]LogConfig: Setting CVar [[r.BloomQuality:5]]
[2020.08.27-17.12.46:748][  0]LogConfig: Setting CVar [[r.FastBlurThreshold:100]]
[2020.08.27-17.12.46:748][  0]LogConfig: Setting CVar [[r.Upscale.Quality:3]]
[2020.08.27-17.12.46:748][  0]LogConfig: Setting CVar [[r.Tonemapper.GrainQuantization:1]]
[2020.08.27-17.12.46:748][  0]LogConfig: Setting CVar [[r.LightShaftQuality:1]]
[2020.08.27-17.12.46:748][  0]LogConfig: Setting CVar [[r.Filter.SizeScale:1]]
[2020.08.27-17.12.46:748][  0]LogConfig: Setting CVar [[r.Tonemapper.Quality:5]]
[2020.08.27-17.12.46:748][  0]LogConfig: Setting CVar [[r.DOF.Gather.AccumulatorQuality:1        ; higher gathering accumulator quality]]
[2020.08.27-17.12.46:748][  0]LogConfig: Setting CVar [[r.DOF.Gather.PostfilterMethod:1          ; Median3x3 postfilering method]]
[2020.08.27-17.12.46:748][  0]LogConfig: Setting CVar [[r.DOF.Gather.EnableBokehSettings:0       ; no bokeh simulation when gathering]]
[2020.08.27-17.12.46:749][  0]LogConfig: Setting CVar [[r.DOF.Gather.RingCount:4                 ; medium number of samples when gathering]]
[2020.08.27-17.12.46:749][  0]LogConfig: Setting CVar [[r.DOF.Scatter.ForegroundCompositing:1    ; additive foreground scattering]]
[2020.08.27-17.12.46:749][  0]LogConfig: Setting CVar [[r.DOF.Scatter.BackgroundCompositing:2    ; additive background scattering]]
[2020.08.27-17.12.46:749][  0]LogConfig: Setting CVar [[r.DOF.Scatter.EnableBokehSettings:1      ; bokeh simulation when scattering]]
[2020.08.27-17.12.46:749][  0]LogConfig: Setting CVar [[r.DOF.Scatter.MaxSpriteRatio:0.1         ; only a maximum of 10% of scattered bokeh]]
[2020.08.27-17.12.46:749][  0]LogConfig: Setting CVar [[r.DOF.Recombine.Quality:1                ; cheap slight out of focus]]
[2020.08.27-17.12.46:749][  0]LogConfig: Setting CVar [[r.DOF.Recombine.EnableBokehSettings:0    ; no bokeh simulation on slight out of focus]]
[2020.08.27-17.12.46:749][  0]LogConfig: Setting CVar [[r.DOF.TemporalAAQuality:1                ; more stable temporal accumulation]]
[2020.08.27-17.12.46:749][  0]LogConfig: Setting CVar [[r.DOF.Kernel.MaxForegroundRadius:0.025]]
[2020.08.27-17.12.46:749][  0]LogConfig: Setting CVar [[r.DOF.Kernel.MaxBackgroundRadius:0.025]]
[2020.08.27-17.12.46:749][  0]LogConfig: Applying CVar settings from Section [TextureQuality@3] File [E:/Tilinka Interactive/Myeou/1.1/Myeou/Product/Myeou/Saved/Config/Windows/Scalability.ini]
[2020.08.27-17.12.46:749][  0]LogConfig: Setting CVar [[r.Streaming.MipBias:0]]
[2020.08.27-17.12.46:749][  0]LogConfig: Setting CVar [[r.Streaming.AmortizeCPUToGPUCopy:0]]
[2020.08.27-17.12.46:749][  0]LogConfig: Setting CVar [[r.Streaming.MaxNumTexturesToStreamPerFrame:0]]
[2020.08.27-17.12.46:749][  0]LogConfig: Setting CVar [[r.Streaming.Boost:1]]
[2020.08.27-17.12.46:749][  0]LogConfig: Setting CVar [[r.MaxAnisotropy:8]]
[2020.08.27-17.12.46:749][  0]LogConfig: Setting CVar [[r.VT.MaxAnisotropy:8]]
[2020.08.27-17.12.46:749][  0]LogConfig: Setting CVar [[r.Streaming.LimitPoolSizeToVRAM:0]]
[2020.08.27-17.12.46:749][  0]LogConfig: Setting CVar [[r.Streaming.PoolSize:1000]]
[2020.08.27-17.12.46:749][  0]LogConfig: Setting CVar [[r.Streaming.MaxEffectiveScreenSize:0]]
[2020.08.27-17.12.46:749][  0]LogConfig: Applying CVar settings from Section [EffectsQuality@3] File [E:/Tilinka Interactive/Myeou/1.1/Myeou/Product/Myeou/Saved/Config/Windows/Scalability.ini]
[2020.08.27-17.12.46:749][  0]LogConfig: Setting CVar [[r.TranslucencyLightingVolumeDim:64]]
[2020.08.27-17.12.46:749][  0]LogConfig: Setting CVar [[r.RefractionQuality:2]]
[2020.08.27-17.12.46:749][  0]LogConfig: Setting CVar [[r.SSR.Quality:3]]
[2020.08.27-17.12.46:749][  0]LogConfig: Setting CVar [[r.SSR.HalfResSceneColor:0]]
[2020.08.27-17.12.46:749][  0]LogConfig: Setting CVar [[r.SceneColorFormat:4]]
[2020.08.27-17.12.46:749][  0]LogConfig: Setting CVar [[r.DetailMode:2]]
[2020.08.27-17.12.46:749][  0]LogConfig: Setting CVar [[r.TranslucencyVolumeBlur:1]]
[2020.08.27-17.12.46:749][  0]LogConfig: Setting CVar [[r.MaterialQualityLevel:1 ; High quality]]
[2020.08.27-17.12.46:749][  0]LogConfig: Setting CVar [[r.SSS.Scale:1]]
[2020.08.27-17.12.46:749][  0]LogConfig: Setting CVar [[r.SSS.SampleSet:2]]
[2020.08.27-17.12.46:749][  0]LogConfig: Setting CVar [[r.SSS.Quality:1]]
[2020.08.27-17.12.46:749][  0]LogConfig: Setting CVar [[r.SSS.HalfRes:1]]
[2020.08.27-17.12.46:749][  0]LogConfig: Setting CVar [[r.SSGI.Quality:3]]
[2020.08.27-17.12.46:749][  0]LogConfig: Setting CVar [[r.EmitterSpawnRateScale:1.0]]
[2020.08.27-17.12.46:749][  0]LogConfig: Setting CVar [[r.ParticleLightQuality:2]]
[2020.08.27-17.12.46:749][  0]LogConfig: Setting CVar [[r.SkyAtmosphere.AerialPerspectiveLUT.FastApplyOnOpaque:1 ; Always have FastSkyLUT 1 in this case to avoid wrong sky]]
[2020.08.27-17.12.46:749][  0]LogConfig: Setting CVar [[r.SkyAtmosphere.AerialPerspectiveLUT.SampleCountPerSlice:1]]
[2020.08.27-17.12.46:749][  0]LogConfig: Setting CVar [[r.SkyAtmosphere.AerialPerspectiveLUT.DepthResolution:16.0]]
[2020.08.27-17.12.46:749][  0]LogConfig: Setting CVar [[r.SkyAtmosphere.FastSkyLUT:1]]
[2020.08.27-17.12.46:749][  0]LogConfig: Setting CVar [[r.SkyAtmosphere.FastSkyLUT.SampleCountMin:4.0]]
[2020.08.27-17.12.46:749][  0]LogConfig: Setting CVar [[r.SkyAtmosphere.FastSkyLUT.SampleCountMax:32.0]]
[2020.08.27-17.12.46:749][  0]LogConfig: Setting CVar [[r.SkyAtmosphere.SampleCountMin:4.0]]
[2020.08.27-17.12.46:749][  0]LogConfig: Setting CVar [[r.SkyAtmosphere.SampleCountMax:32.0]]
[2020.08.27-17.12.46:749][  0]LogConfig: Setting CVar [[r.SkyAtmosphere.TransmittanceLUT.UseSmallFormat:0]]
[2020.08.27-17.12.46:749][  0]LogConfig: Setting CVar [[r.SkyAtmosphere.TransmittanceLUT.SampleCount:10.0]]
[2020.08.27-17.12.46:749][  0]LogConfig: Setting CVar [[r.SkyAtmosphere.MultiScatteringLUT.SampleCount:15.0]]
[2020.08.27-17.12.46:749][  0]LogConfig: Applying CVar settings from Section [FoliageQuality@3] File [E:/Tilinka Interactive/Myeou/1.1/Myeou/Product/Myeou/Saved/Config/Windows/Scalability.ini]
[2020.08.27-17.12.46:749][  0]LogConfig: Setting CVar [[foliage.DensityScale:1.0]]
[2020.08.27-17.12.46:749][  0]LogConfig: Setting CVar [[grass.DensityScale:1.0]]
[2020.08.27-17.12.46:749][  0]LogConfig: Applying CVar settings from Section [ShadingQuality@3] File [E:/Tilinka Interactive/Myeou/1.1/Myeou/Product/Myeou/Saved/Config/Windows/Scalability.ini]
[2020.08.27-17.12.46:749][  0]LogConfig: Setting CVar [[r.HairStrands.SkyLighting.SampleCount:16]]
[2020.08.27-17.12.46:749][  0]LogConfig: Setting CVar [[r.HairStrands.SkyLighting.JitterIntegration:0]]
[2020.08.27-17.12.46:749][  0]LogConfig: Setting CVar [[r.HairStrands.SkyAO.SampleCount:16]]
[2020.08.27-17.12.46:749][  0]LogInit: Selected Device Profile: [Windows]
[2020.08.27-17.12.46:749][  0]LogInit: Applying CVar settings loaded from the selected device profile: [Windows]
[2020.08.27-17.12.46:752][  0]LogHAL: Display: Platform has ~ 16 GB [17129914368 / 17179869184 / 16], which maps to Larger [LargestMinGB=32, LargerMinGB=12, DefaultMinGB=8, SmallerMinGB=6, SmallestMinGB=0)
[2020.08.27-17.12.46:752][  0]LogInit: Going up to parent DeviceProfile []
[2020.08.27-17.12.46:752][  0]LogConfig: Applying CVar settings from Section [ViewDistanceQuality@3] File [E:/Tilinka Interactive/Myeou/1.1/Myeou/Product/Myeou/Saved/Config/Windows/Scalability.ini]
[2020.08.27-17.12.46:752][  0]LogConfig: Setting CVar [[r.SkeletalMeshLODBias:0]]
[2020.08.27-17.12.46:752][  0]LogConfig: Setting CVar [[r.ViewDistanceScale:1.0]]
[2020.08.27-17.12.46:752][  0]LogConfig: Applying CVar settings from Section [AntiAliasingQuality@3] File [E:/Tilinka Interactive/Myeou/1.1/Myeou/Product/Myeou/Saved/Config/Windows/Scalability.ini]
[2020.08.27-17.12.46:752][  0]LogConfig: Setting CVar [[r.PostProcessAAQuality:4]]
[2020.08.27-17.12.46:752][  0]LogConfig: Applying CVar settings from Section [ShadowQuality@3] File [E:/Tilinka Interactive/Myeou/1.1/Myeou/Product/Myeou/Saved/Config/Windows/Scalability.ini]
[2020.08.27-17.12.46:752][  0]LogConfig: Setting CVar [[r.LightFunctionQuality:1]]
[2020.08.27-17.12.46:752][  0]LogConfig: Setting CVar [[r.ShadowQuality:5]]
[2020.08.27-17.12.46:752][  0]LogConfig: Setting CVar [[r.Shadow.CSM.MaxCascades:10]]
[2020.08.27-17.12.46:752][  0]LogConfig: Setting CVar [[r.Shadow.MaxResolution:2048]]
[2020.08.27-17.12.46:752][  0]LogConfig: Setting CVar [[r.Shadow.MaxCSMResolution:2048]]
[2020.08.27-17.12.46:752][  0]LogConfig: Setting CVar [[r.Shadow.RadiusThreshold:0.01]]
[2020.08.27-17.12.46:752][  0]LogConfig: Setting CVar [[r.Shadow.DistanceScale:1.0]]
[2020.08.27-17.12.46:752][  0]LogConfig: Setting CVar [[r.Shadow.CSM.TransitionScale:1.0]]
[2020.08.27-17.12.46:752][  0]LogConfig: Setting CVar [[r.Shadow.PreShadowResolutionFactor:1.0]]
[2020.08.27-17.12.46:752][  0]LogConfig: Setting CVar [[r.DistanceFieldShadowing:1]]
[2020.08.27-17.12.46:752][  0]LogConfig: Setting CVar [[r.DistanceFieldAO:1]]
[2020.08.27-17.12.46:752][  0]LogConfig: Setting CVar [[r.AOQuality:2]]
[2020.08.27-17.12.46:752][  0]LogConfig: Setting CVar [[r.VolumetricFog:1]]
[2020.08.27-17.12.46:752][  0]LogConfig: Setting CVar [[r.VolumetricFog.GridPixelSize:8]]
[2020.08.27-17.12.46:752][  0]LogConfig: Setting CVar [[r.VolumetricFog.GridSizeZ:128]]
[2020.08.27-17.12.46:752][  0]LogConfig: Setting CVar [[r.VolumetricFog.HistoryMissSupersampleCount:4]]
[2020.08.27-17.12.46:752][  0]LogConfig: Setting CVar [[r.LightMaxDrawDistanceScale:1]]
[2020.08.27-17.12.46:752][  0]LogConfig: Setting CVar [[r.CapsuleShadows:1]]
[2020.08.27-17.12.46:752][  0]LogConfig: Applying CVar settings from Section [PostProcessQuality@3] File [E:/Tilinka Interactive/Myeou/1.1/Myeou/Product/Myeou/Saved/Config/Windows/Scalability.ini]
[2020.08.27-17.12.46:752][  0]LogConfig: Setting CVar [[r.MotionBlurQuality:4]]
[2020.08.27-17.12.46:752][  0]LogConfig: Setting CVar [[r.AmbientOcclusionMipLevelFactor:0.4]]
[2020.08.27-17.12.46:752][  0]LogConfig: Setting CVar [[r.AmbientOcclusionMaxQuality:100]]
[2020.08.27-17.12.46:752][  0]LogConfig: Setting CVar [[r.AmbientOcclusionLevels:-1]]
[2020.08.27-17.12.46:752][  0]LogConfig: Setting CVar [[r.AmbientOcclusionRadiusScale:1.0]]
[2020.08.27-17.12.46:752][  0]LogConfig: Setting CVar [[r.DepthOfFieldQuality:2]]
[2020.08.27-17.12.46:752][  0]LogConfig: Setting CVar [[r.RenderTargetPoolMin:400]]
[2020.08.27-17.12.46:752][  0]LogConfig: Setting CVar [[r.LensFlareQuality:2]]
[2020.08.27-17.12.46:752][  0]LogConfig: Setting CVar [[r.SceneColorFringeQuality:1]]
[2020.08.27-17.12.46:752][  0]LogConfig: Setting CVar [[r.EyeAdaptationQuality:2]]
[2020.08.27-17.12.46:753][  0]LogConfig: Setting CVar [[r.BloomQuality:5]]
[2020.08.27-17.12.46:753][  0]LogConfig: Setting CVar [[r.FastBlurThreshold:100]]
[2020.08.27-17.12.46:753][  0]LogConfig: Setting CVar [[r.Upscale.Quality:3]]
[2020.08.27-17.12.46:753][  0]LogConfig: Setting CVar [[r.Tonemapper.GrainQuantization:1]]
[2020.08.27-17.12.46:753][  0]LogConfig: Setting CVar [[r.LightShaftQuality:1]]
[2020.08.27-17.12.46:753][  0]LogConfig: Setting CVar [[r.Filter.SizeScale:1]]
[2020.08.27-17.12.46:753][  0]LogConfig: Setting CVar [[r.Tonemapper.Quality:5]]
[2020.08.27-17.12.46:753][  0]LogConfig: Setting CVar [[r.DOF.Gather.AccumulatorQuality:1        ; higher gathering accumulator quality]]
[2020.08.27-17.12.46:753][  0]LogConfig: Setting CVar [[r.DOF.Gather.PostfilterMethod:1          ; Median3x3 postfilering method]]
[2020.08.27-17.12.46:753][  0]LogConfig: Setting CVar [[r.DOF.Gather.EnableBokehSettings:0       ; no bokeh simulation when gathering]]
[2020.08.27-17.12.46:753][  0]LogConfig: Setting CVar [[r.DOF.Gather.RingCount:4                 ; medium number of samples when gathering]]
[2020.08.27-17.12.46:753][  0]LogConfig: Setting CVar [[r.DOF.Scatter.ForegroundCompositing:1    ; additive foreground scattering]]
[2020.08.27-17.12.46:753][  0]LogConfig: Setting CVar [[r.DOF.Scatter.BackgroundCompositing:2    ; additive background scattering]]
[2020.08.27-17.12.46:753][  0]LogConfig: Setting CVar [[r.DOF.Scatter.EnableBokehSettings:1      ; bokeh simulation when scattering]]
[2020.08.27-17.12.46:753][  0]LogConfig: Setting CVar [[r.DOF.Scatter.MaxSpriteRatio:0.1         ; only a maximum of 10% of scattered bokeh]]
[2020.08.27-17.12.46:753][  0]LogConfig: Setting CVar [[r.DOF.Recombine.Quality:1                ; cheap slight out of focus]]
[2020.08.27-17.12.46:753][  0]LogConfig: Setting CVar [[r.DOF.Recombine.EnableBokehSettings:0    ; no bokeh simulation on slight out of focus]]
[2020.08.27-17.12.46:753][  0]LogConfig: Setting CVar [[r.DOF.TemporalAAQuality:1                ; more stable temporal accumulation]]
[2020.08.27-17.12.46:753][  0]LogConfig: Setting CVar [[r.DOF.Kernel.MaxForegroundRadius:0.025]]
[2020.08.27-17.12.46:753][  0]LogConfig: Setting CVar [[r.DOF.Kernel.MaxBackgroundRadius:0.025]]
[2020.08.27-17.12.46:753][  0]LogConfig: Applying CVar settings from Section [TextureQuality@3] File [E:/Tilinka Interactive/Myeou/1.1/Myeou/Product/Myeou/Saved/Config/Windows/Scalability.ini]
[2020.08.27-17.12.46:753][  0]LogConfig: Setting CVar [[r.Streaming.MipBias:0]]
[2020.08.27-17.12.46:753][  0]LogConfig: Setting CVar [[r.Streaming.AmortizeCPUToGPUCopy:0]]
[2020.08.27-17.12.46:753][  0]LogConfig: Setting CVar [[r.Streaming.MaxNumTexturesToStreamPerFrame:0]]
[2020.08.27-17.12.46:753][  0]LogConfig: Setting CVar [[r.Streaming.Boost:1]]
[2020.08.27-17.12.46:753][  0]LogConfig: Setting CVar [[r.MaxAnisotropy:8]]
[2020.08.27-17.12.46:753][  0]LogConfig: Setting CVar [[r.VT.MaxAnisotropy:8]]
[2020.08.27-17.12.46:753][  0]LogConfig: Setting CVar [[r.Streaming.LimitPoolSizeToVRAM:0]]
[2020.08.27-17.12.46:753][  0]LogConfig: Setting CVar [[r.Streaming.PoolSize:1000]]
[2020.08.27-17.12.46:753][  0]LogConfig: Setting CVar [[r.Streaming.MaxEffectiveScreenSize:0]]
[2020.08.27-17.12.46:753][  0]LogConfig: Applying CVar settings from Section [EffectsQuality@3] File [E:/Tilinka Interactive/Myeou/1.1/Myeou/Product/Myeou/Saved/Config/Windows/Scalability.ini]
[2020.08.27-17.12.46:753][  0]LogConfig: Setting CVar [[r.TranslucencyLightingVolumeDim:64]]
[2020.08.27-17.12.46:753][  0]LogConfig: Setting CVar [[r.RefractionQuality:2]]
[2020.08.27-17.12.46:753][  0]LogConfig: Setting CVar [[r.SSR.Quality:3]]
[2020.08.27-17.12.46:753][  0]LogConfig: Setting CVar [[r.SSR.HalfResSceneColor:0]]
[2020.08.27-17.12.46:753][  0]LogConfig: Setting CVar [[r.SceneColorFormat:4]]
[2020.08.27-17.12.46:753][  0]LogConfig: Setting CVar [[r.DetailMode:2]]
[2020.08.27-17.12.46:753][  0]LogConfig: Setting CVar [[r.TranslucencyVolumeBlur:1]]
[2020.08.27-17.12.46:753][  0]LogConfig: Setting CVar [[r.MaterialQualityLevel:1 ; High quality]]
[2020.08.27-17.12.46:753][  0]LogConfig: Setting CVar [[r.SSS.Scale:1]]
[2020.08.27-17.12.46:753][  0]LogConfig: Setting CVar [[r.SSS.SampleSet:2]]
[2020.08.27-17.12.46:753][  0]LogConfig: Setting CVar [[r.SSS.Quality:1]]
[2020.08.27-17.12.46:753][  0]LogConfig: Setting CVar [[r.SSS.HalfRes:1]]
[2020.08.27-17.12.46:753][  0]LogConfig: Setting CVar [[r.SSGI.Quality:3]]
[2020.08.27-17.12.46:753][  0]LogConfig: Setting CVar [[r.EmitterSpawnRateScale:1.0]]
[2020.08.27-17.12.46:753][  0]LogConfig: Setting CVar [[r.ParticleLightQuality:2]]
[2020.08.27-17.12.46:753][  0]LogConfig: Setting CVar [[r.SkyAtmosphere.AerialPerspectiveLUT.FastApplyOnOpaque:1 ; Always have FastSkyLUT 1 in this case to avoid wrong sky]]
[2020.08.27-17.12.46:753][  0]LogConfig: Setting CVar [[r.SkyAtmosphere.AerialPerspectiveLUT.SampleCountPerSlice:1]]
[2020.08.27-17.12.46:753][  0]LogConfig: Setting CVar [[r.SkyAtmosphere.AerialPerspectiveLUT.DepthResolution:16.0]]
[2020.08.27-17.12.46:753][  0]LogConfig: Setting CVar [[r.SkyAtmosphere.FastSkyLUT:1]]
[2020.08.27-17.12.46:753][  0]LogConfig: Setting CVar [[r.SkyAtmosphere.FastSkyLUT.SampleCountMin:4.0]]
[2020.08.27-17.12.46:753][  0]LogConfig: Setting CVar [[r.SkyAtmosphere.FastSkyLUT.SampleCountMax:32.0]]
[2020.08.27-17.12.46:753][  0]LogConfig: Setting CVar [[r.SkyAtmosphere.SampleCountMin:4.0]]
[2020.08.27-17.12.46:753][  0]LogConfig: Setting CVar [[r.SkyAtmosphere.SampleCountMax:32.0]]
[2020.08.27-17.12.46:753][  0]LogConfig: Setting CVar [[r.SkyAtmosphere.TransmittanceLUT.UseSmallFormat:0]]
[2020.08.27-17.12.46:753][  0]LogConfig: Setting CVar [[r.SkyAtmosphere.TransmittanceLUT.SampleCount:10.0]]
[2020.08.27-17.12.46:753][  0]LogConfig: Setting CVar [[r.SkyAtmosphere.MultiScatteringLUT.SampleCount:15.0]]
[2020.08.27-17.12.46:753][  0]LogConfig: Applying CVar settings from Section [FoliageQuality@3] File [E:/Tilinka Interactive/Myeou/1.1/Myeou/Product/Myeou/Saved/Config/Windows/Scalability.ini]
[2020.08.27-17.12.46:754][  0]LogConfig: Setting CVar [[foliage.DensityScale:1.0]]
[2020.08.27-17.12.46:754][  0]LogConfig: Setting CVar [[grass.DensityScale:1.0]]
[2020.08.27-17.12.46:754][  0]LogConfig: Applying CVar settings from Section [ShadingQuality@3] File [E:/Tilinka Interactive/Myeou/1.1/Myeou/Product/Myeou/Saved/Config/Windows/Scalability.ini]
[2020.08.27-17.12.46:754][  0]LogConfig: Setting CVar [[r.HairStrands.SkyLighting.SampleCount:16]]
[2020.08.27-17.12.46:754][  0]LogConfig: Setting CVar [[r.HairStrands.SkyLighting.JitterIntegration:0]]
[2020.08.27-17.12.46:754][  0]LogConfig: Setting CVar [[r.HairStrands.SkyAO.SampleCount:16]]
[2020.08.27-17.12.46:754][  0]LogConfig: Applying CVar settings from Section [Startup] File [../../../Engine/Config/ConsoleVariables.ini]
[2020.08.27-17.12.46:754][  0]LogConfig: Setting CVar [[net.UseAdaptiveNetUpdateFrequency:0]]
[2020.08.27-17.12.46:754][  0]LogConfig: Setting CVar [[p.chaos.AllowCreatePhysxBodies:1]]
[2020.08.27-17.12.46:754][  0]LogConfig: Applying CVar settings from Section [ConsoleVariables] File [E:/Tilinka Interactive/Myeou/1.1/Myeou/Product/Myeou/Saved/Config/Windows/Engine.ini]
[2020.08.27-17.12.46:754][  0]LogInit: Computer: DESKTOP-87KER6B
[2020.08.27-17.12.46:754][  0]LogInit: User: PauloOchoa
[2020.08.27-17.12.46:754][  0]LogInit: CPU Page size=4096, Cores=4
[2020.08.27-17.12.46:754][  0]LogInit: High frequency timer resolution =10.000000 MHz
[2020.08.27-17.12.46:754][  0]LogMemory: Memory total: Physical=16.0GB (16GB approx)
[2020.08.27-17.12.46:754][  0]LogMemory: Platform Memory Stats for Windows
[2020.08.27-17.12.46:754][  0]LogMemory: Process Physical Memory: 109.95 MB used, 109.95 MB peak
[2020.08.27-17.12.46:754][  0]LogMemory: Process Virtual Memory: 100.55 MB used, 100.55 MB peak
[2020.08.27-17.12.46:754][  0]LogMemory: Physical Memory: 7457.66 MB used,  8878.70 MB free, 16336.36 MB total
[2020.08.27-17.12.46:754][  0]LogMemory: Virtual Memory: 5105.66 MB used,  134212624.00 MB free, 134217728.00 MB total
[2020.08.27-17.12.46:758][  0]LogWindows: WindowsPlatformFeatures enabled
[2020.08.27-17.12.46:774][  0]LogInit: Using OS detected language (es-ES).
[2020.08.27-17.12.46:774][  0]LogInit: Using OS detected locale (es-419).
[2020.08.27-17.12.46:775][  0]LogTextLocalizationManager: No specific localization for 'es-ES' exists, so the 'es' localization will be used.
[2020.08.27-17.12.46:844][  0]LogSlate: New Slate User Created.  User Index 0, Is Virtual User: 0
[2020.08.27-17.12.46:844][  0]LogSlate: Slate User Registered.  User Index 0, Is Virtual User: 0
[2020.08.27-17.12.46:856][  0]LogHMD: Failed to initialize OpenVR with code 110
[2020.08.27-17.12.46:856][  0]LogD3D11RHI: D3D11 min allowed feature level: 11_0
[2020.08.27-17.12.46:856][  0]LogD3D11RHI: D3D11 max allowed feature level: 11_0
[2020.08.27-17.12.46:856][  0]LogD3D11RHI: D3D11 adapters:
[2020.08.27-17.12.46:893][  0]LogD3D11RHI:    0. 'AMD Radeon (TM) R7 370 Series Graphics' (Feature Level 11_0)
[2020.08.27-17.12.46:893][  0]LogD3D11RHI:       4075/0/8168 MB DedicatedVideo/DedicatedSystem/SharedSystem, Outputs:1, VendorId:0x1002
[2020.08.27-17.12.46:897][  0]LogD3D11RHI:    1. 'Microsoft Basic Render Driver' (Feature Level 11_0)
[2020.08.27-17.12.46:897][  0]LogD3D11RHI:       0/0/8168 MB DedicatedVideo/DedicatedSystem/SharedSystem, Outputs:0, VendorId:0x1414
[2020.08.27-17.12.46:897][  0]LogD3D11RHI: Chosen D3D11 Adapter: 0
[2020.08.27-17.12.46:905][  0]LogD3D11RHI: Creating new Direct3DDevice
[2020.08.27-17.12.46:905][  0]LogD3D11RHI:     GPU DeviceId: 0x6811 (for the marketing name, search the web for "GPU Device Id")
[2020.08.27-17.12.46:905][  0]LogWindows: EnumDisplayDevices:
[2020.08.27-17.12.46:905][  0]LogWindows:    0. 'AMD Radeon (TM) R7 370 Series Graphics' (P:1 D:1)
[2020.08.27-17.12.46:906][  0]LogWindows:    1. 'AMD Radeon (TM) R7 370 Series Graphics' (P:0 D:0)
[2020.08.27-17.12.46:907][  0]LogWindows:    2. 'AMD Radeon (TM) R7 370 Series Graphics' (P:0 D:0)
[2020.08.27-17.12.46:908][  0]LogWindows:    3. 'AMD Radeon (TM) R7 370 Series Graphics' (P:0 D:0)
[2020.08.27-17.12.46:908][  0]LogWindows:    4. 'AMD Radeon (TM) R7 370 Series Graphics' (P:0 D:0)
[2020.08.27-17.12.46:909][  0]LogWindows:    5. 'AMD Radeon (TM) R7 370 Series Graphics' (P:0 D:0)
[2020.08.27-17.12.46:909][  0]LogWindows:    6. 'AMD Radeon (TM) R7 370 Series Graphics' (P:0 D:0)
[2020.08.27-17.12.46:910][  0]LogWindows:    7. 'AMD Radeon (TM) R7 370 Series Graphics' (P:0 D:0)
[2020.08.27-17.12.46:911][  0]LogWindows: DebugString: FoundDriverCount:8 
[2020.08.27-17.12.46:911][  0]LogD3D11RHI:     Adapter Name: AMD Radeon (TM) R7 370 Series Graphics
[2020.08.27-17.12.46:911][  0]LogD3D11RHI:   Driver Version: Adrenalin 2020 20.4.2 (internal:26.20.15029.27017, unified:26.20.15029.27017)
[2020.08.27-17.12.46:911][  0]LogD3D11RHI:      Driver Date: 5-15-2020
[2020.08.27-17.12.46:911][  0]LogRHI: Texture pool is 2853 MB (70% of 4075 MB)
[2020.08.27-17.12.46:974][  0]LogD3D11RHI: RHI does not have support for 64 bit atomics
[2020.08.27-17.12.46:974][  0]LogD3D11RHI: Async texture creation enabled
[2020.08.27-17.12.46:985][  0]LogD3D11RHI: GPU Timing Frequency: 27.000000 (Debug: 2 1)
[2020.08.27-17.12.47:558][  0]LogTargetPlatformManager: Display: Loaded TargetPlatform 'WindowsNoEditor'
[2020.08.27-17.12.47:561][  0]LogTargetPlatformManager: Display: Loaded TargetPlatform 'Windows'
[2020.08.27-17.12.47:569][  0]LogTargetPlatformManager: Display: Loaded TargetPlatform 'WindowsClient'
[2020.08.27-17.12.47:577][  0]LogTargetPlatformManager: Display: Loaded TargetPlatform 'WindowsServer'
[2020.08.27-17.12.47:577][  0]LogTargetPlatformManager: Display: Building Assets For Windows
[2020.08.27-17.12.47:580][  0]LogAudioDebug: Display: Lib vorbis DLL was dynamically loaded.
[2020.08.27-17.12.47:605][  0]LogShaderCompilers: Guid format shader working directory is 0 characters bigger than the processId version (E:/Tilinka Interactive/Myeou/1.1/Myeou/Product/Myeou/Intermediate/Shaders/WorkingDirectory/3256/).
[2020.08.27-17.12.47:605][  0]LogShaderCompilers: Cleaned the shader compiler working directory 'C:/Users/Paulo Ochoa/AppData/Local/Temp/UnrealShaderWorkingDir/E20048634C032E82501691AFF3D48762/'.
[2020.08.27-17.12.47:605][  0]LogXGEController: Cannot use XGE Controller as Incredibuild is not installed on this machine.
[2020.08.27-17.12.47:605][  0]LogShaderCompilers: Cannot use XGE Shader Compiler as Incredibuild is not installed on this machine.
[2020.08.27-17.12.47:605][  0]LogShaderCompilers: Display: Using Local Shader Compiler.
[2020.08.27-17.12.48:242][  0]LogDerivedDataCache: Display: Max Cache Size: 512 MB
[2020.08.27-17.12.48:301][  0]LogDerivedDataCache: Loaded boot cache 0.06s 78MB C:/Users/Paulo Ochoa/AppData/Local/UnrealEngine/4.24/DerivedDataCache/Boot.ddc.
[2020.08.27-17.12.48:301][  0]LogDerivedDataCache: Display: Loaded Boot cache: C:/Users/Paulo Ochoa/AppData/Local/UnrealEngine/4.24/DerivedDataCache/Boot.ddc
[2020.08.27-17.12.48:301][  0]LogDerivedDataCache: FDerivedDataBackendGraph:  Pak pak cache file E:/Tilinka Interactive/Myeou/1.1/Myeou/Product/Myeou/DerivedDataCache/DDC.ddp not found, will not use a pak cache.
[2020.08.27-17.12.48:301][  0]LogDerivedDataCache: Unable to find inner node Pak for hierarchical cache Hierarchy.
[2020.08.27-17.12.48:301][  0]LogDerivedDataCache: FDerivedDataBackendGraph:  CompressedPak pak cache file E:/Tilinka Interactive/Myeou/1.1/Myeou/Product/Myeou/DerivedDataCache/Compressed.ddp not found, will not use a pak cache.
[2020.08.27-17.12.48:301][  0]LogDerivedDataCache: Unable to find inner node CompressedPak for hierarchical cache Hierarchy.
[2020.08.27-17.12.48:312][  0]LogDerivedDataCache: Display: Pak cache opened for reading ../../../Engine/DerivedDataCache/Compressed.ddp.
[2020.08.27-17.12.48:312][  0]LogDerivedDataCache: FDerivedDataBackendGraph:  EnterprisePak pak cache file ../../../Enterprise/DerivedDataCache/Compressed.ddp not found, will not use a pak cache.
[2020.08.27-17.12.48:312][  0]LogDerivedDataCache: Unable to find inner node EnterprisePak for hierarchical cache Hierarchy.
[2020.08.27-17.12.48:313][  0]LogDerivedDataCache: Using Local data cache path C:/Users/Paulo Ochoa/AppData/Local/UnrealEngine/Common/DerivedDataCache: Writable
[2020.08.27-17.12.48:313][  0]LogDerivedDataCache: Shared data cache path not found in *engine.ini, will not use an Shared cache.
[2020.08.27-17.12.48:314][  0]LogDerivedDataCache: Unable to find inner node Shared for hierarchical cache Hierarchy.
[2020.08.27-17.12.48:323][  0]LogMaterial: Verifying Global Shaders for PCD3D_ES31
[2020.08.27-17.12.48:324][  0]LogSlate: Using FreeType 2.10.0
[2020.08.27-17.12.48:325][  0]LogSlate: SlateFontServices - WITH_FREETYPE: 1, WITH_HARFBUZZ: 1
[2020.08.27-17.12.48:425][  0]LogInit: Using OS detected language (es-ES).
[2020.08.27-17.12.48:425][  0]LogInit: Using OS detected locale (es-419).
[2020.08.27-17.12.48:425][  0]LogTextLocalizationManager: No localization for 'es-ES' exists, so 'en' will be used for the language.
[2020.08.27-17.12.48:425][  0]LogTextLocalizationManager: No localization for 'es-419' exists, so 'en' will be used for the locale.
[2020.08.27-17.12.48:425][  0]LogSlate: FontCache flush requested. Reason: Culture for localization was changed
[2020.08.27-17.12.48:425][  0]LogSlate: FontCache flush requested. Reason: Culture for localization was changed
[2020.08.27-17.12.48:426][  0]LogTextLocalizationManager: Compacting localization data took   0.00ms
[2020.08.27-17.12.48:428][  0]LogAssetRegistry: FAssetRegistry took 0.0019 seconds to start up
[2020.08.27-17.12.48:679][  0]LogPackageLocalizationCache: Processed 10 localized package path(s) for 1 prioritized culture(s) in 0.000780 seconds
[2020.08.27-17.12.48:734][  0]LogInit: Selected Device Profile: [Windows]
[2020.08.27-17.12.48:851][  0]LogMeshReduction: Using QuadricMeshReduction for automatic static mesh reduction
[2020.08.27-17.12.48:851][  0]LogMeshReduction: Using SimplygonMeshReduction for automatic skeletal mesh reduction
[2020.08.27-17.12.48:851][  0]LogMeshReduction: Using ProxyLODMeshReduction for automatic mesh merging
[2020.08.27-17.12.48:851][  0]LogMeshReduction: No distributed automatic mesh merging module available
[2020.08.27-17.12.48:851][  0]LogMeshMerging: No distributed automatic mesh merging module available
[2020.08.27-17.12.48:862][  0]LogNetVersion: Myeou 1.0.0, NetCL: 10570792, EngineNetVer: 13, GameNetVer: 0 (Checksum: 825545305)
[2020.08.27-17.12.49:371][  0]LogMoviePlayer: Initializing movie player
[2020.08.27-17.12.49:461][  0]LogTcpMessaging: Initializing TcpMessaging bridge
[2020.08.27-17.12.49:463][  0]LogUdpMessaging: Initializing bridge on interface 0.0.0.0:0 to multicast group 230.0.0.1:6666.
[2020.08.27-17.12.49:493][  0]SourceControl: El control de código fuente está desactivado
[2020.08.27-17.12.49:493][  0]SourceControl: El control de código fuente está desactivado
[2020.08.27-17.12.49:494][  0]SourceControl: El control de código fuente está desactivado
[2020.08.27-17.12.49:525][  0]LogAndroidPermission: UAndroidPermissionCallbackProxy::GetInstance
[2020.08.27-17.12.49:531][  0]LogAudioCaptureCore: Display: No Audio Capture implementations found. Audio input will be silent.
[2020.08.27-17.12.49:531][  0]LogAudioCaptureCore: Display: No Audio Capture implementations found. Audio input will be silent.
[2020.08.27-17.12.49:586][  0]LogOcInput: OculusInput pre-init called
[2020.08.27-17.12.49:596][  0]LogUObjectArray: 52645 objects as part of root set at end of initial load.
[2020.08.27-17.12.49:596][  0]LogUObjectAllocator: 9318280 out of 0 bytes used by permanent object pool.
[2020.08.27-17.12.49:596][  0]LogUObjectArray: CloseDisregardForGC: 0/0 objects in disregard for GC pool
[2020.08.27-17.12.49:646][  0]LogEngine: Initializing Engine...
[2020.08.27-17.12.49:647][  0]LogHMD: Failed to initialize OpenVR with code 110
[2020.08.27-17.12.49:648][  0]LogStats: UGameplayTagsManager::InitializeManager -  0.000 s
[2020.08.27-17.12.49:844][  0]LogInit: Initializing FReadOnlyCVARCache
[2020.08.27-17.12.49:846][  0]LogAudioMixer: Display: Audio Mixer Platform Settings:
[2020.08.27-17.12.49:846][  0]LogAudioMixer: Display: 	Sample Rate:						  48000
[2020.08.27-17.12.49:846][  0]LogAudioMixer: Display: 	Callback Buffer Frame Size Requested: 1024
[2020.08.27-17.12.49:846][  0]LogAudioMixer: Display: 	Callback Buffer Frame Size To Use:	  1024
[2020.08.27-17.12.49:846][  0]LogAudioMixer: Display: 	Number of buffers to queue:			  2
[2020.08.27-17.12.49:846][  0]LogAudioMixer: Display: 	Max Channels (voices):				  32
[2020.08.27-17.12.49:846][  0]LogAudioMixer: Display: 	Number of Async Source Workers:		  0
[2020.08.27-17.12.49:846][  0]LogAudio: Display: AudioDevice MaxSources: 32
[2020.08.27-17.12.49:847][  0]LogAudio: Display: Using built-in audio occlusion.
[2020.08.27-17.12.49:847][  0]LogAudioMixer: Display: Initializing audio mixer.
[2020.08.27-17.12.49:892][  0]LogAudioMixer: Display: Audio Device Output Speaker Info:
[2020.08.27-17.12.49:892][  0]LogAudioMixer: Display: Name: Altavoces (USB Audio Device)
[2020.08.27-17.12.49:892][  0]LogAudioMixer: Display: Is Default: Yes
[2020.08.27-17.12.49:892][  0]LogAudioMixer: Display: Sample Rate: 48000
[2020.08.27-17.12.49:892][  0]LogAudioMixer: Display: Channel Count Used: 2
[2020.08.27-17.12.49:892][  0]LogAudioMixer: Display: Device Channel Count: 2
[2020.08.27-17.12.49:892][  0]LogAudioMixer: Display: Channel Order:
[2020.08.27-17.12.49:892][  0]LogAudioMixer: Display: 0: FrontLeft
[2020.08.27-17.12.49:892][  0]LogAudioMixer: Display: 1: FrontRight
[2020.08.27-17.12.49:914][  0]LogAudioMixer: Display: Using Audio Device Altavoces (USB Audio Device)
[2020.08.27-17.12.49:919][  0]LogInit: FAudioDevice initialized.
[2020.08.27-17.12.49:919][  0]LogNetVersion: Set ProjectVersion to 1.0.0.0. Version Checksum will be recalculated on next use.
[2020.08.27-17.12.49:921][  0]LogInit: Texture streaming: Enabled
[2020.08.27-17.12.50:053][  0]LogSlate: Updating window title bar state: overlay mode, drag disabled, window buttons hidden, title bar hidden
[2020.08.27-17.12.50:053][  0]LogInit: Display: Game Engine Initialized.
[2020.08.27-17.12.50:065][  0]LogInit: Display: Starting Game.
[2020.08.27-17.12.50:065][  0]LogNet: Browse: /Game/Levels/DevTest?Name=Player
[2020.08.27-17.12.50:065][  0]LogLoad: LoadMap: /Game/Levels/DevTest?Name=Player
[2020.08.27-17.12.50:065][  0]LogWorld: BeginTearingDown for /Temp/Untitled_0
[2020.08.27-17.12.50:067][  0]LogWorld: UWorld::CleanupWorld for Untitled, bSessionEnded=true, bCleanupResources=true
[2020.08.27-17.12.50:067][  0]LogSlate: InvalidateAllWidgets triggered.  All widgets were invalidated
[2020.08.27-17.12.50:092][  0]LogAudioMixer: Display: No commands were queued while flushing the source manager.
[2020.08.27-17.12.50:094][  0]LogUObjectHash: Compacting FUObjectHashTables data took   1.94ms
[2020.08.27-17.12.50:220][  0]LogBlueprint: Warning: [Compiler FAL] Could not find a variable named "projectile" in 'FAL_P_C'.
Make sure 'FAL_P_C' has been compiled for  Obtener projectile
[2020.08.27-17.12.50:220][  0]LogBlueprint: Warning: [Compiler FAL] Could not find a variable named "projectile" in 'FAL_P_C'.
Make sure 'FAL_P_C' has been compiled for  Obtener projectile
[2020.08.27-17.12.50:245][  0]LogBlueprint: Error: [Compiler FAL] La propiedad asociada con  projectile  no se ha encontrado
[2020.08.27-17.12.50:245][  0]LogBlueprint: Error: [Compiler FAL] La propiedad asociada con  projectile  no se ha encontrado
[2020.08.27-17.12.50:403][  0]LogMaterial: Display: Missing cached shader map for material Ammo_White, compiling. 
[2020.08.27-17.12.50:552][  0]LogShaderCompilers: Display: Worker (1/5): shaders left to compile 20
[2020.08.27-17.12.50:552][  0]LogShaderCompilers: Display: Worker (2/5): shaders left to compile 15
[2020.08.27-17.12.50:552][  0]LogShaderCompilers: Display: Worker (3/5): shaders left to compile 10
[2020.08.27-17.12.50:552][  0]LogShaderCompilers: Display: Worker (4/5): shaders left to compile 5
[2020.08.27-17.12.50:559][  0]LogAIModule: Creating AISystem for world DevTest
[2020.08.27-17.12.50:563][  0]LogLoad: Game class is 'TwinStickMode_C'
[2020.08.27-17.12.50:570][  0]LogWorld: Bringing World /Game/Levels/DevTest.DevTest up for play (max tick rate 0) at 2020.08.27-13.12.50
[2020.08.27-17.12.50:571][  0]LogWorld: Bringing up level for play took: 0.006737
[2020.08.27-17.12.51:060][  0]LogLoad: Took 0.994848 seconds to LoadMap(/Game/Levels/DevTest)
[2020.08.27-17.12.51:080][  0]LogSlate: Took 0.000207 seconds to synchronously load lazily loaded font '../../../Engine/Content/Slate/Fonts/Roboto-Regular.ttf' (155K)
[2020.08.27-17.12.51:102][  0]LogRenderer: Reallocating scene render targets to support 1280x720 Format 2 NumSamples 1 (Frame:1).
[2020.08.27-17.12.51:102][  0]LogLoad: (Engine Initialization) Total time: 6.50 seconds
[2020.08.27-17.12.51:102][  0]LogLoad: (Engine Initialization) Total Blueprint compile time: 0.00 seconds
[2020.08.27-17.12.51:107][  0]LogContentStreaming: Texture pool size now 1000 MB
[2020.08.27-17.12.51:111][  0]LogSlate: InvalidateAllWidgets triggered.  All widgets were invalidated
[2020.08.27-17.12.51:121][  1]LogSlate: Took 0.000193 seconds to synchronously load lazily loaded font '../../../Engine/Content/Slate/Fonts/Roboto-Regular.ttf' (155K)
[2020.08.27-17.13.04:842][407]LogMaterial: Had to pass SMU back to game thread. Please ensure correct material usage flags.
[2020.08.27-17.13.04:842][407]LogSkeletalMesh: Error: Material with missing usage flag was applied to skeletal mesh /Game/BlueprintResource/TriánguloInferiorHueco.TriánguloInferiorHueco
[2020.08.27-17.13.12:855][500]LogWindowsDesktop: Alt-F4 pressed!
[2020.08.27-17.13.12:861][500]LogSlate: Window 'Myeou (64-bit Development PCD3D_ES31) ' being destroyed
[2020.08.27-17.13.12:861][500]LogWindowsTextInputMethodSystem: Display: IME system now deactivated.
[2020.08.27-17.13.12:865][500]LogSlate: Updating window title bar state: overlay mode, drag disabled, window buttons hidden, title bar hidden
[2020.08.27-17.13.12:865][500]LogEngine: All Windows Closed
[2020.08.27-17.13.12:865][500]LogWindows: FPlatformMisc::RequestExit(0)
[2020.08.27-17.13.12:865][500]LogCore: Engine exit requested (reason: Win RequestExit)
[2020.08.27-17.13.12:866][501]LogCore: Engine exit requested (reason: EngineExit() was called; note: exit was already requested)
[2020.08.27-17.13.12:873][501]LogAudioMixer: Display: Flush succeeded in the source manager command queue (1).
[2020.08.27-17.13.12:893][501]LogAudioMixer: Display: Flush succeeded the source manager command queue (2).
[2020.08.27-17.13.12:897][501]LogInit: Display: PreExit Game.
[2020.08.27-17.13.12:921][501]LogWorld: BeginTearingDown for /Game/Levels/DevTest
[2020.08.27-17.13.12:921][501]LogWorld: UWorld::CleanupWorld for DevTest, bSessionEnded=true, bCleanupResources=true
[2020.08.27-17.13.12:923][501]LogSlate: InvalidateAllWidgets triggered.  All widgets were invalidated
[2020.08.27-17.13.13:672][501]LogExit: Preparing to exit.
