Log file open, 08/29/20 11:13:09
LogWindows: Failed to load 'aqProf.dll' (GetLastError=126)
LogWindows: File 'aqProf.dll' does not exist
LogWindows: Failed to load 'VtuneApi.dll' (GetLastError=126)
LogWindows: File 'VtuneApi.dll' does not exist
LogWindows: Failed to load 'VtuneApi32e.dll' (GetLastError=126)
LogWindows: File 'VtuneApi32e.dll' does not exist
LogConsoleResponse: Display: Failed to find resolution value strings in scalability ini. Falling back to default.
LogInit: Display: Running engine for game: Myeou
LogPlatformFile: Not using cached read wrapper
LogTaskGraph: Started task graph with 5 named threads and 11 total threads with 3 sets of task threads.
LogStats: Stats thread started at 0.299960
LogD3D11RHI: Loaded GFSDK_Aftermath_Lib.x64.dll
LogICUInternationalization: ICU TimeZone Detection - Raw Offset: -4:00, Platform Override: ''
LogPluginManager: Mounting plugin Paper2D
LogPluginManager: Mounting plugin AISupport
LogPluginManager: Mounting plugin LightPropagationVolume
LogPluginManager: Mounting plugin ActorLayerUtilities
LogPluginManager: Mounting plugin AnimationSharing
LogPluginManager: Mounting plugin CLionSourceCodeAccess
LogPluginManager: Mounting plugin CodeLiteSourceCodeAccess
LogPluginManager: Mounting plugin GitSourceControl
LogPluginManager: Mounting plugin KDevelopSourceCodeAccess
LogPluginManager: Mounting plugin NullSourceCodeAccess
LogPluginManager: Mounting plugin PerforceSourceControl
LogPluginManager: Mounting plugin PlasticSourceControl
LogPluginManager: Mounting plugin SubversionSourceControl
LogPluginManager: Mounting plugin UObjectPlugin
LogPluginManager: Mounting plugin VisualStudioCodeSourceCodeAccess
LogPluginManager: Mounting plugin VisualStudioSourceCodeAccess
LogPluginManager: Mounting plugin XCodeSourceCodeAccess
LogPluginManager: Mounting plugin AssetManagerEditor
LogPluginManager: Mounting plugin CryptoKeys
LogPluginManager: Mounting plugin CurveEditorTools
LogPluginManager: Mounting plugin DataValidation
LogPluginManager: Mounting plugin FacialAnimation
LogPluginManager: Mounting plugin GameplayTagsEditor
LogPluginManager: Mounting plugin MacGraphicsSwitching
LogPluginManager: Mounting plugin MaterialAnalyzer
LogPluginManager: Mounting plugin MobileLauncherProfileWizard
LogPluginManager: Mounting plugin PluginBrowser
LogPluginManager: Mounting plugin SpeedTreeImporter
LogPluginManager: Mounting plugin DatasmithContent
LogPluginManager: Mounting plugin VariantManagerContent
LogPluginManager: Mounting plugin AlembicImporter
LogPluginManager: Mounting plugin AutomationUtils
LogPluginManager: Mounting plugin BackChannel
LogPluginManager: Mounting plugin CharacterAI
LogPluginManager: Mounting plugin GeometryCache
LogPluginManager: Mounting plugin PlatformCrypto
LogPluginManager: Mounting plugin ProxyLODPlugin
LogPluginManager: Mounting plugin SkeletalReduction
LogPluginManager: Mounting plugin MagicLeap
LogPluginManager: Mounting plugin MagicLeapMedia
LogPluginManager: Mounting plugin MLSDK
LogPluginManager: Mounting plugin AndroidMedia
LogPluginManager: Mounting plugin AvfMedia
LogPluginManager: Mounting plugin ImgMedia
LogPluginManager: Mounting plugin MediaCompositing
LogPluginManager: Mounting plugin MediaPlayerEditor
LogPluginManager: Mounting plugin WebMMedia
LogPluginManager: Mounting plugin WmfMedia
LogPluginManager: Mounting plugin TcpMessaging
LogPluginManager: Mounting plugin UdpMessaging
LogPluginManager: Mounting plugin ActorSequence
LogPluginManager: Mounting plugin LevelSequenceEditor
LogPluginManager: Mounting plugin MatineeToLevelSequence
LogPluginManager: Mounting plugin NetcodeUnitTest
LogPluginManager: Mounting plugin NUTUnrealEngine4
LogPluginManager: Mounting plugin OnlineSubsystemGooglePlay
LogPluginManager: Mounting plugin OnlineSubsystemIOS
LogPluginManager: Mounting plugin OnlineSubsystem
LogPluginManager: Mounting plugin OnlineSubsystemNull
LogPluginManager: Mounting plugin OnlineSubsystemUtils
LogPluginManager: Mounting plugin LauncherChunkInstaller
LogPluginManager: Mounting plugin AndroidDeviceProfileSelector
LogPluginManager: Mounting plugin AndroidMoviePlayer
LogPluginManager: Mounting plugin AndroidPermission
LogPluginManager: Mounting plugin AppleImageUtils
LogPluginManager: Mounting plugin AppleMoviePlayer
LogPluginManager: Mounting plugin ArchVisCharacter
LogPluginManager: Mounting plugin AssetTags
LogPluginManager: Mounting plugin AudioCapture
LogPluginManager: Mounting plugin CableComponent
LogPluginManager: Mounting plugin CustomMeshComponent
LogPluginManager: Mounting plugin EditableMesh
LogPluginManager: Mounting plugin ExampleDeviceProfileSelector
LogPluginManager: Mounting plugin GoogleCloudMessaging
LogPluginManager: Mounting plugin IOSDeviceProfileSelector
LogPluginManager: Mounting plugin LinuxDeviceProfileSelector
LogPluginManager: Mounting plugin LocationServicesBPLibrary
LogPluginManager: Mounting plugin MobilePatchingUtils
LogPluginManager: Mounting plugin OculusVR
LogPluginManager: Mounting plugin PhysXVehicles
LogPluginManager: Mounting plugin PostSplashScreen
LogPluginManager: Mounting plugin ProceduralMeshComponent
LogPluginManager: Mounting plugin RuntimePhysXCooking
LogPluginManager: Mounting plugin SignificanceManager
LogPluginManager: Mounting plugin SteamVR
LogPluginManager: Mounting plugin WebMMoviePlayer
LogPluginManager: Mounting plugin WindowsMoviePlayer
LogPluginManager: Mounting plugin ScreenshotTools
Launching UnrealBuildTool... [C:/Program Files/Epic Games/UE_4.24/Engine/Binaries/DotNET/UnrealBuildTool.exe -Mode=QueryTargets -Project="C:/Users/david/Desktop/Myeou/Product/Myeou/Myeou.uproject" -Output="C:/Users/david/Desktop/Myeou/Product/Myeou/Intermediate/TargetInfo.json"]
LogInit: Using libcurl 7.55.1-DEV
LogInit:  - built for x86_64-pc-win32
LogInit:  - supports SSL with OpenSSL/1.1.1
LogInit:  - supports HTTP deflate (compression) using libz 1.2.8
LogInit:  - other features:
LogInit:      CURL_VERSION_SSL
LogInit:      CURL_VERSION_LIBZ
LogInit:      CURL_VERSION_IPV6
LogInit:      CURL_VERSION_ASYNCHDNS
LogInit:      CURL_VERSION_LARGEFILE
LogInit:      CURL_VERSION_IDN
LogInit:  CurlRequestOptions (configurable via config and command line):
LogInit:  - bVerifyPeer = true  - Libcurl will verify peer certificate
LogInit:  - bUseHttpProxy = false  - Libcurl will NOT use HTTP proxy
LogInit:  - bDontReuseConnections = false  - Libcurl will reuse connections
LogInit:  - MaxHostConnections = 16  - Libcurl will limit the number of connections to a host
LogInit:  - LocalHostAddr = Default
LogInit:  - BufferSize = 65536
LogOnline: OSS: Creating online subsystem instance for: NULL
LogInit: WinSock: version 1.1 (2.2), MaxSocks=32767, MaxUdp=65467
LogOnline: OSS: TryLoadSubsystemAndSetDefault: Loaded subsystem for module [NULL]
LogInit: Build: ++UE4+Release-4.24-CL-11590370
LogInit: Engine Version: 4.24.3-11590370+++UE4+Release-4.24
LogInit: Compatible Engine Version: 4.24.0-10570792+++UE4+Release-4.24
LogInit: Net CL: 10570792
LogInit: OS: Windows 10 (Release 1909) (), CPU: Intel(R) Core(TM) i7-5500U CPU @ 2.40GHz, GPU: Intel(R) HD Graphics 5500
LogInit: Compiled (64-bit): Feb 24 2020 15:39:18
LogInit: Compiled with Visual C++: 19.16.27032.01
LogInit: Build Configuration: Development
LogInit: Branch Name: ++UE4+Release-4.24
LogInit: Command Line:  /Game/Levels/DevTest -game -PIEVIACONSOLE -ResX=1280 -ResY=720 -Multiprocess -messaging -SessionName="Play in Standalone Game" -featureleveles31 -faketouches -MultiprocessSaveConfig -windowed
LogInit: Base Directory: C:/Program Files/Epic Games/UE_4.24/Engine/Binaries/Win64/
LogInit: Installed Engine Build: 1
LogDevObjectVersion: Number of dev versions registered: 25
LogDevObjectVersion:   Dev-Blueprints (B0D832E4-1F89-4F0D-ACCF-7EB736FD4AA2): 10
LogDevObjectVersion:   Dev-Build (E1C64328-A22C-4D53-A36C-8E866417BD8C): 0
LogDevObjectVersion:   Dev-Core (375EC13C-06E4-48FB-B500-84F0262A717E): 3
LogDevObjectVersion:   Dev-Editor (E4B068ED-F494-42E9-A231-DA0B2E46BB41): 37
LogDevObjectVersion:   Dev-Framework (CFFC743F-43B0-4480-9391-14DF171D2073): 36
LogDevObjectVersion:   Dev-Mobile (B02B49B5-BB20-44E9-A304-32B752E40360): 2
LogDevObjectVersion:   Dev-Networking (A4E4105C-59A1-49B5-A7C5-40C4547EDFEE): 0
LogDevObjectVersion:   Dev-Online (39C831C9-5AE6-47DC-9A44-9C173E1C8E7C): 0
LogDevObjectVersion:   Dev-Physics (78F01B33-EBEA-4F98-B9B4-84EACCB95AA2): 2
LogDevObjectVersion:   Dev-Platform (6631380F-2D4D-43E0-8009-CF276956A95A): 0
LogDevObjectVersion:   Dev-Rendering (12F88B9F-8875-4AFC-A67C-D90C383ABD29): 36
LogDevObjectVersion:   Dev-Sequencer (7B5AE74C-D270-4C10-A958-57980B212A5A): 11
LogDevObjectVersion:   Dev-VR (D7296918-1DD6-4BDD-9DE2-64A83CC13884): 2
LogDevObjectVersion:   Dev-LoadTimes (C2A15278-BFE7-4AFE-6C17-90FF531DF755): 1
LogDevObjectVersion:   Private-Geometry (6EACA3D4-40EC-4CC1-B786-8BED09428FC5): 3
LogDevObjectVersion:   Dev-AnimPhys (29E575DD-E0A3-4627-9D10-D276232CDCEA): 17
LogDevObjectVersion:   Dev-Anim (AF43A65D-7FD3-4947-9873-3E8ED9C1BB05): 2
LogDevObjectVersion:   Dev-ReflectionCapture (6B266CEC-1EC7-4B8F-A30B-E4D90942FC07): 1
LogDevObjectVersion:   Dev-Automation (0DF73D61-A23F-47EA-B727-89E90C41499A): 1
LogDevObjectVersion:   FortniteMain (601D1886-AC64-4F84-AA16-D3DE0DEAC7D6): 31
LogDevObjectVersion:   Dev-Enterprise (9DFFBCD6-494F-0158-E221-12823C92A888): 8
LogDevObjectVersion:   Dev-Niagara (F2AED0AC-9AFE-416F-8664-AA7FFA26D6FC): 1
LogDevObjectVersion:   Dev-Destruction (174F1F0B-B4C6-45A5-B13F-2EE8D0FB917D): 9
LogDevObjectVersion:   Dev-Physics-Ext (35F94A83-E258-406C-A318-09F59610247C): 8
LogDevObjectVersion:   Dev-CineCamera (B2E18506-4273-CFC2-A54E-F4BB758BBA07): 1
LogInit: Presizing for max 25165824 objects, including 0 objects not considered by GC, pre-allocating 0 bytes for permanent pool.
LogInit: Object subsystem initialized
LogConfig: Setting CVar [[con.DebugEarlyDefault:1]]
LogConfig: Setting CVar [[r.setres:1280x720]]
[2020.08.29-15.13.19:220][  0]LogConfig: Setting CVar [[con.DebugEarlyDefault:1]]
[2020.08.29-15.13.19:220][  0]LogConfig: Setting CVar [[r.setres:1280x720]]
[2020.08.29-15.13.19:221][  0]LogConfig: Applying CVar settings from Section [/Script/Engine.RendererSettings] File [C:/Users/david/Desktop/Myeou/Product/Myeou/Saved/Config/Windows/Engine.ini]
[2020.08.29-15.13.19:221][  0]LogConfig: Setting CVar [[r.GPUCrashDebugging:0]]
[2020.08.29-15.13.19:221][  0]LogConfig: Setting CVar [[r.MobileHDR:0]]
[2020.08.29-15.13.19:221][  0]LogConfig: Setting CVar [[r.Mobile.DisableVertexFog:1]]
[2020.08.29-15.13.19:221][  0]LogConfig: Setting CVar [[r.Shadow.CSM.MaxMobileCascades:2]]
[2020.08.29-15.13.19:221][  0]LogConfig: Setting CVar [[r.MobileMSAA:1]]
[2020.08.29-15.13.19:221][  0]LogConfig: Setting CVar [[r.Mobile.UseLegacyShadingModel:0]]
[2020.08.29-15.13.19:221][  0]LogConfig: Setting CVar [[r.Mobile.UseHWsRGBEncoding:0]]
[2020.08.29-15.13.19:221][  0]LogConfig: Setting CVar [[r.Mobile.AllowDitheredLODTransition:0]]
[2020.08.29-15.13.19:221][  0]LogConfig: Setting CVar [[r.Mobile.AllowSoftwareOcclusion:0]]
[2020.08.29-15.13.19:221][  0]LogConfig: Setting CVar [[r.DiscardUnusedQuality:0]]
[2020.08.29-15.13.19:221][  0]LogConfig: Setting CVar [[r.AllowOcclusionQueries:1]]
[2020.08.29-15.13.19:221][  0]LogConfig: Setting CVar [[r.MinScreenRadiusForLights:0.030000]]
[2020.08.29-15.13.19:221][  0]LogConfig: Setting CVar [[r.MinScreenRadiusForDepthPrepass:0.030000]]
[2020.08.29-15.13.19:221][  0]LogConfig: Setting CVar [[r.MinScreenRadiusForCSMDepth:0.010000]]
[2020.08.29-15.13.19:221][  0]LogConfig: Setting CVar [[r.PrecomputedVisibilityWarning:0]]
[2020.08.29-15.13.19:221][  0]LogConfig: Setting CVar [[r.TextureStreaming:1]]
[2020.08.29-15.13.19:221][  0]LogConfig: Setting CVar [[Compat.UseDXT5NormalMaps:0]]
[2020.08.29-15.13.19:221][  0]LogConfig: Setting CVar [[r.VirtualTextures:0]]
[2020.08.29-15.13.19:221][  0]LogConfig: Setting CVar [[r.VirtualTexturedLightmaps:0]]
[2020.08.29-15.13.19:221][  0]LogConfig: Setting CVar [[r.VT.TileSize:128]]
[2020.08.29-15.13.19:221][  0]LogConfig: Setting CVar [[r.VT.TileBorderSize:4]]
[2020.08.29-15.13.19:221][  0]LogConfig: Setting CVar [[r.vt.FeedbackFactor:16]]
[2020.08.29-15.13.19:221][  0]LogConfig: Setting CVar [[r.VT.EnableCompressZlib:1]]
[2020.08.29-15.13.19:221][  0]LogConfig: Setting CVar [[r.VT.EnableCompressCrunch:0]]
[2020.08.29-15.13.19:221][  0]LogConfig: Setting CVar [[r.ClearCoatNormal:0]]
[2020.08.29-15.13.19:222][  0]LogConfig: Setting CVar [[r.ReflectionCaptureResolution:128]]
[2020.08.29-15.13.19:222][  0]LogConfig: Setting CVar [[r.ReflectionEnvironmentLightmapMixBasedOnRoughness:1]]
[2020.08.29-15.13.19:222][  0]LogConfig: Setting CVar [[r.ForwardShading:0]]
[2020.08.29-15.13.19:222][  0]LogConfig: Setting CVar [[r.VertexFoggingForOpaque:1]]
[2020.08.29-15.13.19:222][  0]LogConfig: Setting CVar [[r.AllowStaticLighting:1]]
[2020.08.29-15.13.19:222][  0]LogConfig: Setting CVar [[r.NormalMapsForStaticLighting:0]]
[2020.08.29-15.13.19:222][  0]LogConfig: Setting CVar [[r.GenerateMeshDistanceFields:0]]
[2020.08.29-15.13.19:222][  0]LogConfig: Setting CVar [[r.DistanceFieldBuild.EightBit:0]]
[2020.08.29-15.13.19:222][  0]LogConfig: Setting CVar [[r.GenerateLandscapeGIData:0]]
[2020.08.29-15.13.19:222][  0]LogConfig: Setting CVar [[r.DistanceFieldBuild.Compress:0]]
[2020.08.29-15.13.19:222][  0]LogConfig: Setting CVar [[r.TessellationAdaptivePixelsPerTriangle:48.000000]]
[2020.08.29-15.13.19:222][  0]LogConfig: Setting CVar [[r.SeparateTranslucency:0]]
[2020.08.29-15.13.19:222][  0]LogConfig: Setting CVar [[r.TranslucentSortPolicy:0]]
[2020.08.29-15.13.19:222][  0]LogConfig: Setting CVar [[r.CustomDepth:1]]
[2020.08.29-15.13.19:222][  0]LogConfig: Setting CVar [[r.CustomDepthTemporalAAJitter:1]]
[2020.08.29-15.13.19:222][  0]LogConfig: Setting CVar [[r.PostProcessing.PropagateAlpha:0]]
[2020.08.29-15.13.19:222][  0]LogConfig: Setting CVar [[r.DefaultFeature.Bloom:0]]
[2020.08.29-15.13.19:222][  0]LogConfig: Setting CVar [[r.DefaultFeature.AmbientOcclusion:0]]
[2020.08.29-15.13.19:222][  0]LogConfig: Setting CVar [[r.DefaultFeature.AmbientOcclusionStaticFraction:1]]
[2020.08.29-15.13.19:222][  0]LogConfig: Setting CVar [[r.DefaultFeature.AutoExposure:0]]
[2020.08.29-15.13.19:222][  0]LogConfig: Setting CVar [[r.DefaultFeature.AutoExposure.Method:0]]
[2020.08.29-15.13.19:222][  0]LogConfig: Setting CVar [[r.DefaultFeature.AutoExposure.ExtendDefaultLuminanceRange:0]]
[2020.08.29-15.13.19:222][  0]LogConfig: Setting CVar [[r.UsePreExposure:1]]
[2020.08.29-15.13.19:222][  0]LogConfig: Setting CVar [[r.EyeAdaptation.EditorOnly:1]]
[2020.08.29-15.13.19:222][  0]LogConfig: Setting CVar [[r.DefaultFeature.MotionBlur:0]]
[2020.08.29-15.13.19:222][  0]LogConfig: Setting CVar [[r.DefaultFeature.LensFlare:0]]
[2020.08.29-15.13.19:223][  0]LogConfig: Setting CVar [[r.TemporalAA.Upsampling:0]]
[2020.08.29-15.13.19:223][  0]LogConfig: Setting CVar [[r.SSGI.Enable:0]]
[2020.08.29-15.13.19:223][  0]LogConfig: Setting CVar [[r.DefaultFeature.AntiAliasing:0]]
[2020.08.29-15.13.19:223][  0]LogConfig: Setting CVar [[r.DefaultFeature.LightUnits:1]]
[2020.08.29-15.13.19:223][  0]LogConfig: Setting CVar [[r.DefaultBackBufferPixelFormat:4]]
[2020.08.29-15.13.19:223][  0]LogConfig: Setting CVar [[r.Shadow.UnbuiltPreviewInGame:1]]
[2020.08.29-15.13.19:223][  0]LogConfig: Setting CVar [[r.StencilForLODDither:0]]
[2020.08.29-15.13.19:223][  0]LogConfig: Setting CVar [[r.EarlyZPass:3]]
[2020.08.29-15.13.19:223][  0]LogConfig: Setting CVar [[r.EarlyZPassOnlyMaterialMasking:0]]
[2020.08.29-15.13.19:223][  0]LogConfig: Setting CVar [[r.DBuffer:1]]
[2020.08.29-15.13.19:223][  0]LogConfig: Setting CVar [[r.ClearSceneMethod:1]]
[2020.08.29-15.13.19:223][  0]LogConfig: Setting CVar [[r.BasePassOutputsVelocity:0]]
[2020.08.29-15.13.19:223][  0]LogConfig: Setting CVar [[r.SelectiveBasePassOutputs:0]]
[2020.08.29-15.13.19:223][  0]LogConfig: Setting CVar [[fx.GPUSimulationTextureSizeX:1024]]
[2020.08.29-15.13.19:223][  0]LogConfig: Setting CVar [[fx.GPUSimulationTextureSizeY:1024]]
[2020.08.29-15.13.19:223][  0]LogConfig: Setting CVar [[r.AllowGlobalClipPlane:0]]
[2020.08.29-15.13.19:223][  0]LogConfig: Setting CVar [[r.GBufferFormat:1]]
[2020.08.29-15.13.19:223][  0]LogConfig: Setting CVar [[r.MorphTarget.Mode:1]]
[2020.08.29-15.13.19:223][  0]LogConfig: Setting CVar [[vr.InstancedStereo:0]]
[2020.08.29-15.13.19:223][  0]LogConfig: Setting CVar [[vr.MultiView:0]]
[2020.08.29-15.13.19:224][  0]LogConfig: Setting CVar [[vr.MobileMultiView:0]]
[2020.08.29-15.13.19:224][  0]LogConfig: Setting CVar [[vr.MobileMultiView.Direct:0]]
[2020.08.29-15.13.19:224][  0]LogConfig: Setting CVar [[vr.RoundRobinOcclusion:0]]
[2020.08.29-15.13.19:224][  0]LogConfig: Setting CVar [[vr.ODSCapture:0]]
[2020.08.29-15.13.19:224][  0]LogConfig: Setting CVar [[r.WireframeCullThreshold:5.000000]]
[2020.08.29-15.13.19:224][  0]LogConfig: Setting CVar [[r.RayTracing:0]]
[2020.08.29-15.13.19:224][  0]LogConfig: Setting CVar [[r.RayTracing.UseTextureLod:0]]
[2020.08.29-15.13.19:224][  0]LogConfig: Setting CVar [[r.SupportStationarySkylight:1]]
[2020.08.29-15.13.19:224][  0]LogConfig: Setting CVar [[r.SupportLowQualityLightmaps:1]]
[2020.08.29-15.13.19:224][  0]LogConfig: Setting CVar [[r.SupportPointLightWholeSceneShadows:1]]
[2020.08.29-15.13.19:224][  0]LogConfig: Setting CVar [[r.SupportAtmosphericFog:1]]
[2020.08.29-15.13.19:225][  0]LogConfig: Setting CVar [[r.SupportSkyAtmosphere:1]]
[2020.08.29-15.13.19:225][  0]LogConfig: Setting CVar [[r.SupportSkyAtmosphereAffectsHeightFog:0]]
[2020.08.29-15.13.19:225][  0]LogConfig: Setting CVar [[r.SkinCache.CompileShaders:0]]
[2020.08.29-15.13.19:225][  0]LogConfig: Setting CVar [[r.Mobile.EnableStaticAndCSMShadowReceivers:1]]
[2020.08.29-15.13.19:225][  0]LogConfig: Setting CVar [[r.Mobile.EnableMovableLightCSMShaderCulling:1]]
[2020.08.29-15.13.19:225][  0]LogConfig: Setting CVar [[r.Mobile.AllowDistanceFieldShadows:1]]
[2020.08.29-15.13.19:225][  0]LogConfig: Setting CVar [[r.Mobile.AllowMovableDirectionalLights:1]]
[2020.08.29-15.13.19:225][  0]LogConfig: Setting CVar [[r.MobileNumDynamicPointLights:4]]
[2020.08.29-15.13.19:225][  0]LogConfig: Setting CVar [[r.MobileDynamicPointLightsUseStaticBranch:1]]
[2020.08.29-15.13.19:225][  0]LogConfig: Setting CVar [[r.Mobile.EnableMovableSpotlights:0]]
[2020.08.29-15.13.19:225][  0]LogConfig: Setting CVar [[r.SkinCache.SceneMemoryLimitInMB:128.000000]]
[2020.08.29-15.13.19:225][  0]LogConfig: Setting CVar [[r.GPUSkin.Limit2BoneInfluences:0]]
[2020.08.29-15.13.19:225][  0]LogConfig: Setting CVar [[r.SupportDepthOnlyIndexBuffers:1]]
[2020.08.29-15.13.19:225][  0]LogConfig: Setting CVar [[r.SupportReversedIndexBuffers:1]]
[2020.08.29-15.13.19:225][  0]LogConfig: Setting CVar [[r.SupportMaterialLayers:0]]
[2020.08.29-15.13.19:225][  0]LogConfig: Setting CVar [[r.LightPropagationVolume:0]]
[2020.08.29-15.13.19:225][  0]LogConfig: Applying CVar settings from Section [/Script/Engine.RendererOverrideSettings] File [C:/Users/david/Desktop/Myeou/Product/Myeou/Saved/Config/Windows/Engine.ini]
[2020.08.29-15.13.19:225][  0]LogConfig: Applying CVar settings from Section [/Script/Engine.StreamingSettings] File [C:/Users/david/Desktop/Myeou/Product/Myeou/Saved/Config/Windows/Engine.ini]
[2020.08.29-15.13.19:225][  0]LogConfig: Setting CVar [[s.MinBulkDataSizeForAsyncLoading:131072]]
[2020.08.29-15.13.19:225][  0]LogConfig: Setting CVar [[s.AsyncLoadingThreadEnabled:0]]
[2020.08.29-15.13.19:225][  0]LogConfig: Setting CVar [[s.EventDrivenLoaderEnabled:1]]
[2020.08.29-15.13.19:225][  0]LogConfig: Setting CVar [[s.WarnIfTimeLimitExceeded:0]]
[2020.08.29-15.13.19:225][  0]LogConfig: Setting CVar [[s.TimeLimitExceededMultiplier:1.5]]
[2020.08.29-15.13.19:225][  0]LogConfig: Setting CVar [[s.TimeLimitExceededMinTime:0.005]]
[2020.08.29-15.13.19:226][  0]LogConfig: Setting CVar [[s.UseBackgroundLevelStreaming:1]]
[2020.08.29-15.13.19:226][  0]LogConfig: Setting CVar [[s.PriorityAsyncLoadingExtraTime:15.0]]
[2020.08.29-15.13.19:226][  0]LogConfig: Setting CVar [[s.LevelStreamingActorsUpdateTimeLimit:5.0]]
[2020.08.29-15.13.19:226][  0]LogConfig: Setting CVar [[s.PriorityLevelStreamingActorsUpdateExtraTime:5.0]]
[2020.08.29-15.13.19:226][  0]LogConfig: Setting CVar [[s.LevelStreamingComponentsRegistrationGranularity:10]]
[2020.08.29-15.13.19:226][  0]LogConfig: Setting CVar [[s.UnregisterComponentsTimeLimit:1.0]]
[2020.08.29-15.13.19:226][  0]LogConfig: Setting CVar [[s.LevelStreamingComponentsUnregistrationGranularity:5]]
[2020.08.29-15.13.19:226][  0]LogConfig: Setting CVar [[s.FlushStreamingOnExit:1]]
[2020.08.29-15.13.19:226][  0]LogConfig: Applying CVar settings from Section [/Script/Engine.GarbageCollectionSettings] File [C:/Users/david/Desktop/Myeou/Product/Myeou/Saved/Config/Windows/Engine.ini]
[2020.08.29-15.13.19:226][  0]LogConfig: Setting CVar [[gc.MaxObjectsNotConsideredByGC:1]]
[2020.08.29-15.13.19:226][  0]LogConfig: Setting CVar [[gc.SizeOfPermanentObjectPool:0]]
[2020.08.29-15.13.19:226][  0]LogConfig: Setting CVar [[gc.FlushStreamingOnGC:0]]
[2020.08.29-15.13.19:226][  0]LogConfig: Setting CVar [[gc.NumRetriesBeforeForcingGC:10]]
[2020.08.29-15.13.19:226][  0]LogConfig: Setting CVar [[gc.AllowParallelGC:1]]
[2020.08.29-15.13.19:226][  0]LogConfig: Setting CVar [[gc.TimeBetweenPurgingPendingKillObjects:61.1]]
[2020.08.29-15.13.19:226][  0]LogConfig: Setting CVar [[gc.MaxObjectsInEditor:25165824]]
[2020.08.29-15.13.19:226][  0]LogConfig: Setting CVar [[gc.IncrementalBeginDestroyEnabled:1]]
[2020.08.29-15.13.19:226][  0]LogConfig: Setting CVar [[gc.CreateGCClusters:1]]
[2020.08.29-15.13.19:226][  0]LogConfig: Setting CVar [[gc.MinGCClusterSize:5]]
[2020.08.29-15.13.19:226][  0]LogConfig: Setting CVar [[gc.ActorClusteringEnabled:0]]
[2020.08.29-15.13.19:226][  0]LogConfig: Setting CVar [[gc.BlueprintClusteringEnabled:0]]
[2020.08.29-15.13.19:226][  0]LogConfig: Setting CVar [[gc.UseDisregardForGCOnDedicatedServers:0]]
[2020.08.29-15.13.19:227][  0]LogConfig: Applying CVar settings from Section [/Script/Engine.NetworkSettings] File [C:/Users/david/Desktop/Myeou/Product/Myeou/Saved/Config/Windows/Engine.ini]
[2020.08.29-15.13.19:227][  0]LogConfig: Applying CVar settings from Section [/Script/UnrealEd.CookerSettings] File [C:/Users/david/Desktop/Myeou/Product/Myeou/Saved/Config/Windows/Engine.ini]
[2020.08.29-15.13.19:233][  0]LogConfig: Applying CVar settings from Section [ViewDistanceQuality@3] File [C:/Users/david/Desktop/Myeou/Product/Myeou/Saved/Config/Windows/Scalability.ini]
[2020.08.29-15.13.19:233][  0]LogConfig: Setting CVar [[r.SkeletalMeshLODBias:0]]
[2020.08.29-15.13.19:234][  0]LogConfig: Setting CVar [[r.ViewDistanceScale:1.0]]
[2020.08.29-15.13.19:234][  0]LogConfig: Applying CVar settings from Section [AntiAliasingQuality@3] File [C:/Users/david/Desktop/Myeou/Product/Myeou/Saved/Config/Windows/Scalability.ini]
[2020.08.29-15.13.19:234][  0]LogConfig: Setting CVar [[r.PostProcessAAQuality:4]]
[2020.08.29-15.13.19:234][  0]LogConfig: Applying CVar settings from Section [ShadowQuality@3] File [C:/Users/david/Desktop/Myeou/Product/Myeou/Saved/Config/Windows/Scalability.ini]
[2020.08.29-15.13.19:234][  0]LogConfig: Setting CVar [[r.LightFunctionQuality:1]]
[2020.08.29-15.13.19:234][  0]LogConfig: Setting CVar [[r.ShadowQuality:5]]
[2020.08.29-15.13.19:234][  0]LogConfig: Setting CVar [[r.Shadow.CSM.MaxCascades:10]]
[2020.08.29-15.13.19:234][  0]LogConfig: Setting CVar [[r.Shadow.MaxResolution:2048]]
[2020.08.29-15.13.19:234][  0]LogConfig: Setting CVar [[r.Shadow.MaxCSMResolution:2048]]
[2020.08.29-15.13.19:234][  0]LogConfig: Setting CVar [[r.Shadow.RadiusThreshold:0.01]]
[2020.08.29-15.13.19:234][  0]LogConfig: Setting CVar [[r.Shadow.DistanceScale:1.0]]
[2020.08.29-15.13.19:234][  0]LogConfig: Setting CVar [[r.Shadow.CSM.TransitionScale:1.0]]
[2020.08.29-15.13.19:234][  0]LogConfig: Setting CVar [[r.Shadow.PreShadowResolutionFactor:1.0]]
[2020.08.29-15.13.19:234][  0]LogConfig: Setting CVar [[r.DistanceFieldShadowing:1]]
[2020.08.29-15.13.19:234][  0]LogConfig: Setting CVar [[r.DistanceFieldAO:1]]
[2020.08.29-15.13.19:234][  0]LogConfig: Setting CVar [[r.AOQuality:2]]
[2020.08.29-15.13.19:234][  0]LogConfig: Setting CVar [[r.VolumetricFog:1]]
[2020.08.29-15.13.19:234][  0]LogConfig: Setting CVar [[r.VolumetricFog.GridPixelSize:8]]
[2020.08.29-15.13.19:234][  0]LogConfig: Setting CVar [[r.VolumetricFog.GridSizeZ:128]]
[2020.08.29-15.13.19:234][  0]LogConfig: Setting CVar [[r.VolumetricFog.HistoryMissSupersampleCount:4]]
[2020.08.29-15.13.19:234][  0]LogConfig: Setting CVar [[r.LightMaxDrawDistanceScale:1]]
[2020.08.29-15.13.19:234][  0]LogConfig: Setting CVar [[r.CapsuleShadows:1]]
[2020.08.29-15.13.19:234][  0]LogConfig: Applying CVar settings from Section [PostProcessQuality@3] File [C:/Users/david/Desktop/Myeou/Product/Myeou/Saved/Config/Windows/Scalability.ini]
[2020.08.29-15.13.19:234][  0]LogConfig: Setting CVar [[r.MotionBlurQuality:4]]
[2020.08.29-15.13.19:234][  0]LogConfig: Setting CVar [[r.AmbientOcclusionMipLevelFactor:0.4]]
[2020.08.29-15.13.19:234][  0]LogConfig: Setting CVar [[r.AmbientOcclusionMaxQuality:100]]
[2020.08.29-15.13.19:234][  0]LogConfig: Setting CVar [[r.AmbientOcclusionLevels:-1]]
[2020.08.29-15.13.19:235][  0]LogConfig: Setting CVar [[r.AmbientOcclusionRadiusScale:1.0]]
[2020.08.29-15.13.19:235][  0]LogConfig: Setting CVar [[r.DepthOfFieldQuality:2]]
[2020.08.29-15.13.19:235][  0]LogConfig: Setting CVar [[r.RenderTargetPoolMin:400]]
[2020.08.29-15.13.19:235][  0]LogConfig: Setting CVar [[r.LensFlareQuality:2]]
[2020.08.29-15.13.19:235][  0]LogConfig: Setting CVar [[r.SceneColorFringeQuality:1]]
[2020.08.29-15.13.19:235][  0]LogConfig: Setting CVar [[r.EyeAdaptationQuality:2]]
[2020.08.29-15.13.19:235][  0]LogConfig: Setting CVar [[r.BloomQuality:5]]
[2020.08.29-15.13.19:235][  0]LogConfig: Setting CVar [[r.FastBlurThreshold:100]]
[2020.08.29-15.13.19:235][  0]LogConfig: Setting CVar [[r.Upscale.Quality:3]]
[2020.08.29-15.13.19:235][  0]LogConfig: Setting CVar [[r.Tonemapper.GrainQuantization:1]]
[2020.08.29-15.13.19:235][  0]LogConfig: Setting CVar [[r.LightShaftQuality:1]]
[2020.08.29-15.13.19:235][  0]LogConfig: Setting CVar [[r.Filter.SizeScale:1]]
[2020.08.29-15.13.19:235][  0]LogConfig: Setting CVar [[r.Tonemapper.Quality:5]]
[2020.08.29-15.13.19:235][  0]LogConfig: Setting CVar [[r.DOF.Gather.AccumulatorQuality:1        ; higher gathering accumulator quality]]
[2020.08.29-15.13.19:235][  0]LogConfig: Setting CVar [[r.DOF.Gather.PostfilterMethod:1          ; Median3x3 postfilering method]]
[2020.08.29-15.13.19:235][  0]LogConfig: Setting CVar [[r.DOF.Gather.EnableBokehSettings:0       ; no bokeh simulation when gathering]]
[2020.08.29-15.13.19:235][  0]LogConfig: Setting CVar [[r.DOF.Gather.RingCount:4                 ; medium number of samples when gathering]]
[2020.08.29-15.13.19:235][  0]LogConfig: Setting CVar [[r.DOF.Scatter.ForegroundCompositing:1    ; additive foreground scattering]]
[2020.08.29-15.13.19:235][  0]LogConfig: Setting CVar [[r.DOF.Scatter.BackgroundCompositing:2    ; additive background scattering]]
[2020.08.29-15.13.19:235][  0]LogConfig: Setting CVar [[r.DOF.Scatter.EnableBokehSettings:1      ; bokeh simulation when scattering]]
[2020.08.29-15.13.19:235][  0]LogConfig: Setting CVar [[r.DOF.Scatter.MaxSpriteRatio:0.1         ; only a maximum of 10% of scattered bokeh]]
[2020.08.29-15.13.19:235][  0]LogConfig: Setting CVar [[r.DOF.Recombine.Quality:1                ; cheap slight out of focus]]
[2020.08.29-15.13.19:235][  0]LogConfig: Setting CVar [[r.DOF.Recombine.EnableBokehSettings:0    ; no bokeh simulation on slight out of focus]]
[2020.08.29-15.13.19:235][  0]LogConfig: Setting CVar [[r.DOF.TemporalAAQuality:1                ; more stable temporal accumulation]]
[2020.08.29-15.13.19:235][  0]LogConfig: Setting CVar [[r.DOF.Kernel.MaxForegroundRadius:0.025]]
[2020.08.29-15.13.19:235][  0]LogConfig: Setting CVar [[r.DOF.Kernel.MaxBackgroundRadius:0.025]]
[2020.08.29-15.13.19:235][  0]LogConfig: Applying CVar settings from Section [TextureQuality@3] File [C:/Users/david/Desktop/Myeou/Product/Myeou/Saved/Config/Windows/Scalability.ini]
[2020.08.29-15.13.19:236][  0]LogConfig: Setting CVar [[r.Streaming.MipBias:0]]
[2020.08.29-15.13.19:236][  0]LogConfig: Setting CVar [[r.Streaming.AmortizeCPUToGPUCopy:0]]
[2020.08.29-15.13.19:236][  0]LogConfig: Setting CVar [[r.Streaming.MaxNumTexturesToStreamPerFrame:0]]
[2020.08.29-15.13.19:236][  0]LogConfig: Setting CVar [[r.Streaming.Boost:1]]
[2020.08.29-15.13.19:236][  0]LogConfig: Setting CVar [[r.MaxAnisotropy:8]]
[2020.08.29-15.13.19:236][  0]LogConfig: Setting CVar [[r.VT.MaxAnisotropy:8]]
[2020.08.29-15.13.19:236][  0]LogConfig: Setting CVar [[r.Streaming.LimitPoolSizeToVRAM:0]]
[2020.08.29-15.13.19:236][  0]LogConfig: Setting CVar [[r.Streaming.PoolSize:1000]]
[2020.08.29-15.13.19:236][  0]LogConfig: Setting CVar [[r.Streaming.MaxEffectiveScreenSize:0]]
[2020.08.29-15.13.19:236][  0]LogConfig: Applying CVar settings from Section [EffectsQuality@3] File [C:/Users/david/Desktop/Myeou/Product/Myeou/Saved/Config/Windows/Scalability.ini]
[2020.08.29-15.13.19:236][  0]LogConfig: Setting CVar [[r.TranslucencyLightingVolumeDim:64]]
[2020.08.29-15.13.19:236][  0]LogConfig: Setting CVar [[r.RefractionQuality:2]]
[2020.08.29-15.13.19:236][  0]LogConfig: Setting CVar [[r.SSR.Quality:3]]
[2020.08.29-15.13.19:236][  0]LogConfig: Setting CVar [[r.SSR.HalfResSceneColor:0]]
[2020.08.29-15.13.19:236][  0]LogConfig: Setting CVar [[r.SceneColorFormat:4]]
[2020.08.29-15.13.19:236][  0]LogConfig: Setting CVar [[r.DetailMode:2]]
[2020.08.29-15.13.19:236][  0]LogConfig: Setting CVar [[r.TranslucencyVolumeBlur:1]]
[2020.08.29-15.13.19:236][  0]LogConfig: Setting CVar [[r.MaterialQualityLevel:1 ; High quality]]
[2020.08.29-15.13.19:236][  0]LogConfig: Setting CVar [[r.SSS.Scale:1]]
[2020.08.29-15.13.19:236][  0]LogConfig: Setting CVar [[r.SSS.SampleSet:2]]
[2020.08.29-15.13.19:236][  0]LogConfig: Setting CVar [[r.SSS.Quality:1]]
[2020.08.29-15.13.19:236][  0]LogConfig: Setting CVar [[r.SSS.HalfRes:1]]
[2020.08.29-15.13.19:236][  0]LogConfig: Setting CVar [[r.SSGI.Quality:3]]
[2020.08.29-15.13.19:236][  0]LogConfig: Setting CVar [[r.EmitterSpawnRateScale:1.0]]
[2020.08.29-15.13.19:236][  0]LogConfig: Setting CVar [[r.ParticleLightQuality:2]]
[2020.08.29-15.13.19:236][  0]LogConfig: Setting CVar [[r.SkyAtmosphere.AerialPerspectiveLUT.FastApplyOnOpaque:1 ; Always have FastSkyLUT 1 in this case to avoid wrong sky]]
[2020.08.29-15.13.19:236][  0]LogConfig: Setting CVar [[r.SkyAtmosphere.AerialPerspectiveLUT.SampleCountPerSlice:1]]
[2020.08.29-15.13.19:237][  0]LogConfig: Setting CVar [[r.SkyAtmosphere.AerialPerspectiveLUT.DepthResolution:16.0]]
[2020.08.29-15.13.19:237][  0]LogConfig: Setting CVar [[r.SkyAtmosphere.FastSkyLUT:1]]
[2020.08.29-15.13.19:237][  0]LogConfig: Setting CVar [[r.SkyAtmosphere.FastSkyLUT.SampleCountMin:4.0]]
[2020.08.29-15.13.19:237][  0]LogConfig: Setting CVar [[r.SkyAtmosphere.FastSkyLUT.SampleCountMax:32.0]]
[2020.08.29-15.13.19:237][  0]LogConfig: Setting CVar [[r.SkyAtmosphere.SampleCountMin:4.0]]
[2020.08.29-15.13.19:237][  0]LogConfig: Setting CVar [[r.SkyAtmosphere.SampleCountMax:32.0]]
[2020.08.29-15.13.19:237][  0]LogConfig: Setting CVar [[r.SkyAtmosphere.TransmittanceLUT.UseSmallFormat:0]]
[2020.08.29-15.13.19:237][  0]LogConfig: Setting CVar [[r.SkyAtmosphere.TransmittanceLUT.SampleCount:10.0]]
[2020.08.29-15.13.19:237][  0]LogConfig: Setting CVar [[r.SkyAtmosphere.MultiScatteringLUT.SampleCount:15.0]]
[2020.08.29-15.13.19:237][  0]LogConfig: Applying CVar settings from Section [FoliageQuality@3] File [C:/Users/david/Desktop/Myeou/Product/Myeou/Saved/Config/Windows/Scalability.ini]
[2020.08.29-15.13.19:237][  0]LogConfig: Setting CVar [[foliage.DensityScale:1.0]]
[2020.08.29-15.13.19:237][  0]LogConfig: Setting CVar [[grass.DensityScale:1.0]]
[2020.08.29-15.13.19:237][  0]LogConfig: Applying CVar settings from Section [ShadingQuality@3] File [C:/Users/david/Desktop/Myeou/Product/Myeou/Saved/Config/Windows/Scalability.ini]
[2020.08.29-15.13.19:237][  0]LogConfig: Setting CVar [[r.HairStrands.SkyLighting.SampleCount:16]]
[2020.08.29-15.13.19:237][  0]LogConfig: Setting CVar [[r.HairStrands.SkyLighting.JitterIntegration:0]]
[2020.08.29-15.13.19:237][  0]LogConfig: Setting CVar [[r.HairStrands.SkyAO.SampleCount:16]]
[2020.08.29-15.13.19:237][  0]LogInit: Selected Device Profile: [Windows]
[2020.08.29-15.13.19:237][  0]LogInit: Applying CVar settings loaded from the selected device profile: [Windows]
[2020.08.29-15.13.19:243][  0]LogHAL: Display: Platform has ~ 8 GB [8500953088 / 8589934592 / 8], which maps to Default [LargestMinGB=32, LargerMinGB=12, DefaultMinGB=8, SmallerMinGB=6, SmallestMinGB=0)
[2020.08.29-15.13.19:244][  0]LogInit: Going up to parent DeviceProfile []
[2020.08.29-15.13.19:244][  0]LogConfig: Applying CVar settings from Section [ViewDistanceQuality@3] File [C:/Users/david/Desktop/Myeou/Product/Myeou/Saved/Config/Windows/Scalability.ini]
[2020.08.29-15.13.19:244][  0]LogConfig: Setting CVar [[r.SkeletalMeshLODBias:0]]
[2020.08.29-15.13.19:244][  0]LogConfig: Setting CVar [[r.ViewDistanceScale:1.0]]
[2020.08.29-15.13.19:244][  0]LogConfig: Applying CVar settings from Section [AntiAliasingQuality@3] File [C:/Users/david/Desktop/Myeou/Product/Myeou/Saved/Config/Windows/Scalability.ini]
[2020.08.29-15.13.19:244][  0]LogConfig: Setting CVar [[r.PostProcessAAQuality:4]]
[2020.08.29-15.13.19:244][  0]LogConfig: Applying CVar settings from Section [ShadowQuality@3] File [C:/Users/david/Desktop/Myeou/Product/Myeou/Saved/Config/Windows/Scalability.ini]
[2020.08.29-15.13.19:244][  0]LogConfig: Setting CVar [[r.LightFunctionQuality:1]]
[2020.08.29-15.13.19:244][  0]LogConfig: Setting CVar [[r.ShadowQuality:5]]
[2020.08.29-15.13.19:245][  0]LogConfig: Setting CVar [[r.Shadow.CSM.MaxCascades:10]]
[2020.08.29-15.13.19:245][  0]LogConfig: Setting CVar [[r.Shadow.MaxResolution:2048]]
[2020.08.29-15.13.19:245][  0]LogConfig: Setting CVar [[r.Shadow.MaxCSMResolution:2048]]
[2020.08.29-15.13.19:245][  0]LogConfig: Setting CVar [[r.Shadow.RadiusThreshold:0.01]]
[2020.08.29-15.13.19:245][  0]LogConfig: Setting CVar [[r.Shadow.DistanceScale:1.0]]
[2020.08.29-15.13.19:245][  0]LogConfig: Setting CVar [[r.Shadow.CSM.TransitionScale:1.0]]
[2020.08.29-15.13.19:245][  0]LogConfig: Setting CVar [[r.Shadow.PreShadowResolutionFactor:1.0]]
[2020.08.29-15.13.19:245][  0]LogConfig: Setting CVar [[r.DistanceFieldShadowing:1]]
[2020.08.29-15.13.19:245][  0]LogConfig: Setting CVar [[r.DistanceFieldAO:1]]
[2020.08.29-15.13.19:245][  0]LogConfig: Setting CVar [[r.AOQuality:2]]
[2020.08.29-15.13.19:245][  0]LogConfig: Setting CVar [[r.VolumetricFog:1]]
[2020.08.29-15.13.19:245][  0]LogConfig: Setting CVar [[r.VolumetricFog.GridPixelSize:8]]
[2020.08.29-15.13.19:245][  0]LogConfig: Setting CVar [[r.VolumetricFog.GridSizeZ:128]]
[2020.08.29-15.13.19:245][  0]LogConfig: Setting CVar [[r.VolumetricFog.HistoryMissSupersampleCount:4]]
[2020.08.29-15.13.19:245][  0]LogConfig: Setting CVar [[r.LightMaxDrawDistanceScale:1]]
[2020.08.29-15.13.19:245][  0]LogConfig: Setting CVar [[r.CapsuleShadows:1]]
[2020.08.29-15.13.19:245][  0]LogConfig: Applying CVar settings from Section [PostProcessQuality@3] File [C:/Users/david/Desktop/Myeou/Product/Myeou/Saved/Config/Windows/Scalability.ini]
[2020.08.29-15.13.19:245][  0]LogConfig: Setting CVar [[r.MotionBlurQuality:4]]
[2020.08.29-15.13.19:246][  0]LogConfig: Setting CVar [[r.AmbientOcclusionMipLevelFactor:0.4]]
[2020.08.29-15.13.19:246][  0]LogConfig: Setting CVar [[r.AmbientOcclusionMaxQuality:100]]
[2020.08.29-15.13.19:246][  0]LogConfig: Setting CVar [[r.AmbientOcclusionLevels:-1]]
[2020.08.29-15.13.19:246][  0]LogConfig: Setting CVar [[r.AmbientOcclusionRadiusScale:1.0]]
[2020.08.29-15.13.19:246][  0]LogConfig: Setting CVar [[r.DepthOfFieldQuality:2]]
[2020.08.29-15.13.19:246][  0]LogConfig: Setting CVar [[r.RenderTargetPoolMin:400]]
[2020.08.29-15.13.19:246][  0]LogConfig: Setting CVar [[r.LensFlareQuality:2]]
[2020.08.29-15.13.19:246][  0]LogConfig: Setting CVar [[r.SceneColorFringeQuality:1]]
[2020.08.29-15.13.19:246][  0]LogConfig: Setting CVar [[r.EyeAdaptationQuality:2]]
[2020.08.29-15.13.19:246][  0]LogConfig: Setting CVar [[r.BloomQuality:5]]
[2020.08.29-15.13.19:246][  0]LogConfig: Setting CVar [[r.FastBlurThreshold:100]]
[2020.08.29-15.13.19:246][  0]LogConfig: Setting CVar [[r.Upscale.Quality:3]]
[2020.08.29-15.13.19:246][  0]LogConfig: Setting CVar [[r.Tonemapper.GrainQuantization:1]]
[2020.08.29-15.13.19:246][  0]LogConfig: Setting CVar [[r.LightShaftQuality:1]]
[2020.08.29-15.13.19:246][  0]LogConfig: Setting CVar [[r.Filter.SizeScale:1]]
[2020.08.29-15.13.19:247][  0]LogConfig: Setting CVar [[r.Tonemapper.Quality:5]]
[2020.08.29-15.13.19:247][  0]LogConfig: Setting CVar [[r.DOF.Gather.AccumulatorQuality:1        ; higher gathering accumulator quality]]
[2020.08.29-15.13.19:247][  0]LogConfig: Setting CVar [[r.DOF.Gather.PostfilterMethod:1          ; Median3x3 postfilering method]]
[2020.08.29-15.13.19:247][  0]LogConfig: Setting CVar [[r.DOF.Gather.EnableBokehSettings:0       ; no bokeh simulation when gathering]]
[2020.08.29-15.13.19:247][  0]LogConfig: Setting CVar [[r.DOF.Gather.RingCount:4                 ; medium number of samples when gathering]]
[2020.08.29-15.13.19:247][  0]LogConfig: Setting CVar [[r.DOF.Scatter.ForegroundCompositing:1    ; additive foreground scattering]]
[2020.08.29-15.13.19:247][  0]LogConfig: Setting CVar [[r.DOF.Scatter.BackgroundCompositing:2    ; additive background scattering]]
[2020.08.29-15.13.19:247][  0]LogConfig: Setting CVar [[r.DOF.Scatter.EnableBokehSettings:1      ; bokeh simulation when scattering]]
[2020.08.29-15.13.19:247][  0]LogConfig: Setting CVar [[r.DOF.Scatter.MaxSpriteRatio:0.1         ; only a maximum of 10% of scattered bokeh]]
[2020.08.29-15.13.19:247][  0]LogConfig: Setting CVar [[r.DOF.Recombine.Quality:1                ; cheap slight out of focus]]
[2020.08.29-15.13.19:247][  0]LogConfig: Setting CVar [[r.DOF.Recombine.EnableBokehSettings:0    ; no bokeh simulation on slight out of focus]]
[2020.08.29-15.13.19:247][  0]LogConfig: Setting CVar [[r.DOF.TemporalAAQuality:1                ; more stable temporal accumulation]]
[2020.08.29-15.13.19:247][  0]LogConfig: Setting CVar [[r.DOF.Kernel.MaxForegroundRadius:0.025]]
[2020.08.29-15.13.19:247][  0]LogConfig: Setting CVar [[r.DOF.Kernel.MaxBackgroundRadius:0.025]]
[2020.08.29-15.13.19:247][  0]LogConfig: Applying CVar settings from Section [TextureQuality@3] File [C:/Users/david/Desktop/Myeou/Product/Myeou/Saved/Config/Windows/Scalability.ini]
[2020.08.29-15.13.19:247][  0]LogConfig: Setting CVar [[r.Streaming.MipBias:0]]
[2020.08.29-15.13.19:247][  0]LogConfig: Setting CVar [[r.Streaming.AmortizeCPUToGPUCopy:0]]
[2020.08.29-15.13.19:247][  0]LogConfig: Setting CVar [[r.Streaming.MaxNumTexturesToStreamPerFrame:0]]
[2020.08.29-15.13.19:247][  0]LogConfig: Setting CVar [[r.Streaming.Boost:1]]
[2020.08.29-15.13.19:248][  0]LogConfig: Setting CVar [[r.MaxAnisotropy:8]]
[2020.08.29-15.13.19:248][  0]LogConfig: Setting CVar [[r.VT.MaxAnisotropy:8]]
[2020.08.29-15.13.19:248][  0]LogConfig: Setting CVar [[r.Streaming.LimitPoolSizeToVRAM:0]]
[2020.08.29-15.13.19:248][  0]LogConfig: Setting CVar [[r.Streaming.PoolSize:1000]]
[2020.08.29-15.13.19:248][  0]LogConfig: Setting CVar [[r.Streaming.MaxEffectiveScreenSize:0]]
[2020.08.29-15.13.19:248][  0]LogConfig: Applying CVar settings from Section [EffectsQuality@3] File [C:/Users/david/Desktop/Myeou/Product/Myeou/Saved/Config/Windows/Scalability.ini]
[2020.08.29-15.13.19:248][  0]LogConfig: Setting CVar [[r.TranslucencyLightingVolumeDim:64]]
[2020.08.29-15.13.19:248][  0]LogConfig: Setting CVar [[r.RefractionQuality:2]]
[2020.08.29-15.13.19:248][  0]LogConfig: Setting CVar [[r.SSR.Quality:3]]
[2020.08.29-15.13.19:248][  0]LogConfig: Setting CVar [[r.SSR.HalfResSceneColor:0]]
[2020.08.29-15.13.19:248][  0]LogConfig: Setting CVar [[r.SceneColorFormat:4]]
[2020.08.29-15.13.19:248][  0]LogConfig: Setting CVar [[r.DetailMode:2]]
[2020.08.29-15.13.19:248][  0]LogConfig: Setting CVar [[r.TranslucencyVolumeBlur:1]]
[2020.08.29-15.13.19:248][  0]LogConfig: Setting CVar [[r.MaterialQualityLevel:1 ; High quality]]
[2020.08.29-15.13.19:248][  0]LogConfig: Setting CVar [[r.SSS.Scale:1]]
[2020.08.29-15.13.19:248][  0]LogConfig: Setting CVar [[r.SSS.SampleSet:2]]
[2020.08.29-15.13.19:248][  0]LogConfig: Setting CVar [[r.SSS.Quality:1]]
[2020.08.29-15.13.19:248][  0]LogConfig: Setting CVar [[r.SSS.HalfRes:1]]
[2020.08.29-15.13.19:248][  0]LogConfig: Setting CVar [[r.SSGI.Quality:3]]
[2020.08.29-15.13.19:248][  0]LogConfig: Setting CVar [[r.EmitterSpawnRateScale:1.0]]
[2020.08.29-15.13.19:248][  0]LogConfig: Setting CVar [[r.ParticleLightQuality:2]]
[2020.08.29-15.13.19:248][  0]LogConfig: Setting CVar [[r.SkyAtmosphere.AerialPerspectiveLUT.FastApplyOnOpaque:1 ; Always have FastSkyLUT 1 in this case to avoid wrong sky]]
[2020.08.29-15.13.19:248][  0]LogConfig: Setting CVar [[r.SkyAtmosphere.AerialPerspectiveLUT.SampleCountPerSlice:1]]
[2020.08.29-15.13.19:248][  0]LogConfig: Setting CVar [[r.SkyAtmosphere.AerialPerspectiveLUT.DepthResolution:16.0]]
[2020.08.29-15.13.19:248][  0]LogConfig: Setting CVar [[r.SkyAtmosphere.FastSkyLUT:1]]
[2020.08.29-15.13.19:248][  0]LogConfig: Setting CVar [[r.SkyAtmosphere.FastSkyLUT.SampleCountMin:4.0]]
[2020.08.29-15.13.19:248][  0]LogConfig: Setting CVar [[r.SkyAtmosphere.FastSkyLUT.SampleCountMax:32.0]]
[2020.08.29-15.13.19:248][  0]LogConfig: Setting CVar [[r.SkyAtmosphere.SampleCountMin:4.0]]
[2020.08.29-15.13.19:249][  0]LogConfig: Setting CVar [[r.SkyAtmosphere.SampleCountMax:32.0]]
[2020.08.29-15.13.19:249][  0]LogConfig: Setting CVar [[r.SkyAtmosphere.TransmittanceLUT.UseSmallFormat:0]]
[2020.08.29-15.13.19:249][  0]LogConfig: Setting CVar [[r.SkyAtmosphere.TransmittanceLUT.SampleCount:10.0]]
[2020.08.29-15.13.19:249][  0]LogConfig: Setting CVar [[r.SkyAtmosphere.MultiScatteringLUT.SampleCount:15.0]]
[2020.08.29-15.13.19:249][  0]LogConfig: Applying CVar settings from Section [FoliageQuality@3] File [C:/Users/david/Desktop/Myeou/Product/Myeou/Saved/Config/Windows/Scalability.ini]
[2020.08.29-15.13.19:249][  0]LogConfig: Setting CVar [[foliage.DensityScale:1.0]]
[2020.08.29-15.13.19:249][  0]LogConfig: Setting CVar [[grass.DensityScale:1.0]]
[2020.08.29-15.13.19:249][  0]LogConfig: Applying CVar settings from Section [ShadingQuality@3] File [C:/Users/david/Desktop/Myeou/Product/Myeou/Saved/Config/Windows/Scalability.ini]
[2020.08.29-15.13.19:249][  0]LogConfig: Setting CVar [[r.HairStrands.SkyLighting.SampleCount:16]]
[2020.08.29-15.13.19:249][  0]LogConfig: Setting CVar [[r.HairStrands.SkyLighting.JitterIntegration:0]]
[2020.08.29-15.13.19:249][  0]LogConfig: Setting CVar [[r.HairStrands.SkyAO.SampleCount:16]]
[2020.08.29-15.13.19:249][  0]LogConfig: Applying CVar settings from Section [Startup] File [../../../Engine/Config/ConsoleVariables.ini]
[2020.08.29-15.13.19:249][  0]LogConfig: Setting CVar [[net.UseAdaptiveNetUpdateFrequency:0]]
[2020.08.29-15.13.19:249][  0]LogConfig: Setting CVar [[p.chaos.AllowCreatePhysxBodies:1]]
[2020.08.29-15.13.19:250][  0]LogConfig: Applying CVar settings from Section [ConsoleVariables] File [C:/Users/david/Desktop/Myeou/Product/Myeou/Saved/Config/Windows/Engine.ini]
[2020.08.29-15.13.19:250][  0]LogInit: Computer: IMPICKLERICK
[2020.08.29-15.13.19:250][  0]LogInit: User: david
[2020.08.29-15.13.19:250][  0]LogInit: CPU Page size=4096, Cores=2
[2020.08.29-15.13.19:250][  0]LogInit: High frequency timer resolution =10.000000 MHz
[2020.08.29-15.13.19:250][  0]LogMemory: Memory total: Physical=7.9GB (8GB approx)
[2020.08.29-15.13.19:250][  0]LogMemory: Platform Memory Stats for Windows
[2020.08.29-15.13.19:250][  0]LogMemory: Process Physical Memory: 110.14 MB used, 110.14 MB peak
[2020.08.29-15.13.19:250][  0]LogMemory: Process Virtual Memory: 100.38 MB used, 100.38 MB peak
[2020.08.29-15.13.19:250][  0]LogMemory: Physical Memory: 5650.60 MB used,  2456.54 MB free, 8107.14 MB total
[2020.08.29-15.13.19:250][  0]LogMemory: Virtual Memory: 5083.46 MB used,  134212648.00 MB free, 134217728.00 MB total
[2020.08.29-15.13.19:254][  0]LogWindows: WindowsPlatformFeatures enabled
[2020.08.29-15.13.19:286][  0]LogInit: Using OS detected language (en-US).
[2020.08.29-15.13.19:286][  0]LogInit: Using OS detected locale (en-US).
[2020.08.29-15.13.19:288][  0]LogTextLocalizationManager: No specific localization for 'en-US' exists, so the 'en' localization will be used.
[2020.08.29-15.13.19:575][  0]LogSlate: New Slate User Created.  User Index 0, Is Virtual User: 0
[2020.08.29-15.13.19:576][  0]LogSlate: Slate User Registered.  User Index 0, Is Virtual User: 0
[2020.08.29-15.13.19:599][  0]LogHMD: Failed to initialize OpenVR with code 110
[2020.08.29-15.13.19:599][  0]LogD3D11RHI: D3D11 min allowed feature level: 11_0
[2020.08.29-15.13.19:599][  0]LogD3D11RHI: D3D11 max allowed feature level: 11_0
[2020.08.29-15.13.19:599][  0]LogD3D11RHI: D3D11 adapters:
[2020.08.29-15.13.19:616][  0]LogD3D11RHI:    0. 'Intel(R) HD Graphics 5500' (Feature Level 11_0)
[2020.08.29-15.13.19:616][  0]LogD3D11RHI:       128/0/4053 MB DedicatedVideo/DedicatedSystem/SharedSystem, Outputs:1, VendorId:0x8086
[2020.08.29-15.13.19:621][  0]LogD3D11RHI:    1. 'Microsoft Basic Render Driver' (Feature Level 11_0)
[2020.08.29-15.13.19:621][  0]LogD3D11RHI:       0/0/4053 MB DedicatedVideo/DedicatedSystem/SharedSystem, Outputs:0, VendorId:0x1414
[2020.08.29-15.13.19:621][  0]LogD3D11RHI: Chosen D3D11 Adapter: 0
[2020.08.29-15.13.19:635][  0]LogD3D11RHI: Creating new Direct3DDevice
[2020.08.29-15.13.19:635][  0]LogD3D11RHI:     GPU DeviceId: 0x1616 (for the marketing name, search the web for "GPU Device Id")
[2020.08.29-15.13.19:635][  0]LogWindows: EnumDisplayDevices:
[2020.08.29-15.13.19:635][  0]LogWindows:    0. 'Intel(R) HD Graphics 5500' (P:1 D:1)
[2020.08.29-15.13.19:637][  0]LogWindows:    1. 'Intel(R) HD Graphics 5500' (P:0 D:0)
[2020.08.29-15.13.19:638][  0]LogWindows:    2. 'Intel(R) HD Graphics 5500' (P:0 D:0)
[2020.08.29-15.13.19:638][  0]LogWindows: DebugString: FoundDriverCount:3 
[2020.08.29-15.13.19:639][  0]LogD3D11RHI:     Adapter Name: Intel(R) HD Graphics 5500
[2020.08.29-15.13.19:639][  0]LogD3D11RHI:   Driver Version: 20.19.15.5070 (internal:20.19.15.5070, unified:20.19.15.5070)
[2020.08.29-15.13.19:639][  0]LogD3D11RHI:      Driver Date: 12-27-2018
[2020.08.29-15.13.19:639][  0]LogRHI: Texture pool is 1508 MB (70% of 2154 MB)
[2020.08.29-15.13.19:652][  0]LogD3D11RHI: RHI does not have support for 64 bit atomics
[2020.08.29-15.13.19:652][  0]LogD3D11RHI: Async texture creation enabled
[2020.08.29-15.13.19:665][  0]LogD3D11RHI: GPU Timing Frequency: 12.500000 (Debug: 2 0)
[2020.08.29-15.13.20:658][  0]LogTargetPlatformManager: Display: Loaded TargetPlatform 'WindowsNoEditor'
[2020.08.29-15.13.20:668][  0]LogTargetPlatformManager: Display: Loaded TargetPlatform 'Windows'
[2020.08.29-15.13.20:691][  0]LogTargetPlatformManager: Display: Loaded TargetPlatform 'WindowsClient'
[2020.08.29-15.13.20:714][  0]LogTargetPlatformManager: Display: Loaded TargetPlatform 'WindowsServer'
[2020.08.29-15.13.20:714][  0]LogTargetPlatformManager: Display: Building Assets For Windows
[2020.08.29-15.13.20:723][  0]LogAudioDebug: Display: Lib vorbis DLL was dynamically loaded.
[2020.08.29-15.13.20:783][  0]LogShaderCompilers: Guid format shader working directory is -12 characters bigger than the processId version (../../../../../../Users/david/Desktop/Myeou/Product/Myeou/Intermediate/Shaders/WorkingDirectory/13208/).
[2020.08.29-15.13.20:784][  0]LogShaderCompilers: Cleaned the shader compiler working directory 'C:/Users/david/AppData/Local/Temp/UnrealShaderWorkingDir/BE4212194571E1C28A0A18AC5AC13C0C/'.
[2020.08.29-15.13.20:785][  0]LogXGEController: Cannot use XGE Controller as Incredibuild is not installed on this machine.
[2020.08.29-15.13.20:785][  0]LogShaderCompilers: Cannot use XGE Shader Compiler as Incredibuild is not installed on this machine.
[2020.08.29-15.13.20:785][  0]LogShaderCompilers: Display: Using Local Shader Compiler.
[2020.08.29-15.13.22:066][  0]LogDerivedDataCache: Display: Max Cache Size: 512 MB
[2020.08.29-15.13.22:157][  0]LogDerivedDataCache: Loaded boot cache 0.09s 78MB C:/Users/david/AppData/Local/UnrealEngine/4.24/DerivedDataCache/Boot.ddc.
[2020.08.29-15.13.22:157][  0]LogDerivedDataCache: Display: Loaded Boot cache: C:/Users/david/AppData/Local/UnrealEngine/4.24/DerivedDataCache/Boot.ddc
[2020.08.29-15.13.22:157][  0]LogDerivedDataCache: FDerivedDataBackendGraph:  Pak pak cache file ../../../../../../Users/david/Desktop/Myeou/Product/Myeou/DerivedDataCache/DDC.ddp not found, will not use a pak cache.
[2020.08.29-15.13.22:157][  0]LogDerivedDataCache: Unable to find inner node Pak for hierarchical cache Hierarchy.
[2020.08.29-15.13.22:157][  0]LogDerivedDataCache: FDerivedDataBackendGraph:  CompressedPak pak cache file ../../../../../../Users/david/Desktop/Myeou/Product/Myeou/DerivedDataCache/Compressed.ddp not found, will not use a pak cache.
[2020.08.29-15.13.22:157][  0]LogDerivedDataCache: Unable to find inner node CompressedPak for hierarchical cache Hierarchy.
[2020.08.29-15.13.22:173][  0]LogDerivedDataCache: Display: Pak cache opened for reading ../../../Engine/DerivedDataCache/Compressed.ddp.
[2020.08.29-15.13.22:173][  0]LogDerivedDataCache: FDerivedDataBackendGraph:  EnterprisePak pak cache file ../../../Enterprise/DerivedDataCache/Compressed.ddp not found, will not use a pak cache.
[2020.08.29-15.13.22:174][  0]LogDerivedDataCache: Unable to find inner node EnterprisePak for hierarchical cache Hierarchy.
[2020.08.29-15.13.22:343][  0]LogDerivedDataCache: Using Local data cache path C:/Users/david/AppData/Local/UnrealEngine/Common/DerivedDataCache: Writable
[2020.08.29-15.13.22:343][  0]LogDerivedDataCache: Shared data cache path not found in *engine.ini, will not use an Shared cache.
[2020.08.29-15.13.22:343][  0]LogDerivedDataCache: Unable to find inner node Shared for hierarchical cache Hierarchy.
[2020.08.29-15.13.23:499][  0]LogMaterial: Verifying Global Shaders for PCD3D_ES31
[2020.08.29-15.13.23:537][  0]LogSlate: Using FreeType 2.10.0
[2020.08.29-15.13.23:538][  0]LogSlate: SlateFontServices - WITH_FREETYPE: 1, WITH_HARFBUZZ: 1
[2020.08.29-15.13.23:927][  0]LogInit: Using OS detected language (en-US).
[2020.08.29-15.13.23:927][  0]LogInit: Using OS detected locale (en-US).
[2020.08.29-15.13.23:927][  0]LogTextLocalizationManager: No localization for 'en-US' exists, so 'en' will be used for the language.
[2020.08.29-15.13.23:927][  0]LogTextLocalizationManager: No localization for 'en-US' exists, so 'en' will be used for the locale.
[2020.08.29-15.13.23:927][  0]LogSlate: FontCache flush requested. Reason: Culture for localization was changed
[2020.08.29-15.13.23:927][  0]LogSlate: FontCache flush requested. Reason: Culture for localization was changed
[2020.08.29-15.13.23:930][  0]LogTextLocalizationManager: Compacting localization data took   0.01ms
[2020.08.29-15.13.23:937][  0]LogAssetRegistry: FAssetRegistry took 0.0046 seconds to start up
[2020.08.29-15.13.24:363][  0]LogPackageLocalizationCache: Processed 10 localized package path(s) for 1 prioritized culture(s) in 0.000904 seconds
[2020.08.29-15.13.24:470][  0]LogInit: Selected Device Profile: [Windows]
[2020.08.29-15.13.25:448][  0]LogMeshReduction: Using QuadricMeshReduction for automatic static mesh reduction
[2020.08.29-15.13.25:448][  0]LogMeshReduction: Using SimplygonMeshReduction for automatic skeletal mesh reduction
[2020.08.29-15.13.25:448][  0]LogMeshReduction: Using ProxyLODMeshReduction for automatic mesh merging
[2020.08.29-15.13.25:448][  0]LogMeshReduction: No distributed automatic mesh merging module available
[2020.08.29-15.13.25:448][  0]LogMeshMerging: No distributed automatic mesh merging module available
[2020.08.29-15.13.25:473][  0]LogNetVersion: Myeou 1.0.0, NetCL: 10570792, EngineNetVer: 13, GameNetVer: 0 (Checksum: 825545305)
[2020.08.29-15.13.27:513][  0]LogMoviePlayer: Initializing movie player
[2020.08.29-15.13.27:815][  0]LogTcpMessaging: Initializing TcpMessaging bridge
[2020.08.29-15.13.27:818][  0]LogUdpMessaging: Initializing bridge on interface 0.0.0.0:0 to multicast group 230.0.0.1:6666.
[2020.08.29-15.13.27:896][  0]SourceControl: Source control is disabled
[2020.08.29-15.13.27:897][  0]SourceControl: Source control is disabled
[2020.08.29-15.13.27:898][  0]SourceControl: Source control is disabled
[2020.08.29-15.13.27:951][  0]LogAndroidPermission: UAndroidPermissionCallbackProxy::GetInstance
[2020.08.29-15.13.27:964][  0]LogAudioCaptureCore: Display: No Audio Capture implementations found. Audio input will be silent.
[2020.08.29-15.13.27:964][  0]LogAudioCaptureCore: Display: No Audio Capture implementations found. Audio input will be silent.
[2020.08.29-15.13.28:175][  0]LogOcInput: OculusInput pre-init called
[2020.08.29-15.13.28:185][  0]LogUObjectArray: 52645 objects as part of root set at end of initial load.
[2020.08.29-15.13.28:185][  0]LogUObjectAllocator: 9318280 out of 0 bytes used by permanent object pool.
[2020.08.29-15.13.28:185][  0]LogUObjectArray: CloseDisregardForGC: 0/0 objects in disregard for GC pool
[2020.08.29-15.13.28:547][  0]LogEngine: Initializing Engine...
[2020.08.29-15.13.28:549][  0]LogHMD: Failed to initialize OpenVR with code 110
[2020.08.29-15.13.28:551][  0]LogStats: UGameplayTagsManager::InitializeManager -  0.000 s
[2020.08.29-15.13.29:817][  0]LogInit: Initializing FReadOnlyCVARCache
[2020.08.29-15.13.29:820][  0]LogAudioMixer: Display: Audio Mixer Platform Settings:
[2020.08.29-15.13.29:821][  0]LogAudioMixer: Display: 	Sample Rate:						  48000
[2020.08.29-15.13.29:821][  0]LogAudioMixer: Display: 	Callback Buffer Frame Size Requested: 1024
[2020.08.29-15.13.29:821][  0]LogAudioMixer: Display: 	Callback Buffer Frame Size To Use:	  1024
[2020.08.29-15.13.29:821][  0]LogAudioMixer: Display: 	Number of buffers to queue:			  2
[2020.08.29-15.13.29:821][  0]LogAudioMixer: Display: 	Max Channels (voices):				  32
[2020.08.29-15.13.29:821][  0]LogAudioMixer: Display: 	Number of Async Source Workers:		  0
[2020.08.29-15.13.29:821][  0]LogAudio: Display: AudioDevice MaxSources: 32
[2020.08.29-15.13.29:822][  0]LogAudio: Display: Using built-in audio occlusion.
[2020.08.29-15.13.29:822][  0]LogAudioMixer: Display: Initializing audio mixer.
[2020.08.29-15.13.29:845][  0]LogAudioMixer: Display: Audio Device Output Speaker Info:
[2020.08.29-15.13.29:845][  0]LogAudioMixer: Display: Name: Speakers (Conexant SmartAudio HD)
[2020.08.29-15.13.29:845][  0]LogAudioMixer: Display: Is Default: Yes
[2020.08.29-15.13.29:845][  0]LogAudioMixer: Display: Sample Rate: 48000
[2020.08.29-15.13.29:845][  0]LogAudioMixer: Display: Channel Count Used: 2
[2020.08.29-15.13.29:845][  0]LogAudioMixer: Display: Device Channel Count: 2
[2020.08.29-15.13.29:845][  0]LogAudioMixer: Display: Channel Order:
[2020.08.29-15.13.29:845][  0]LogAudioMixer: Display: 0: FrontLeft
[2020.08.29-15.13.29:845][  0]LogAudioMixer: Display: 1: FrontRight
[2020.08.29-15.13.29:874][  0]LogAudioMixer: Display: Using Audio Device Speakers (Conexant SmartAudio HD)
[2020.08.29-15.13.29:880][  0]LogInit: FAudioDevice initialized.
[2020.08.29-15.13.29:988][  0]LogNetVersion: Set ProjectVersion to 1.0.0.0. Version Checksum will be recalculated on next use.
[2020.08.29-15.13.29:990][  0]LogInit: Texture streaming: Enabled
[2020.08.29-15.13.31:068][  0]LogSlate: Updating window title bar state: overlay mode, drag disabled, window buttons hidden, title bar hidden
[2020.08.29-15.13.31:069][  0]LogInit: Display: Game Engine Initialized.
[2020.08.29-15.13.31:180][  0]LogInit: Display: Starting Game.
[2020.08.29-15.13.31:210][  0]LogNet: Browse: /Game/Levels/DevTest?Name=Player
[2020.08.29-15.13.31:212][  0]LogLoad: LoadMap: /Game/Levels/DevTest?Name=Player
[2020.08.29-15.13.31:212][  0]LogWorld: BeginTearingDown for /Temp/Untitled_0
[2020.08.29-15.13.31:213][  0]LogWorld: UWorld::CleanupWorld for Untitled, bSessionEnded=true, bCleanupResources=true
[2020.08.29-15.13.31:214][  0]LogSlate: InvalidateAllWidgets triggered.  All widgets were invalidated
[2020.08.29-15.13.31:243][  0]LogAudioMixer: Display: No commands were queued while flushing the source manager.
[2020.08.29-15.13.31:246][  0]LogUObjectHash: Compacting FUObjectHashTables data took   2.67ms
[2020.08.29-15.13.35:308][  0]LogMaterial: Display: Missing cached shader map for material Gold, compiling. 
[2020.08.29-15.13.35:986][  0]LogShaderCompilers: Display: Worker (1/3): shaders left to compile 90
[2020.08.29-15.13.35:986][  0]LogShaderCompilers: Display: Worker (2/3): shaders left to compile 80
[2020.08.29-15.13.35:986][  0]LogShaderCompilers: Display: Worker (3/3): shaders left to compile 70
[2020.08.29-15.13.35:986][  0]LogMaterial: Display: Missing cached shader map for material PepinnoPiel, compiling. 
[2020.08.29-15.13.36:053][  0]LogMaterial: Display: Missing cached shader map for material Ammo_red, compiling. 
[2020.08.29-15.13.36:127][  0]LogMaterial: Display: Missing cached shader map for material TriánguloInf, compiling. 
[2020.08.29-15.13.36:888][  0]LogMaterial: Display: Missing cached shader map for material ArrowMaterial, compiling. 
[2020.08.29-15.13.37:527][  0]LogMaterial: Display: Missing cached shader map for material BasicShapeMaterial, compiling. 
[2020.08.29-15.13.38:755][  0]LogMaterial: Display: Missing cached shader map for material RedQuali, compiling. 
[2020.08.29-15.13.38:813][  0]LogMaterial: Display: Missing cached shader map for material PurpleQuali, compiling. 
[2020.08.29-15.13.38:921][  0]LogMaterial: Display: Missing cached shader map for material GreenQuali, compiling. 
[2020.08.29-15.13.38:964][  0]LogMaterial: Display: Missing cached shader map for material BlueQuali, compiling. 
[2020.08.29-15.13.39:005][  0]LogMaterial: Display: Missing cached shader map for material Amarillo, compiling. 
[2020.08.29-15.13.39:191][  0]LogMaterial: Display: Missing cached shader map for material AliasMaster, compiling. 
[2020.08.29-15.13.39:940][  0]LogMaterial: Display: Missing cached shader map for material WhiteQuali, compiling. 
[2020.08.29-15.13.40:257][  0]LogAIModule: Creating AISystem for world DevTest
[2020.08.29-15.13.40:280][  0]LogLoad: Game class is 'TwinStickMode_C'
[2020.08.29-15.13.40:391][  0]LogWorld: Bringing World /Game/Levels/DevTest.DevTest up for play (max tick rate 0) at 2020.08.29-11.13.40
[2020.08.29-15.13.40:394][  0]LogWorld: Bringing up level for play took: 0.028380
[2020.08.29-15.13.40:736][  0]LogLoad: Took 9.523830 seconds to LoadMap(/Game/Levels/DevTest)
[2020.08.29-15.13.40:820][  0]LogSlate: Took 0.000429 seconds to synchronously load lazily loaded font '../../../Engine/Content/Slate/Fonts/Roboto-Regular.ttf' (155K)
[2020.08.29-15.13.40:851][  0]LogLoad: (Engine Initialization) Total time: 38.02 seconds
[2020.08.29-15.13.40:851][  0]LogLoad: (Engine Initialization) Total Blueprint compile time: 0.00 seconds
[2020.08.29-15.13.40:927][  0]LogRenderer: Reallocating scene render targets to support 1280x720 Format 2 NumSamples 1 (Frame:1).
[2020.08.29-15.13.40:927][  0]LogContentStreaming: Texture pool size now 1000 MB
[2020.08.29-15.13.40:931][  0]LogSlate: InvalidateAllWidgets triggered.  All widgets were invalidated
[2020.08.29-15.13.41:231][  1]LogSlate: Took 0.000357 seconds to synchronously load lazily loaded font '../../../Engine/Content/Slate/Fonts/Roboto-Regular.ttf' (155K)
[2020.08.29-15.13.54:454][862]LogPlayerController: Error: InputMode:UIOnly - Attempting to focus Non-Focusable widget SObjectWidget [Widget.cpp(776)]!
[2020.08.29-15.13.55:374][ 89]LogShaderCompilers: Display: Worker (3/3): shaders left to compile 913
[2020.08.29-15.13.57:771][193]LogShaderCompilers: Display: Worker (2/3): shaders left to compile 903
[2020.08.29-15.13.57:771][193]LogShaderCompilers: Display: Worker (1/3): shaders left to compile 893
[2020.08.29-15.13.57:771][193]LogPackageName: SearchForPackageOnDisk took   2.002s to resolve MainMenu.umap.
[2020.08.29-15.13.58:417][193]LogPackageName: SearchForPackageOnDisk took   0.644s to resolve MainMenu.umap.
[2020.08.29-15.13.59:063][193]LogPackageName: SearchForPackageOnDisk took   0.644s to resolve MainMenu.umap.
[2020.08.29-15.13.59:063][193]LogNet: Browse: /Game/Levels/MainMenu
[2020.08.29-15.13.59:064][193]LogLoad: LoadMap: /Game/Levels/MainMenu
[2020.08.29-15.13.59:064][193]LogWorld: BeginTearingDown for /Game/Levels/DevTest
[2020.08.29-15.13.59:086][193]LogWorld: UWorld::CleanupWorld for DevTest, bSessionEnded=true, bCleanupResources=true
[2020.08.29-15.13.59:088][193]LogSlate: InvalidateAllWidgets triggered.  All widgets were invalidated
[2020.08.29-15.13.59:124][193]LogAudioMixer: Display: No commands were queued while flushing the source manager.
[2020.08.29-15.13.59:161][193]LogUObjectHash: Compacting FUObjectHashTables data took   4.24ms
[2020.08.29-15.13.59:481][193]LogAIModule: Creating AISystem for world MainMenu
[2020.08.29-15.14.00:091][193]LogMaterial: Display: Missing cached shader map for material Ammo_red, compiling. 
[2020.08.29-15.14.00:250][193]LogMaterial: Display: Missing cached shader map for material AliasMaster, compiling. 
[2020.08.29-15.14.00:367][193]LogMaterial: Display: Missing cached shader map for material WhiteQuali, compiling. 
[2020.08.29-15.14.00:475][193]LogMaterial: Display: Missing cached shader map for material PurpleQuali, compiling. 
[2020.08.29-15.14.00:511][193]LogMaterial: Display: Missing cached shader map for material RedQuali, compiling. 
[2020.08.29-15.14.00:562][193]LogMaterial: Display: Missing cached shader map for material BlueQuali, compiling. 
[2020.08.29-15.14.00:598][193]LogMaterial: Display: Missing cached shader map for material Amarillo, compiling. 
[2020.08.29-15.14.00:673][193]LogMaterial: Display: Missing cached shader map for material GreenQuali, compiling. 
[2020.08.29-15.14.00:707][193]LogMaterial: Display: Missing cached shader map for material TriánguloInf, compiling. 
[2020.08.29-15.14.00:804][193]LogLoad: Game class is 'TwinStickMode_C'
[2020.08.29-15.14.00:805][193]LogWorld: Bringing World /Game/Levels/MainMenu.MainMenu up for play (max tick rate 0) at 2020.08.29-11.14.00
[2020.08.29-15.14.00:806][193]LogWorld: Bringing up level for play took: 0.000733
[2020.08.29-15.14.00:806][193]LogGameMode: FindPlayerStart: PATHS NOT DEFINED or NO PLAYERSTART with positive rating
[2020.08.29-15.14.00:812][193]LogPlayerController: Error: InputMode:UIOnly - Attempting to focus Non-Focusable widget SObjectWidget [Widget.cpp(776)]!
[2020.08.29-15.14.00:819][193]LogLoad: Took 1.755843 seconds to LoadMap(/Game/Levels/MainMenu)
[2020.08.29-15.14.04:775][156]LogPackageName: SearchForPackageOnDisk took   0.639s to resolve DevTest.umap.
[2020.08.29-15.14.05:415][156]LogPackageName: SearchForPackageOnDisk took   0.638s to resolve DevTest.umap.
[2020.08.29-15.14.05:415][156]LogNet: Browse: /Game/Levels/DevTest
[2020.08.29-15.14.05:415][156]LogLoad: LoadMap: /Game/Levels/DevTest
[2020.08.29-15.14.05:415][156]LogWorld: BeginTearingDown for /Game/Levels/MainMenu
[2020.08.29-15.14.05:416][156]LogWorld: UWorld::CleanupWorld for MainMenu, bSessionEnded=true, bCleanupResources=true
[2020.08.29-15.14.05:417][156]LogSlate: InvalidateAllWidgets triggered.  All widgets were invalidated
[2020.08.29-15.14.05:495][156]LogAudioMixer: Display: Flush succeeded in the source manager command queue (1).
[2020.08.29-15.14.05:495][156]LogAudioMixer: Display: Flush succeeded the source manager command queue (2).
[2020.08.29-15.14.05:517][156]LogUObjectHash: Compacting FUObjectHashTables data took   2.05ms
[2020.08.29-15.14.06:552][156]LogMaterial: Display: Missing cached shader map for material BasicShapeMaterial, compiling. 
[2020.08.29-15.14.06:701][156]LogMaterial: Display: Missing cached shader map for material Ammo_red, compiling. 
[2020.08.29-15.14.06:781][156]LogMaterial: Display: Missing cached shader map for material RedQuali, compiling. 
[2020.08.29-15.14.06:815][156]LogMaterial: Display: Missing cached shader map for material Amarillo, compiling. 
[2020.08.29-15.14.06:889][156]LogMaterial: Display: Missing cached shader map for material PurpleQuali, compiling. 
[2020.08.29-15.14.06:928][156]LogMaterial: Display: Missing cached shader map for material GreenQuali, compiling. 
[2020.08.29-15.14.06:970][156]LogMaterial: Display: Missing cached shader map for material BlueQuali, compiling. 
[2020.08.29-15.14.07:055][156]LogMaterial: Display: Missing cached shader map for material ArrowMaterial, compiling. 
[2020.08.29-15.14.07:128][156]LogMaterial: Display: Missing cached shader map for material AliasMaster, compiling. 
[2020.08.29-15.14.07:227][156]LogMaterial: Display: Missing cached shader map for material WhiteQuali, compiling. 
[2020.08.29-15.14.07:372][156]LogMaterial: Display: Missing cached shader map for material TriánguloInf, compiling. 
[2020.08.29-15.14.07:459][156]LogMaterial: Display: Missing cached shader map for material Gold, compiling. 
[2020.08.29-15.14.07:553][156]LogMaterial: Display: Missing cached shader map for material PepinnoPiel, compiling. 
[2020.08.29-15.14.07:665][156]LogAIModule: Creating AISystem for world DevTest
[2020.08.29-15.14.07:671][156]LogLoad: Game class is 'TwinStickMode_C'
[2020.08.29-15.14.07:691][156]LogWorld: Bringing World /Game/Levels/DevTest.DevTest up for play (max tick rate 0) at 2020.08.29-11.14.07
[2020.08.29-15.14.07:693][156]LogWorld: Bringing up level for play took: 0.020878
[2020.08.29-15.14.07:710][156]LogLoad: Took 2.294528 seconds to LoadMap(/Game/Levels/DevTest)
[2020.08.29-15.14.09:883][593]LogBlueprintUserMessages: [MediumPotatoCharacter3] 98
[2020.08.29-15.14.09:883][593]LogBlueprintUserMessages: [MediumPotatoCharacter3] sigoVIvo
[2020.08.29-15.14.11:203][844]LogBlueprintUserMessages: [MediumPotatoCharacter2] 100
[2020.08.29-15.14.11:203][844]LogBlueprintUserMessages: [MediumPotatoCharacter2] sigoVIvo
[2020.08.29-15.14.13:158][ 89]LogShaderCompilers: Display: Worker (3/3): shaders left to compile 2392
[2020.08.29-15.14.13:425][ 89]LogShaderCompilers: Display: Worker (1/3): shaders left to compile 2382
[2020.08.29-15.14.14:012][196]LogShaderCompilers: Display: Worker (2/3): shaders left to compile 2372
[2020.08.29-15.14.16:995][765]LogBlueprintUserMessages: [MediumPotatoCharacter4] 98
[2020.08.29-15.14.16:995][765]LogBlueprintUserMessages: [MediumPotatoCharacter4] sigoVIvo
[2020.08.29-15.14.17:369][838]LogBlueprintUserMessages: [MediumPotatoCharacter4] 97
[2020.08.29-15.14.17:369][838]LogBlueprintUserMessages: [MediumPotatoCharacter4] sigoVIvo
[2020.08.29-15.14.22:854][842]LogBlueprintUserMessages: [MediumPotatoCharacter2] 97
[2020.08.29-15.14.22:854][842]LogBlueprintUserMessages: [MediumPotatoCharacter2] sigoVIvo
[2020.08.29-15.14.23:143][895]LogBlueprintUserMessages: [MediumPotatoCharacter2] 94
[2020.08.29-15.14.23:143][895]LogBlueprintUserMessages: [MediumPotatoCharacter2] sigoVIvo
[2020.08.29-15.14.23:642][984]LogBlueprintUserMessages: [MediumPotatoCharacter3] 95
[2020.08.29-15.14.23:642][984]LogBlueprintUserMessages: [MediumPotatoCharacter3] sigoVIvo
[2020.08.29-15.14.23:780][ 10]LogBlueprintUserMessages: [MediumPotatoCharacter4] 94
[2020.08.29-15.14.23:780][ 10]LogBlueprintUserMessages: [MediumPotatoCharacter4] sigoVIvo
[2020.08.29-15.14.25:002][228]LogBlueprintUserMessages: [MediumPotatoCharacter3] 92
[2020.08.29-15.14.25:003][228]LogBlueprintUserMessages: [MediumPotatoCharacter3] sigoVIvo
[2020.08.29-15.14.25:561][321]LogBlueprintUserMessages: [MediumPotatoCharacter2] 91
[2020.08.29-15.14.25:561][321]LogBlueprintUserMessages: [MediumPotatoCharacter2] sigoVIvo
[2020.08.29-15.14.25:589][326]LogBlueprintUserMessages: [MediumPotatoCharacter4] 91
[2020.08.29-15.14.25:589][326]LogBlueprintUserMessages: [MediumPotatoCharacter4] sigoVIvo
[2020.08.29-15.14.25:779][358]LogBlueprintUserMessages: [MediumPotatoCharacter2] 88
[2020.08.29-15.14.25:779][358]LogBlueprintUserMessages: [MediumPotatoCharacter2] sigoVIvo
[2020.08.29-15.14.27:514][660]LogBlueprintUserMessages: [MediumPotatoCharacter_2] 97
[2020.08.29-15.14.27:514][660]LogBlueprintUserMessages: [MediumPotatoCharacter_2] sigoVIvo
[2020.08.29-15.14.31:755][414]LogBlueprintUserMessages: [MediumPotatoCharacter3] 89
[2020.08.29-15.14.31:756][414]LogBlueprintUserMessages: [MediumPotatoCharacter3] sigoVIvo
[2020.08.29-15.14.32:126][480]LogBlueprintUserMessages: [MediumPotatoCharacter3] 86
[2020.08.29-15.14.32:126][480]LogBlueprintUserMessages: [MediumPotatoCharacter3] sigoVIvo
[2020.08.29-15.14.35:438][102]LogBlueprintUserMessages: [MediumPotatoCharacter3] 84
[2020.08.29-15.14.35:438][102]LogBlueprintUserMessages: [MediumPotatoCharacter3] sigoVIvo
[2020.08.29-15.14.35:730][160]LogBlueprintUserMessages: [MediumPotatoCharacter2] 86
[2020.08.29-15.14.35:730][160]LogBlueprintUserMessages: [MediumPotatoCharacter2] sigoVIvo
[2020.08.29-15.14.38:219][684]LogBlueprintUserMessages: [MediumPotatoCharacter5] 100
[2020.08.29-15.14.38:219][684]LogBlueprintUserMessages: [MediumPotatoCharacter5] sigoVIvo
[2020.08.29-15.15.02:915][874]LogShaderCompilers: Display: Worker (2/3): shaders left to compile 2362
[2020.08.29-15.15.10:865][575]LogPlayerController: Error: InputMode:UIOnly - Attempting to focus Non-Focusable widget SObjectWidget [Widget.cpp(776)]!
[2020.08.29-15.15.12:982][910]LogPackageName: SearchForPackageOnDisk took   0.750s to resolve MainMenu.umap.
[2020.08.29-15.15.13:632][910]LogPackageName: SearchForPackageOnDisk took   0.649s to resolve MainMenu.umap.
[2020.08.29-15.15.13:632][910]LogNet: Browse: /Game/Levels/MainMenu
[2020.08.29-15.15.13:632][910]LogLoad: LoadMap: /Game/Levels/MainMenu
[2020.08.29-15.15.13:632][910]LogWorld: BeginTearingDown for /Game/Levels/DevTest
[2020.08.29-15.15.13:634][910]LogWorld: UWorld::CleanupWorld for DevTest, bSessionEnded=true, bCleanupResources=true
[2020.08.29-15.15.13:636][910]LogSlate: InvalidateAllWidgets triggered.  All widgets were invalidated
[2020.08.29-15.15.13:683][910]LogAudioMixer: Display: No commands were queued while flushing the source manager.
[2020.08.29-15.15.13:708][910]LogUObjectHash: Compacting FUObjectHashTables data took   1.76ms
[2020.08.29-15.15.13:754][910]LogAIModule: Creating AISystem for world MainMenu
[2020.08.29-15.15.14:375][910]LogShaderCompilers: Display: Worker (1/3): shaders left to compile 2352
[2020.08.29-15.15.14:375][910]LogMaterial: Display: Missing cached shader map for material Ammo_red, compiling. 
[2020.08.29-15.15.14:429][910]LogShaderCompilers: Display: Worker (3/3): shaders left to compile 2342
[2020.08.29-15.15.14:430][910]LogMaterial: Display: Missing cached shader map for material GreenQuali, compiling. 
[2020.08.29-15.15.14:463][910]LogMaterial: Display: Missing cached shader map for material BlueQuali, compiling. 
[2020.08.29-15.15.14:504][910]LogMaterial: Display: Missing cached shader map for material RedQuali, compiling. 
[2020.08.29-15.15.14:538][910]LogMaterial: Display: Missing cached shader map for material PurpleQuali, compiling. 
[2020.08.29-15.15.14:583][910]LogMaterial: Display: Missing cached shader map for material AliasMaster, compiling. 
[2020.08.29-15.15.14:671][910]LogMaterial: Display: Missing cached shader map for material Amarillo, compiling. 
[2020.08.29-15.15.14:814][910]LogMaterial: Display: Missing cached shader map for material TriánguloInf, compiling. 
[2020.08.29-15.15.14:939][910]LogMaterial: Display: Missing cached shader map for material WhiteQuali, compiling. 
[2020.08.29-15.15.15:110][910]LogLoad: Game class is 'TwinStickMode_C'
[2020.08.29-15.15.15:257][910]LogWorld: Bringing World /Game/Levels/MainMenu.MainMenu up for play (max tick rate 0) at 2020.08.29-11.15.15
[2020.08.29-15.15.15:257][910]LogWorld: Bringing up level for play took: 0.000932
[2020.08.29-15.15.15:258][910]LogGameMode: FindPlayerStart: PATHS NOT DEFINED or NO PLAYERSTART with positive rating
[2020.08.29-15.15.15:264][910]LogPlayerController: Error: InputMode:UIOnly - Attempting to focus Non-Focusable widget SObjectWidget [Widget.cpp(776)]!
[2020.08.29-15.15.15:272][910]LogLoad: Took 1.640334 seconds to LoadMap(/Game/Levels/MainMenu)
[2020.08.29-15.15.16:522][283]Closing by request
[2020.08.29-15.15.16:522][283]LogWindows: FPlatformMisc::RequestExit(0)
[2020.08.29-15.15.16:522][283]LogCore: Engine exit requested (reason: Win RequestExit)
[2020.08.29-15.15.16:712][284]LogCore: Engine exit requested (reason: EngineExit() was called; note: exit was already requested)
[2020.08.29-15.15.16:720][284]LogAudioMixer: Display: Flush succeeded in the source manager command queue (1).
[2020.08.29-15.15.16:740][284]LogAudioMixer: Display: Flush succeeded the source manager command queue (2).
[2020.08.29-15.15.16:753][284]LogInit: Display: PreExit Game.
[2020.08.29-15.15.16:834][284]LogWorld: BeginTearingDown for /Game/Levels/MainMenu
[2020.08.29-15.15.16:835][284]LogWorld: UWorld::CleanupWorld for MainMenu, bSessionEnded=true, bCleanupResources=true
[2020.08.29-15.15.16:836][284]LogSlate: InvalidateAllWidgets triggered.  All widgets were invalidated
[2020.08.29-15.15.17:678][284]LogSlate: Window 'Myeou (64-bit Development PCD3D_ES31) ' being destroyed
[2020.08.29-15.15.17:679][284]LogWindowsTextInputMethodSystem: Display: IME system now deactivated.
[2020.08.29-15.15.17:712][284]LogExit: Preparing to exit.
[2020.08.29-15.15.17:892][284]LogMoviePlayer: Shutting down movie player
[2020.08.29-15.15.17:994][284]LogSlate: Updating window title bar state: overlay mode, drag disabled, window buttons hidden, title bar hidden
[2020.08.29-15.15.18:007][284]LogDemo: Cleaned up 0 splitscreen connections with owner deletion
[2020.08.29-15.15.18:021][284]LogExit: Game engine shut down
[2020.08.29-15.15.18:231][284]LogExit: Object subsystem successfully closed.
[2020.08.29-15.15.19:803][284]LogShaderCompilers: Display: Shaders left to compile 0
[2020.08.29-15.15.19:871][284]LogModuleManager: Shutting down and abandoning module SequenceRecorderSections (434)
[2020.08.29-15.15.19:871][284]LogModuleManager: Shutting down and abandoning module SequenceRecorder (432)
[2020.08.29-15.15.19:871][284]LogModuleManager: Shutting down and abandoning module AutomationController (430)
[2020.08.29-15.15.19:871][284]LogModuleManager: Shutting down and abandoning module AutomationWorker (428)
[2020.08.29-15.15.19:871][284]LogModuleManager: Shutting down and abandoning module Voice (426)
[2020.08.29-15.15.19:871][284]LogModuleManager: Shutting down and abandoning module AIModule (424)
[2020.08.29-15.15.19:871][284]LogModuleManager: Shutting down and abandoning module GameplayDebugger (423)
[2020.08.29-15.15.19:871][284]LogModuleManager: Shutting down and abandoning module AITestSuite (421)
[2020.08.29-15.15.19:871][284]LogModuleManager: Shutting down and abandoning module NavigationSystem (419)
[2020.08.29-15.15.19:871][284]LogModuleManager: Shutting down and abandoning module OculusMR (416)
[2020.08.29-15.15.19:872][284]LogModuleManager: Shutting down and abandoning module WmfMediaFactory (414)
[2020.08.29-15.15.19:872][284]LogModuleManager: Shutting down and abandoning module WebMMediaFactory (412)
[2020.08.29-15.15.19:872][284]LogModuleManager: Shutting down and abandoning module WebMMedia (410)
[2020.08.29-15.15.19:872][284]LogModuleManager: Shutting down and abandoning module OpenExrWrapper (408)
[2020.08.29-15.15.19:872][284]LogModuleManager: Shutting down and abandoning module ImgMediaFactory (406)
[2020.08.29-15.15.19:872][284]LogModuleManager: Shutting down and abandoning module AvfMediaFactory (404)
[2020.08.29-15.15.19:872][284]LogModuleManager: Shutting down and abandoning module MagicLeapMediaCodecFactory (402)
[2020.08.29-15.15.19:872][284]LogModuleManager: Shutting down and abandoning module MagicLeapMediaFactory (400)
[2020.08.29-15.15.19:872][284]LogModuleManager: Shutting down and abandoning module CharacterAI (398)
[2020.08.29-15.15.19:872][284]LogModuleManager: Shutting down and abandoning module SessionServices (396)
[2020.08.29-15.15.19:872][284]LogModuleManager: Shutting down and abandoning module MovieSceneCapture (394)
[2020.08.29-15.15.19:872][284]LogModuleManager: Shutting down and abandoning module LiveCoding (392)
[2020.08.29-15.15.19:873][284]LogModuleManager: Shutting down and abandoning module LevelSequence (390)
[2020.08.29-15.15.19:873][284]LogModuleManager: Shutting down and abandoning module MovieSceneTracks (388)
[2020.08.29-15.15.19:873][284]LogModuleManager: Shutting down and abandoning module MovieScene (386)
[2020.08.29-15.15.19:873][284]LogModuleManager: Shutting down and abandoning module StreamingPauseRendering (384)
[2020.08.29-15.15.19:873][284]LogModuleManager: Shutting down and abandoning module PortalServices (382)
[2020.08.29-15.15.19:873][284]LogModuleManager: Shutting down and abandoning module PortalRpc (380)
[2020.08.29-15.15.19:873][284]LogModuleManager: Shutting down and abandoning module MessagingRpc (378)
[2020.08.29-15.15.19:873][284]LogModuleManager: Shutting down and abandoning module AudioMixerXAudio2 (376)
[2020.08.29-15.15.19:873][284]LogModuleManager: Shutting down and abandoning module ImageWriteQueue (374)
[2020.08.29-15.15.19:878][284]LogModuleManager: Shutting down and abandoning module ProfilerService (372)
[2020.08.29-15.15.19:937][284]LogModuleManager: Shutting down and abandoning module TaskGraph (370)
[2020.08.29-15.15.19:937][284]LogModuleManager: Shutting down and abandoning module ProceduralMeshComponent (368)
[2020.08.29-15.15.19:937][284]LogModuleManager: Shutting down and abandoning module OculusInput (366)
[2020.08.29-15.15.19:937][284]LogModuleManager: Shutting down and abandoning module MobilePatchingUtils (364)
[2020.08.29-15.15.19:937][284]LogModuleManager: Shutting down and abandoning module EditableMesh (362)
[2020.08.29-15.15.19:938][284]LogModuleManager: Shutting down and abandoning module CustomMeshComponent (360)
[2020.08.29-15.15.19:938][284]LogModuleManager: Shutting down and abandoning module CableComponent (358)
[2020.08.29-15.15.19:938][284]LogModuleManager: Shutting down and abandoning module AudioCapture (356)
[2020.08.29-15.15.19:938][284]LogModuleManager: Shutting down and abandoning module AudioCaptureRtAudio (355)
[2020.08.29-15.15.19:938][284]LogModuleManager: Shutting down and abandoning module AssetTags (352)
[2020.08.29-15.15.19:938][284]LogModuleManager: Shutting down and abandoning module ArchVisCharacter (350)
[2020.08.29-15.15.19:938][284]LogModuleManager: Shutting down and abandoning module AppleImageUtilsBlueprintSupport (348)
[2020.08.29-15.15.19:938][284]LogModuleManager: Shutting down and abandoning module AppleImageUtils (346)
[2020.08.29-15.15.19:938][284]LogModuleManager: Shutting down and abandoning module AndroidPermission (344)
[2020.08.29-15.15.19:938][284]LogModuleManager: Shutting down and abandoning module NUTUnrealEngine4 (342)
[2020.08.29-15.15.19:938][284]LogModuleManager: Shutting down and abandoning module NetcodeUnitTest (340)
[2020.08.29-15.15.19:938][284]LogModuleManager: Shutting down and abandoning module MediaCompositing (338)
[2020.08.29-15.15.19:938][284]LogModuleManager: Shutting down and abandoning module ImgMedia (336)
[2020.08.29-15.15.19:939][284]LogModuleManager: Shutting down and abandoning module MagicLeapHelperVulkan (334)
[2020.08.29-15.15.19:939][284]LogModuleManager: Shutting down and abandoning module MagicLeapHelperOpenGL (332)
[2020.08.29-15.15.19:939][284]LogModuleManager: Shutting down and abandoning module MagicLeapAudio (330)
[2020.08.29-15.15.19:939][284]LogModuleManager: Shutting down and abandoning module GeometryCacheTracks (328)
[2020.08.29-15.15.19:939][284]LogModuleManager: Shutting down and abandoning module GeometryCacheSequencer (327)
[2020.08.29-15.15.19:939][284]LogModuleManager: Shutting down and abandoning module GeometryCache (324)
[2020.08.29-15.15.19:939][284]LogModuleManager: Shutting down and abandoning module GeometryCacheEd (323)
[2020.08.29-15.15.19:939][284]LogModuleManager: Shutting down and abandoning module BackChannel (320)
[2020.08.29-15.15.19:939][284]LogModuleManager: Shutting down and abandoning module AutomationUtils (318)
[2020.08.29-15.15.19:939][284]LogModuleManager: Shutting down and abandoning module VisualStudioSourceCodeAccess (316)
[2020.08.29-15.15.19:939][284]LogModuleManager: Shutting down and abandoning module HotReload (315)
[2020.08.29-15.15.19:940][284]LogModuleManager: Shutting down and abandoning module DirectoryWatcher (314)
[2020.08.29-15.15.19:940][284]LogModuleManager: Shutting down and abandoning module VisualStudioCodeSourceCodeAccess (310)
[2020.08.29-15.15.19:940][284]LogModuleManager: Shutting down and abandoning module UObjectPlugin (308)
[2020.08.29-15.15.19:940][284]LogModuleManager: Shutting down and abandoning module SubversionSourceControl (306)
[2020.08.29-15.15.19:940][284]LogModuleManager: Shutting down and abandoning module PerforceSourceControl (304)
[2020.08.29-15.15.19:940][284]LogModuleManager: Shutting down and abandoning module SourceControl (303)
[2020.08.29-15.15.19:940][284]LogModuleManager: Shutting down and abandoning module CLionSourceCodeAccess (300)
[2020.08.29-15.15.19:940][284]LogModuleManager: Shutting down and abandoning module ActorLayerUtilities (298)
[2020.08.29-15.15.19:941][284]LogModuleManager: Shutting down and abandoning module SignificanceManager (296)
[2020.08.29-15.15.19:941][284]LogModuleManager: Shutting down and abandoning module RuntimePhysXCooking (294)
[2020.08.29-15.15.19:941][284]LogModuleManager: Shutting down and abandoning module PhysXVehiclesEditor (292)
[2020.08.29-15.15.19:941][284]LogModuleManager: Shutting down and abandoning module LocationServicesBPLibrary (288)
[2020.08.29-15.15.19:941][284]LogModuleManager: Shutting down and abandoning module ActorSequence (286)
[2020.08.29-15.15.19:941][284]LogModuleManager: Shutting down and abandoning module UdpMessaging (284)
[2020.08.29-15.15.20:042][284]LogModuleManager: Shutting down and abandoning module TcpMessaging (282)
[2020.08.29-15.15.20:143][284]LogModuleManager: Shutting down and abandoning module MagicLeapPrivileges (280)
[2020.08.29-15.15.20:143][284]LogModuleManager: Shutting down and abandoning module MagicLeapPlanes (278)
[2020.08.29-15.15.20:143][284]LogMagicLeapPlanes: Planes tracker already destroyed.
[2020.08.29-15.15.20:143][284]LogModuleManager: Shutting down and abandoning module MagicLeapIdentity (276)
[2020.08.29-15.15.20:143][284]LogModuleManager: Shutting down and abandoning module MagicLeapSecureStorage (274)
[2020.08.29-15.15.20:143][284]LogModuleManager: Shutting down and abandoning module MagicLeapImageTracker (272)
[2020.08.29-15.15.20:143][284]LogModuleManager: Shutting down and abandoning module MagicLeapHandTracking (270)
[2020.08.29-15.15.20:143][284]LogModuleManager: Shutting down and abandoning module MagicLeapHandMeshing (268)
[2020.08.29-15.15.20:143][284]LogModuleManager: Shutting down and abandoning module MagicLeapEyeTracker (266)
[2020.08.29-15.15.20:143][284]LogModuleManager: Shutting down and abandoning module MagicLeapController (264)
[2020.08.29-15.15.20:143][284]LogSlate: Slate User Destroyed.  User Index 0, Is Virtual User: 0
[2020.08.29-15.15.20:143][284]LogModuleManager: Shutting down and abandoning module MagicLeapARPin (262)
[2020.08.29-15.15.20:144][284]LogModuleManager: Shutting down and abandoning module MagicLeapAR (260)
[2020.08.29-15.15.20:144][284]LogModuleManager: Shutting down and abandoning module AugmentedReality (259)
[2020.08.29-15.15.20:144][284]LogModuleManager: Shutting down and abandoning module GameplayTagsEditor (256)
[2020.08.29-15.15.20:144][284]LogModuleManager: Shutting down and abandoning module FacialAnimation (254)
[2020.08.29-15.15.20:144][284]LogModuleManager: Shutting down and abandoning module AssetManagerEditor (252)
[2020.08.29-15.15.20:144][284]LogModuleManager: Shutting down and abandoning module TreeMap (251)
[2020.08.29-15.15.20:144][284]LogModuleManager: Shutting down and abandoning module AnimationSharing (248)
[2020.08.29-15.15.20:144][284]LogModuleManager: Shutting down and abandoning module LightPropagationVolumeRuntime (246)
[2020.08.29-15.15.20:144][284]LogModuleManager: Shutting down and abandoning module Paper2D (244)
[2020.08.29-15.15.20:144][284]LogModuleManager: Shutting down and abandoning module WindowsMoviePlayer (242)
[2020.08.29-15.15.20:147][284]LogModuleManager: Shutting down and abandoning module WebMMoviePlayer (240)
[2020.08.29-15.15.20:148][284]LogModuleManager: Shutting down and abandoning module NetworkReplayStreaming (238)
[2020.08.29-15.15.20:148][284]LogModuleManager: Shutting down and abandoning module PacketHandler (236)
[2020.08.29-15.15.20:148][284]LogModuleManager: Shutting down and abandoning module ClothingSystemEditor (234)
[2020.08.29-15.15.20:148][284]LogModuleManager: Shutting down and abandoning module ClothingSystemRuntimeNv (232)
[2020.08.29-15.15.20:148][284]LogModuleManager: Shutting down and abandoning module MediaAssets (230)
[2020.08.29-15.15.20:148][284]LogModuleManager: Shutting down and abandoning module Overlay (228)
[2020.08.29-15.15.20:148][284]LogModuleManager: Shutting down and abandoning module OverlayEditor (227)
[2020.08.29-15.15.20:148][284]LogModuleManager: Shutting down and abandoning module VREditor (224)
[2020.08.29-15.15.20:148][284]LogModuleManager: Shutting down and abandoning module StringTableEditor (222)
[2020.08.29-15.15.20:148][284]LogModuleManager: Shutting down and abandoning module GameplayTasksEditor (220)
[2020.08.29-15.15.20:149][284]LogModuleManager: Shutting down and abandoning module BehaviorTreeEditor (218)
[2020.08.29-15.15.20:149][284]LogModuleManager: Shutting down and abandoning module FunctionalTesting (216)
[2020.08.29-15.15.20:149][284]LogModuleManager: Shutting down and abandoning module CollisionAnalyzer (214)
[2020.08.29-15.15.20:149][284]LogModuleManager: Shutting down and abandoning module WorkspaceMenuStructure (213)
[2020.08.29-15.15.20:149][284]LogModuleManager: Shutting down and abandoning module UMG (210)
[2020.08.29-15.15.20:149][284]LogModuleManager: Shutting down and abandoning module UMGEditor (209)
[2020.08.29-15.15.20:150][284]LogModuleManager: Shutting down and abandoning module Sequencer (208)
[2020.08.29-15.15.20:150][284]LogModuleManager: Shutting down and abandoning module MessageLog (205)
[2020.08.29-15.15.20:150][284]LogModuleManager: Shutting down and abandoning module SlateReflector (200)
[2020.08.29-15.15.20:150][284]LogModuleManager: Shutting down and abandoning module Slate (198)
[2020.08.29-15.15.20:150][284]LogModuleManager: Shutting down and abandoning module SlateCore (196)
[2020.08.29-15.15.20:150][284]LogModuleManager: Shutting down and abandoning module LandscapeEditorUtilities (194)
[2020.08.29-15.15.20:151][284]LogModuleManager: Shutting down and abandoning module EditorStyle (192)
[2020.08.29-15.15.20:153][284]LogModuleManager: Shutting down and abandoning module UnrealEd (190)
[2020.08.29-15.15.20:153][284]LogModuleManager: Shutting down and abandoning module MRMesh (188)
[2020.08.29-15.15.20:153][284]LogModuleManager: Shutting down and abandoning module Messaging (186)
[2020.08.29-15.15.20:153][284]LogModuleManager: Shutting down and abandoning module SourceCodeAccess (184)
[2020.08.29-15.15.20:153][284]LogModuleManager: Shutting down and abandoning module HeadMountedDisplay (182)
[2020.08.29-15.15.20:153][284]LogModuleManager: Shutting down and abandoning module XAudio2 (180)
[2020.08.29-15.15.20:153][284]LogModuleManager: Shutting down and abandoning module Networking (178)
[2020.08.29-15.15.20:154][284]LogModuleManager: Shutting down and abandoning module Core (176)
[2020.08.29-15.15.20:154][284]LogModuleManager: Shutting down and abandoning module MovieSceneTools (174)
[2020.08.29-15.15.20:154][284]LogModuleManager: Shutting down and abandoning module KismetCompiler (172)
[2020.08.29-15.15.20:154][284]LogModuleManager: Shutting down and abandoning module MeshUtilities (170)
[2020.08.29-15.15.20:154][284]LogModuleManager: Shutting down and abandoning module MeshMergeUtilities (169)
[2020.08.29-15.15.20:154][284]LogModuleManager: Shutting down and abandoning module MeshReductionInterface (168)
[2020.08.29-15.15.20:154][284]LogModuleManager: Shutting down and abandoning module MeshBoneReduction (167)
[2020.08.29-15.15.20:154][284]LogModuleManager: Shutting down and abandoning module SkeletalMeshReduction (165)
[2020.08.29-15.15.20:154][284]LogModuleManager: Shutting down and abandoning module ProxyLODMeshReduction (163)
[2020.08.29-15.15.20:154][284]LogModuleManager: Shutting down and abandoning module QuadricMeshReduction (161)
[2020.08.29-15.15.20:154][284]LogModuleManager: Shutting down and abandoning module MaterialBaking (157)
[2020.08.29-15.15.20:155][284]LogModuleManager: Shutting down and abandoning module NullInstallBundleManager (152)
[2020.08.29-15.15.20:155][284]LogModuleManager: Shutting down and abandoning module PIEPreviewDeviceProfileSelector (150)
[2020.08.29-15.15.20:155][284]LogModuleManager: Shutting down and abandoning module DerivedDataCache (148)
[2020.08.29-15.15.20:155][284]LogDerivedDataCache: Shutdown
[2020.08.29-15.15.20:155][284]LogModuleManager: Shutting down and abandoning module XGEController (146)
[2020.08.29-15.15.20:155][284]LogModuleManager: Shutting down and abandoning module TargetPlatform (144)
[2020.08.29-15.15.20:155][284]LogModuleManager: Shutting down and abandoning module VulkanShaderFormat (143)
[2020.08.29-15.15.20:155][284]LogModuleManager: Shutting down and abandoning module ShaderFormatVectorVM (141)
[2020.08.29-15.15.20:155][284]LogModuleManager: Shutting down and abandoning module ShaderFormatOpenGL (139)
[2020.08.29-15.15.20:155][284]LogModuleManager: Shutting down and abandoning module ShaderFormatD3D (137)
[2020.08.29-15.15.20:155][284]LogModuleManager: Shutting down and abandoning module MetalShaderFormat (135)
[2020.08.29-15.15.20:155][284]LogModuleManager: Shutting down and abandoning module TextureFormatUncompressed (133)
[2020.08.29-15.15.20:155][284]LogModuleManager: Shutting down and abandoning module TextureFormatPVR (131)
[2020.08.29-15.15.20:155][284]LogModuleManager: Shutting down and abandoning module TextureFormatDXT (129)
[2020.08.29-15.15.20:155][284]LogModuleManager: Shutting down and abandoning module TextureFormatIntelISPCTexComp (127)
[2020.08.29-15.15.20:156][284]LogModuleManager: Shutting down and abandoning module TextureFormatASTC (125)
[2020.08.29-15.15.20:156][284]LogModuleManager: Shutting down and abandoning module ImageWrapper (124)
[2020.08.29-15.15.20:156][284]LogModuleManager: Shutting down and abandoning module TextureFormatAndroid (121)
[2020.08.29-15.15.20:156][284]LogModuleManager: Shutting down and abandoning module AudioFormatOpus (119)
[2020.08.29-15.15.20:156][284]LogModuleManager: Shutting down and abandoning module AudioFormatOgg (117)
[2020.08.29-15.15.20:156][284]LogModuleManager: Shutting down and abandoning module AudioFormatADPCM (115)
[2020.08.29-15.15.20:156][284]LogModuleManager: Shutting down and abandoning module WindowsServerTargetPlatform (113)
[2020.08.29-15.15.20:156][284]LogModuleManager: Shutting down and abandoning module WindowsClientTargetPlatform (111)
[2020.08.29-15.15.20:156][284]LogModuleManager: Shutting down and abandoning module WindowsTargetPlatform (109)
[2020.08.29-15.15.20:156][284]LogModuleManager: Shutting down and abandoning module WindowsNoEditorTargetPlatform (107)
[2020.08.29-15.15.20:156][284]LogModuleManager: Shutting down and abandoning module InputCore (104)
[2020.08.29-15.15.20:156][284]LogModuleManager: Shutting down and abandoning module Settings (102)
[2020.08.29-15.15.20:156][284]LogModuleManager: Shutting down and abandoning module PhysXCooking (100)
[2020.08.29-15.15.20:157][284]LogModuleManager: Shutting down and abandoning module ChaosSolvers (98)
[2020.08.29-15.15.20:157][284]LogModuleManager: Shutting down and abandoning module FieldSystemEngine (97)
[2020.08.29-15.15.20:157][284]LogModuleManager: Shutting down and abandoning module Chaos (94)
[2020.08.29-15.15.20:157][284]LogModuleManager: Shutting down and abandoning module WindowsPlatformFeatures (92)
[2020.08.29-15.15.20:157][284]LogModuleManager: Shutting down and abandoning module GameplayMediaEncoder (91)
[2020.08.29-15.15.20:157][284]LogModuleManager: Shutting down and abandoning module SteamVRInputDevice (88)
[2020.08.29-15.15.20:157][284]LogModuleManager: Shutting down and abandoning module SteamVRInput (86)
[2020.08.29-15.15.20:157][284]LogModuleManager: Shutting down and abandoning module SteamVR (84)
[2020.08.29-15.15.20:157][284]LogHMD: Freeing OpenVRDLLHandle.
[2020.08.29-15.15.20:157][284]LogModuleManager: Shutting down and abandoning module OculusHMD (82)
[2020.08.29-15.15.20:157][284]LogModuleManager: Shutting down and abandoning module ExampleDeviceProfileSelector (80)
[2020.08.29-15.15.20:157][284]LogModuleManager: Shutting down and abandoning module LauncherChunkInstaller (78)
[2020.08.29-15.15.20:157][284]LogModuleManager: Shutting down and abandoning module OnlineBlueprintSupport (76)
[2020.08.29-15.15.20:157][284]LogModuleManager: Shutting down and abandoning module OnlineSubsystem (72)
[2020.08.29-15.15.20:158][284]LogModuleManager: Shutting down and abandoning module XMPP (67)
[2020.08.29-15.15.20:159][284]LogModuleManager: Shutting down and abandoning module WebSockets (66)
[2020.08.29-15.15.20:165][284]LogModuleManager: Shutting down and abandoning module HTTP (63)
[2020.08.29-15.15.20:196][284]LogModuleManager: Shutting down and abandoning module SSL (62)
[2020.08.29-15.15.20:200][284]LogModuleManager: Shutting down and abandoning module WmfMedia (58)
[2020.08.29-15.15.20:207][284]LogModuleManager: Shutting down and abandoning module Media (57)
[2020.08.29-15.15.20:208][284]LogModuleManager: Shutting down and abandoning module MagicLeap (54)
[2020.08.29-15.15.20:208][284]LogModuleManager: Shutting down and abandoning module VariantManagerContent (52)
[2020.08.29-15.15.20:208][284]LogModuleManager: Shutting down and abandoning module DatasmithContent (50)
[2020.08.29-15.15.20:210][284]LogModuleManager: Shutting down and abandoning module AISupportModule (48)
[2020.08.29-15.15.20:210][284]LogModuleManager: Shutting down and abandoning module DesktopPlatform (46)
[2020.08.29-15.15.20:210][284]LogModuleManager: Shutting down and abandoning module PlatformCryptoOpenSSL (44)
[2020.08.29-15.15.20:211][284]LogModuleManager: Shutting down and abandoning module PlatformCryptoTypes (42)
[2020.08.29-15.15.20:211][284]LogModuleManager: Shutting down and abandoning module PlatformCrypto (40)
[2020.08.29-15.15.20:211][284]LogModuleManager: Shutting down and abandoning module AnimationModifiers (38)
[2020.08.29-15.15.20:211][284]LogModuleManager: Shutting down and abandoning module PropertyEditor (37)
[2020.08.29-15.15.20:211][284]LogModuleManager: Shutting down and abandoning module AudioEditor (34)
[2020.08.29-15.15.20:211][284]LogModuleManager: Shutting down and abandoning module TextureCompressor (32)
[2020.08.29-15.15.20:211][284]LogModuleManager: Shutting down and abandoning module RenderCore (30)
[2020.08.29-15.15.20:211][284]LogModuleManager: Shutting down and abandoning module Landscape (28)
[2020.08.29-15.15.20:211][284]LogModuleManager: Shutting down and abandoning module SlateRHIRenderer (26)
[2020.08.29-15.15.20:213][284]LogModuleManager: Shutting down and abandoning module OpenGLDrv (24)
[2020.08.29-15.15.20:213][284]LogModuleManager: Shutting down and abandoning module D3D11RHI (22)
[2020.08.29-15.15.20:213][284]LogModuleManager: Shutting down and abandoning module AnimGraphRuntime (20)
[2020.08.29-15.15.20:213][284]LogModuleManager: Shutting down and abandoning module Renderer (18)
[2020.08.29-15.15.20:213][284]LogModuleManager: Shutting down and abandoning module Engine (16)
[2020.08.29-15.15.20:213][284]LogModuleManager: Shutting down and abandoning module CoreUObject (14)
[2020.08.29-15.15.20:214][284]LogModuleManager: Shutting down and abandoning module NetworkFile (12)
[2020.08.29-15.15.20:214][284]LogModuleManager: Shutting down and abandoning module CookedIterativeFile (10)
[2020.08.29-15.15.20:214][284]LogModuleManager: Shutting down and abandoning module StreamingFile (8)
[2020.08.29-15.15.20:214][284]LogModuleManager: Shutting down and abandoning module SandboxFile (6)
[2020.08.29-15.15.20:214][284]LogModuleManager: Shutting down and abandoning module PakFile (4)
[2020.08.29-15.15.20:214][284]LogModuleManager: Shutting down and abandoning module RSA (3)
[2020.08.29-15.15.20:222][284]LogD3D11RHI: Shutdown
[2020.08.29-15.15.20:222][284]LogD3D11RHI: CleanupD3DDevice
[2020.08.29-15.15.20:231][284]LogExit: Exiting.
[2020.08.29-15.15.20:462][284]Log file closed, 08/29/20 11:15:20
